ARM GAS  C:\Users\Malth\AppData\Local\Temp\cc59XsCZ.s 			page 1


   1              		.syntax unified
   2              		.cpu cortex-m3
   3              		.fpu softvfp
   4              		.eabi_attribute 20, 1
   5              		.eabi_attribute 21, 1
   6              		.eabi_attribute 23, 3
   7              		.eabi_attribute 24, 1
   8              		.eabi_attribute 25, 1
   9              		.eabi_attribute 26, 1
  10              		.eabi_attribute 30, 1
  11              		.eabi_attribute 34, 1
  12              		.eabi_attribute 18, 4
  13              		.thumb
  14              		.syntax unified
  15              		.file	"cymetadata.c"
  16              		.text
  17              	.Ltext0:
  18              		.cfi_sections	.debug_frame
  19              		.global	cy_metadata
  20              		.global	cy_meta_flashprotect
  21              		.global	cy_meta_wonvl
  22              		.global	cy_meta_custnvl
  23              		.global	cy_meta_configecc
  24              		.section	.cyconfigecc,"a",%progbits
  25              		.align	2
  26              		.type	cy_meta_configecc, %object
  27              		.size	cy_meta_configecc, 2444
  28              	cy_meta_configecc:
  29 0000 05       		.byte	5
  30 0001 64       		.byte	100
  31 0002 00       		.byte	0
  32 0003 40       		.byte	64
  33 0004 02       		.byte	2
  34 0005 65       		.byte	101
  35 0006 00       		.byte	0
  36 0007 40       		.byte	64
  37 0008 4D       		.byte	77
  38 0009 00       		.byte	0
  39 000a 01       		.byte	1
  40 000b 40       		.byte	64
  41 000c 29       		.byte	41
  42 000d 01       		.byte	1
  43 000e 01       		.byte	1
  44 000f 40       		.byte	64
  45 0010 56       		.byte	86
  46 0011 02       		.byte	2
  47 0012 01       		.byte	1
  48 0013 40       		.byte	64
  49 0014 4B       		.byte	75
  50 0015 03       		.byte	3
  51 0016 01       		.byte	1
  52 0017 40       		.byte	64
  53 0018 43       		.byte	67
  54 0019 04       		.byte	4
  55 001a 01       		.byte	1
  56 001b 40       		.byte	64
  57 001c 46       		.byte	70
ARM GAS  C:\Users\Malth\AppData\Local\Temp\cc59XsCZ.s 			page 2


  58 001d 05       		.byte	5
  59 001e 01       		.byte	1
  60 001f 40       		.byte	64
  61 0020 5A       		.byte	90
  62 0021 06       		.byte	6
  63 0022 01       		.byte	1
  64 0023 40       		.byte	64
  65 0024 4D       		.byte	77
  66 0025 07       		.byte	7
  67 0026 01       		.byte	1
  68 0027 40       		.byte	64
  69 0028 09       		.byte	9
  70 0029 09       		.byte	9
  71 002a 01       		.byte	1
  72 002b 40       		.byte	64
  73 002c 0C       		.byte	12
  74 002d 0B       		.byte	11
  75 002e 01       		.byte	1
  76 002f 40       		.byte	64
  77 0030 58       		.byte	88
  78 0031 0C       		.byte	12
  79 0032 01       		.byte	1
  80 0033 40       		.byte	64
  81 0034 2C       		.byte	44
  82 0035 0D       		.byte	13
  83 0036 01       		.byte	1
  84 0037 40       		.byte	64
  85 0038 67       		.byte	103
  86 0039 14       		.byte	20
  87 003a 01       		.byte	1
  88 003b 40       		.byte	64
  89 003c 54       		.byte	84
  90 003d 15       		.byte	21
  91 003e 01       		.byte	1
  92 003f 40       		.byte	64
  93 0040 4E       		.byte	78
  94 0041 16       		.byte	22
  95 0042 01       		.byte	1
  96 0043 40       		.byte	64
  97 0044 4A       		.byte	74
  98 0045 17       		.byte	23
  99 0046 01       		.byte	1
 100 0047 40       		.byte	64
 101 0048 09       		.byte	9
 102 0049 19       		.byte	25
 103 004a 01       		.byte	1
 104 004b 40       		.byte	64
 105 004c 09       		.byte	9
 106 004d 1B       		.byte	27
 107 004e 01       		.byte	1
 108 004f 40       		.byte	64
 109 0050 03       		.byte	3
 110 0051 40       		.byte	64
 111 0052 01       		.byte	1
 112 0053 40       		.byte	64
 113 0054 02       		.byte	2
 114 0055 41       		.byte	65
ARM GAS  C:\Users\Malth\AppData\Local\Temp\cc59XsCZ.s 			page 3


 115 0056 01       		.byte	1
 116 0057 40       		.byte	64
 117 0058 06       		.byte	6
 118 0059 42       		.byte	66
 119 005a 01       		.byte	1
 120 005b 40       		.byte	64
 121 005c 07       		.byte	7
 122 005d 43       		.byte	67
 123 005e 01       		.byte	1
 124 005f 40       		.byte	64
 125 0060 02       		.byte	2
 126 0061 45       		.byte	69
 127 0062 01       		.byte	1
 128 0063 40       		.byte	64
 129 0064 02       		.byte	2
 130 0065 46       		.byte	70
 131 0066 01       		.byte	1
 132 0067 40       		.byte	64
 133 0068 06       		.byte	6
 134 0069 49       		.byte	73
 135 006a 01       		.byte	1
 136 006b 40       		.byte	64
 137 006c 08       		.byte	8
 138 006d 4D       		.byte	77
 139 006e 01       		.byte	1
 140 006f 40       		.byte	64
 141 0070 06       		.byte	6
 142 0071 50       		.byte	80
 143 0072 01       		.byte	1
 144 0073 40       		.byte	64
 145 0074 01       		.byte	1
 146 0075 51       		.byte	81
 147 0076 01       		.byte	1
 148 0077 40       		.byte	64
 149 0078 23       		.byte	35
 150 0079 0F       		.byte	15
 151 007a 27       		.byte	39
 152 007b 04       		.byte	4
 153 007c 33       		.byte	51
 154 007d 08       		.byte	8
 155 007e 86       		.byte	-122
 156 007f 38       		.byte	56
 157 0080 8D       		.byte	-115
 158 0081 0D       		.byte	13
 159 0082 84       		.byte	-124
 160 0083 0F       		.byte	15
 161 0084 86       		.byte	-122
 162 0085 72       		.byte	114
 163 0086 00       		.byte	0
 164 0087 05       		.byte	5
 165 0088 01       		.byte	1
 166 0089 40       		.byte	64
 167 008a 02       		.byte	2
 168 008b 0A       		.byte	10
 169 008c 03       		.byte	3
 170 008d 14       		.byte	20
 171 008e 05       		.byte	5
ARM GAS  C:\Users\Malth\AppData\Local\Temp\cc59XsCZ.s 			page 4


 172 008f 01       		.byte	1
 173 0090 06       		.byte	6
 174 0091 10       		.byte	16
 175 0092 09       		.byte	9
 176 0093 01       		.byte	1
 177 0094 0A       		.byte	10
 178 0095 40       		.byte	64
 179 0096 0D       		.byte	13
 180 0097 90       		.byte	-112
 181 0098 0E       		.byte	14
 182 0099 82       		.byte	-126
 183 009a 0F       		.byte	15
 184 009b 0B       		.byte	11
 185 009c 10       		.byte	16
 186 009d EF       		.byte	-17
 187 009e 11       		.byte	17
 188 009f 48       		.byte	72
 189 00a0 13       		.byte	19
 190 00a1 02       		.byte	2
 191 00a2 14       		.byte	20
 192 00a3 E0       		.byte	-32
 193 00a4 15       		.byte	21
 194 00a5 40       		.byte	64
 195 00a6 17       		.byte	23
 196 00a7 0B       		.byte	11
 197 00a8 18       		.byte	24
 198 00a9 01       		.byte	1
 199 00aa 1A       		.byte	26
 200 00ab 02       		.byte	2
 201 00ac 1B       		.byte	27
 202 00ad 01       		.byte	1
 203 00ae 1C       		.byte	28
 204 00af 81       		.byte	-127
 205 00b0 1D       		.byte	29
 206 00b1 4F       		.byte	79
 207 00b2 1E       		.byte	30
 208 00b3 04       		.byte	4
 209 00b4 20       		.byte	32
 210 00b5 86       		.byte	-122
 211 00b6 21       		.byte	33
 212 00b7 1F       		.byte	31
 213 00b8 24       		.byte	36
 214 00b9 01       		.byte	1
 215 00ba 25       		.byte	37
 216 00bb 03       		.byte	3
 217 00bc 26       		.byte	38
 218 00bd 82       		.byte	-126
 219 00be 27       		.byte	39
 220 00bf 20       		.byte	32
 221 00c0 28       		.byte	40
 222 00c1 08       		.byte	8
 223 00c2 29       		.byte	41
 224 00c3 42       		.byte	66
 225 00c4 2A       		.byte	42
 226 00c5 05       		.byte	5
 227 00c6 2B       		.byte	43
 228 00c7 09       		.byte	9
ARM GAS  C:\Users\Malth\AppData\Local\Temp\cc59XsCZ.s 			page 5


 229 00c8 2D       		.byte	45
 230 00c9 03       		.byte	3
 231 00ca 2E       		.byte	46
 232 00cb 20       		.byte	32
 233 00cc 30       		.byte	48
 234 00cd 20       		.byte	32
 235 00ce 31       		.byte	49
 236 00cf 1F       		.byte	31
 237 00d0 32       		.byte	50
 238 00d1 C0       		.byte	-64
 239 00d2 33       		.byte	51
 240 00d3 E0       		.byte	-32
 241 00d4 34       		.byte	52
 242 00d5 1F       		.byte	31
 243 00d6 37       		.byte	55
 244 00d7 40       		.byte	64
 245 00d8 39       		.byte	57
 246 00d9 88       		.byte	-120
 247 00da 3F       		.byte	63
 248 00db 44       		.byte	68
 249 00dc 58       		.byte	88
 250 00dd 04       		.byte	4
 251 00de 59       		.byte	89
 252 00df 04       		.byte	4
 253 00e0 5F       		.byte	95
 254 00e1 01       		.byte	1
 255 00e2 80       		.byte	-128
 256 00e3 05       		.byte	5
 257 00e4 81       		.byte	-127
 258 00e5 01       		.byte	1
 259 00e6 82       		.byte	-126
 260 00e7 78       		.byte	120
 261 00e8 84       		.byte	-124
 262 00e9 01       		.byte	1
 263 00ea 88       		.byte	-120
 264 00eb 01       		.byte	1
 265 00ec 89       		.byte	-119
 266 00ed 01       		.byte	1
 267 00ee 8C       		.byte	-116
 268 00ef 08       		.byte	8
 269 00f0 8D       		.byte	-115
 270 00f1 01       		.byte	1
 271 00f2 8E       		.byte	-114
 272 00f3 07       		.byte	7
 273 00f4 90       		.byte	-112
 274 00f5 7F       		.byte	127
 275 00f6 91       		.byte	-111
 276 00f7 01       		.byte	1
 277 00f8 94       		.byte	-108
 278 00f9 22       		.byte	34
 279 00fa 95       		.byte	-107
 280 00fb 01       		.byte	1
 281 00fc 96       		.byte	-106
 282 00fd 05       		.byte	5
 283 00fe 98       		.byte	-104
 284 00ff 01       		.byte	1
 285 0100 9C       		.byte	-100
ARM GAS  C:\Users\Malth\AppData\Local\Temp\cc59XsCZ.s 			page 6


 286 0101 03       		.byte	3
 287 0102 9F       		.byte	-97
 288 0103 01       		.byte	1
 289 0104 A0       		.byte	-96
 290 0105 40       		.byte	64
 291 0106 A2       		.byte	-94
 292 0107 07       		.byte	7
 293 0108 A4       		.byte	-92
 294 0109 10       		.byte	16
 295 010a A6       		.byte	-90
 296 010b 07       		.byte	7
 297 010c A7       		.byte	-89
 298 010d 02       		.byte	2
 299 010e A8       		.byte	-88
 300 010f 03       		.byte	3
 301 0110 AC       		.byte	-84
 302 0111 3A       		.byte	58
 303 0112 AE       		.byte	-82
 304 0113 04       		.byte	4
 305 0114 B1       		.byte	-79
 306 0115 03       		.byte	3
 307 0116 B4       		.byte	-76
 308 0117 7F       		.byte	127
 309 0118 BE       		.byte	-66
 310 0119 10       		.byte	16
 311 011a D8       		.byte	-40
 312 011b 04       		.byte	4
 313 011c D9       		.byte	-39
 314 011d 04       		.byte	4
 315 011e DF       		.byte	-33
 316 011f 01       		.byte	1
 317 0120 00       		.byte	0
 318 0121 0A       		.byte	10
 319 0122 01       		.byte	1
 320 0123 20       		.byte	32
 321 0124 03       		.byte	3
 322 0125 09       		.byte	9
 323 0126 04       		.byte	4
 324 0127 28       		.byte	40
 325 0128 07       		.byte	7
 326 0129 41       		.byte	65
 327 012a 08       		.byte	8
 328 012b 20       		.byte	32
 329 012c 09       		.byte	9
 330 012d 08       		.byte	8
 331 012e 0A       		.byte	10
 332 012f 42       		.byte	66
 333 0130 0C       		.byte	12
 334 0131 20       		.byte	32
 335 0132 0E       		.byte	14
 336 0133 60       		.byte	96
 337 0134 0F       		.byte	15
 338 0135 A2       		.byte	-94
 339 0136 10       		.byte	16
 340 0137 19       		.byte	25
 341 0138 11       		.byte	17
 342 0139 02       		.byte	2
ARM GAS  C:\Users\Malth\AppData\Local\Temp\cc59XsCZ.s 			page 7


 343 013a 14       		.byte	20
 344 013b 10       		.byte	16
 345 013c 16       		.byte	22
 346 013d 85       		.byte	-123
 347 013e 17       		.byte	23
 348 013f 04       		.byte	4
 349 0140 1B       		.byte	27
 350 0141 19       		.byte	25
 351 0142 1F       		.byte	31
 352 0143 10       		.byte	16
 353 0144 21       		.byte	33
 354 0145 09       		.byte	9
 355 0146 22       		.byte	34
 356 0147 81       		.byte	-127
 357 0148 25       		.byte	37
 358 0149 01       		.byte	1
 359 014a 27       		.byte	39
 360 014b 40       		.byte	64
 361 014c 28       		.byte	40
 362 014d 21       		.byte	33
 363 014e 2A       		.byte	42
 364 014f 24       		.byte	36
 365 0150 2B       		.byte	43
 366 0151 41       		.byte	65
 367 0152 2F       		.byte	47
 368 0153 10       		.byte	16
 369 0154 30       		.byte	48
 370 0155 20       		.byte	32
 371 0156 31       		.byte	49
 372 0157 02       		.byte	2
 373 0158 33       		.byte	51
 374 0159 45       		.byte	69
 375 015a 37       		.byte	55
 376 015b 45       		.byte	69
 377 015c 38       		.byte	56
 378 015d 28       		.byte	40
 379 015e 39       		.byte	57
 380 015f 02       		.byte	2
 381 0160 3A       		.byte	58
 382 0161 81       		.byte	-127
 383 0162 3E       		.byte	62
 384 0163 22       		.byte	34
 385 0164 3F       		.byte	63
 386 0165 A0       		.byte	-96
 387 0166 C0       		.byte	-64
 388 0167 FF       		.byte	-1
 389 0168 C2       		.byte	-62
 390 0169 FF       		.byte	-1
 391 016a C4       		.byte	-60
 392 016b FF       		.byte	-1
 393 016c CA       		.byte	-54
 394 016d 4F       		.byte	79
 395 016e CC       		.byte	-52
 396 016f DF       		.byte	-33
 397 0170 CE       		.byte	-50
 398 0171 BF       		.byte	-65
 399 0172 00       		.byte	0
ARM GAS  C:\Users\Malth\AppData\Local\Temp\cc59XsCZ.s 			page 8


 400 0173 50       		.byte	80
 401 0174 02       		.byte	2
 402 0175 01       		.byte	1
 403 0176 04       		.byte	4
 404 0177 80       		.byte	-128
 405 0178 08       		.byte	8
 406 0179 40       		.byte	64
 407 017a 09       		.byte	9
 408 017b 2A       		.byte	42
 409 017c 0A       		.byte	10
 410 017d 18       		.byte	24
 411 017e 0B       		.byte	11
 412 017f 54       		.byte	84
 413 0180 0C       		.byte	12
 414 0181 3F       		.byte	63
 415 0182 0D       		.byte	13
 416 0183 0E       		.byte	14
 417 0184 0F       		.byte	15
 418 0185 30       		.byte	48
 419 0186 10       		.byte	16
 420 0187 40       		.byte	64
 421 0188 11       		.byte	17
 422 0189 40       		.byte	64
 423 018a 12       		.byte	18
 424 018b 14       		.byte	20
 425 018c 13       		.byte	19
 426 018d 13       		.byte	19
 427 018e 14       		.byte	20
 428 018f 40       		.byte	64
 429 0190 15       		.byte	21
 430 0191 46       		.byte	70
 431 0192 16       		.byte	22
 432 0193 08       		.byte	8
 433 0194 17       		.byte	23
 434 0195 A9       		.byte	-87
 435 0196 18       		.byte	24
 436 0197 04       		.byte	4
 437 0198 19       		.byte	25
 438 0199 80       		.byte	-128
 439 019a 1A       		.byte	26
 440 019b 08       		.byte	8
 441 019c 1B       		.byte	27
 442 019d 56       		.byte	86
 443 019e 1C       		.byte	28
 444 019f 50       		.byte	80
 445 01a0 1D       		.byte	29
 446 01a1 FF       		.byte	-1
 447 01a2 1E       		.byte	30
 448 01a3 02       		.byte	2
 449 01a4 20       		.byte	32
 450 01a5 0F       		.byte	15
 451 01a6 21       		.byte	33
 452 01a7 33       		.byte	51
 453 01a8 23       		.byte	35
 454 01a9 0C       		.byte	12
 455 01aa 26       		.byte	38
 456 01ab 20       		.byte	32
ARM GAS  C:\Users\Malth\AppData\Local\Temp\cc59XsCZ.s 			page 9


 457 01ac 2A       		.byte	42
 458 01ad 40       		.byte	64
 459 01ae 2B       		.byte	43
 460 01af 01       		.byte	1
 461 01b0 32       		.byte	50
 462 01b1 3F       		.byte	63
 463 01b2 35       		.byte	53
 464 01b3 FF       		.byte	-1
 465 01b4 36       		.byte	54
 466 01b5 C0       		.byte	-64
 467 01b6 38       		.byte	56
 468 01b7 88       		.byte	-120
 469 01b8 3E       		.byte	62
 470 01b9 40       		.byte	64
 471 01ba 58       		.byte	88
 472 01bb 04       		.byte	4
 473 01bc 59       		.byte	89
 474 01bd 04       		.byte	4
 475 01be 5F       		.byte	95
 476 01bf 01       		.byte	1
 477 01c0 80       		.byte	-128
 478 01c1 02       		.byte	2
 479 01c2 82       		.byte	-126
 480 01c3 04       		.byte	4
 481 01c4 86       		.byte	-122
 482 01c5 10       		.byte	16
 483 01c6 88       		.byte	-120
 484 01c7 01       		.byte	1
 485 01c8 89       		.byte	-119
 486 01c9 03       		.byte	3
 487 01ca 8C       		.byte	-116
 488 01cb 08       		.byte	8
 489 01cc 94       		.byte	-108
 490 01cd 01       		.byte	1
 491 01ce 95       		.byte	-107
 492 01cf 03       		.byte	3
 493 01d0 9C       		.byte	-100
 494 01d1 02       		.byte	2
 495 01d2 9E       		.byte	-98
 496 01d3 04       		.byte	4
 497 01d4 A4       		.byte	-92
 498 01d5 08       		.byte	8
 499 01d6 A8       		.byte	-88
 500 01d7 20       		.byte	32
 501 01d8 AD       		.byte	-83
 502 01d9 01       		.byte	1
 503 01da B0       		.byte	-80
 504 01db 10       		.byte	16
 505 01dc B1       		.byte	-79
 506 01dd 02       		.byte	2
 507 01de B2       		.byte	-78
 508 01df 08       		.byte	8
 509 01e0 B4       		.byte	-76
 510 01e1 07       		.byte	7
 511 01e2 B5       		.byte	-75
 512 01e3 01       		.byte	1
 513 01e4 B6       		.byte	-74
ARM GAS  C:\Users\Malth\AppData\Local\Temp\cc59XsCZ.s 			page 10


 514 01e5 20       		.byte	32
 515 01e6 B8       		.byte	-72
 516 01e7 28       		.byte	40
 517 01e8 B9       		.byte	-71
 518 01e9 22       		.byte	34
 519 01ea BE       		.byte	-66
 520 01eb 10       		.byte	16
 521 01ec BF       		.byte	-65
 522 01ed 01       		.byte	1
 523 01ee C0       		.byte	-64
 524 01ef 51       		.byte	81
 525 01f0 C6       		.byte	-58
 526 01f1 25       		.byte	37
 527 01f2 C8       		.byte	-56
 528 01f3 0C       		.byte	12
 529 01f4 C9       		.byte	-55
 530 01f5 FF       		.byte	-1
 531 01f6 CA       		.byte	-54
 532 01f7 FF       		.byte	-1
 533 01f8 CB       		.byte	-53
 534 01f9 FF       		.byte	-1
 535 01fa CC       		.byte	-52
 536 01fb 42       		.byte	66
 537 01fc CD       		.byte	-51
 538 01fd A0       		.byte	-96
 539 01fe CE       		.byte	-50
 540 01ff 70       		.byte	112
 541 0200 D0       		.byte	-48
 542 0201 08       		.byte	8
 543 0202 D1       		.byte	-47
 544 0203 10       		.byte	16
 545 0204 D2       		.byte	-46
 546 0205 F6       		.byte	-10
 547 0206 D8       		.byte	-40
 548 0207 04       		.byte	4
 549 0208 D9       		.byte	-39
 550 0209 04       		.byte	4
 551 020a DA       		.byte	-38
 552 020b 04       		.byte	4
 553 020c DB       		.byte	-37
 554 020d 04       		.byte	4
 555 020e DF       		.byte	-33
 556 020f 01       		.byte	1
 557 0210 E1       		.byte	-31
 558 0211 48       		.byte	72
 559 0212 E2       		.byte	-30
 560 0213 40       		.byte	64
 561 0214 E3       		.byte	-29
 562 0215 48       		.byte	72
 563 0216 E4       		.byte	-28
 564 0217 80       		.byte	-128
 565 0218 E5       		.byte	-27
 566 0219 48       		.byte	72
 567 021a E6       		.byte	-26
 568 021b 80       		.byte	-128
 569 021c E7       		.byte	-25
 570 021d 48       		.byte	72
ARM GAS  C:\Users\Malth\AppData\Local\Temp\cc59XsCZ.s 			page 11


 571 021e 00       		.byte	0
 572 021f 20       		.byte	32
 573 0220 01       		.byte	1
 574 0221 88       		.byte	-120
 575 0222 02       		.byte	2
 576 0223 08       		.byte	8
 577 0224 03       		.byte	3
 578 0225 40       		.byte	64
 579 0226 04       		.byte	4
 580 0227 04       		.byte	4
 581 0228 05       		.byte	5
 582 0229 80       		.byte	-128
 583 022a 06       		.byte	6
 584 022b 80       		.byte	-128
 585 022c 07       		.byte	7
 586 022d 44       		.byte	68
 587 022e 08       		.byte	8
 588 022f 40       		.byte	64
 589 0230 0A       		.byte	10
 590 0231 02       		.byte	2
 591 0232 0B       		.byte	11
 592 0233 20       		.byte	32
 593 0234 0C       		.byte	12
 594 0235 40       		.byte	64
 595 0236 0D       		.byte	13
 596 0237 12       		.byte	18
 597 0238 0F       		.byte	15
 598 0239 20       		.byte	32
 599 023a 10       		.byte	16
 600 023b 08       		.byte	8
 601 023c 12       		.byte	18
 602 023d 20       		.byte	32
 603 023e 16       		.byte	22
 604 023f 44       		.byte	68
 605 0240 17       		.byte	23
 606 0241 08       		.byte	8
 607 0242 18       		.byte	24
 608 0243 80       		.byte	-128
 609 0244 19       		.byte	25
 610 0245 A4       		.byte	-92
 611 0246 1B       		.byte	27
 612 0247 40       		.byte	64
 613 0248 1E       		.byte	30
 614 0249 20       		.byte	32
 615 024a 1F       		.byte	31
 616 024b 80       		.byte	-128
 617 024c 21       		.byte	33
 618 024d 10       		.byte	16
 619 024e 22       		.byte	34
 620 024f 22       		.byte	34
 621 0250 27       		.byte	39
 622 0251 04       		.byte	4
 623 0252 28       		.byte	40
 624 0253 10       		.byte	16
 625 0254 29       		.byte	41
 626 0255 84       		.byte	-124
 627 0256 2C       		.byte	44
ARM GAS  C:\Users\Malth\AppData\Local\Temp\cc59XsCZ.s 			page 12


 628 0257 40       		.byte	64
 629 0258 2F       		.byte	47
 630 0259 08       		.byte	8
 631 025a 32       		.byte	50
 632 025b 08       		.byte	8
 633 025c 35       		.byte	53
 634 025d 81       		.byte	-127
 635 025e 36       		.byte	54
 636 025f 20       		.byte	32
 637 0260 37       		.byte	55
 638 0261 04       		.byte	4
 639 0262 3B       		.byte	59
 640 0263 20       		.byte	32
 641 0264 3E       		.byte	62
 642 0265 80       		.byte	-128
 643 0266 3F       		.byte	63
 644 0267 20       		.byte	32
 645 0268 43       		.byte	67
 646 0269 80       		.byte	-128
 647 026a 4A       		.byte	74
 648 026b 02       		.byte	2
 649 026c 52       		.byte	82
 650 026d 40       		.byte	64
 651 026e 53       		.byte	83
 652 026f 10       		.byte	16
 653 0270 68       		.byte	104
 654 0271 28       		.byte	40
 655 0272 70       		.byte	112
 656 0273 14       		.byte	20
 657 0274 72       		.byte	114
 658 0275 02       		.byte	2
 659 0276 73       		.byte	115
 660 0277 44       		.byte	68
 661 0278 82       		.byte	-126
 662 0279 12       		.byte	18
 663 027a 84       		.byte	-124
 664 027b 10       		.byte	16
 665 027c 87       		.byte	-121
 666 027d 08       		.byte	8
 667 027e 91       		.byte	-111
 668 027f 02       		.byte	2
 669 0280 92       		.byte	-110
 670 0281 82       		.byte	-126
 671 0282 94       		.byte	-108
 672 0283 28       		.byte	40
 673 0284 95       		.byte	-107
 674 0285 20       		.byte	32
 675 0286 9A       		.byte	-102
 676 0287 20       		.byte	32
 677 0288 9B       		.byte	-101
 678 0289 40       		.byte	64
 679 028a 9E       		.byte	-98
 680 028b 06       		.byte	6
 681 028c 9F       		.byte	-97
 682 028d 04       		.byte	4
 683 028e A1       		.byte	-95
 684 028f 08       		.byte	8
ARM GAS  C:\Users\Malth\AppData\Local\Temp\cc59XsCZ.s 			page 13


 685 0290 A2       		.byte	-94
 686 0291 80       		.byte	-128
 687 0292 A3       		.byte	-93
 688 0293 11       		.byte	17
 689 0294 A4       		.byte	-92
 690 0295 24       		.byte	36
 691 0296 A5       		.byte	-91
 692 0297 02       		.byte	2
 693 0298 A7       		.byte	-89
 694 0299 40       		.byte	64
 695 029a A9       		.byte	-87
 696 029b 20       		.byte	32
 697 029c AA       		.byte	-86
 698 029d 40       		.byte	64
 699 029e AC       		.byte	-84
 700 029f 09       		.byte	9
 701 02a0 AD       		.byte	-83
 702 02a1 10       		.byte	16
 703 02a2 AE       		.byte	-82
 704 02a3 90       		.byte	-112
 705 02a4 C0       		.byte	-64
 706 02a5 FF       		.byte	-1
 707 02a6 C2       		.byte	-62
 708 02a7 F5       		.byte	-11
 709 02a8 C4       		.byte	-60
 710 02a9 76       		.byte	118
 711 02aa CA       		.byte	-54
 712 02ab A8       		.byte	-88
 713 02ac CC       		.byte	-52
 714 02ad F2       		.byte	-14
 715 02ae CE       		.byte	-50
 716 02af 34       		.byte	52
 717 02b0 D0       		.byte	-48
 718 02b1 08       		.byte	8
 719 02b2 D2       		.byte	-46
 720 02b3 08       		.byte	8
 721 02b4 01       		.byte	1
 722 02b5 A9       		.byte	-87
 723 02b6 03       		.byte	3
 724 02b7 54       		.byte	84
 725 02b8 07       		.byte	7
 726 02b9 02       		.byte	2
 727 02ba 09       		.byte	9
 728 02bb 04       		.byte	4
 729 02bc 0E       		.byte	14
 730 02bd 01       		.byte	1
 731 02be 0F       		.byte	15
 732 02bf 01       		.byte	1
 733 02c0 11       		.byte	17
 734 02c1 4D       		.byte	77
 735 02c2 13       		.byte	19
 736 02c3 92       		.byte	-110
 737 02c4 15       		.byte	21
 738 02c5 CC       		.byte	-52
 739 02c6 17       		.byte	23
 740 02c7 13       		.byte	19
 741 02c8 1B       		.byte	27
ARM GAS  C:\Users\Malth\AppData\Local\Temp\cc59XsCZ.s 			page 14


 742 02c9 04       		.byte	4
 743 02ca 1D       		.byte	29
 744 02cb 1A       		.byte	26
 745 02cc 1F       		.byte	31
 746 02cd 60       		.byte	96
 747 02ce 21       		.byte	33
 748 02cf FF       		.byte	-1
 749 02d0 25       		.byte	37
 750 02d1 A5       		.byte	-91
 751 02d2 27       		.byte	39
 752 02d3 4A       		.byte	74
 753 02d4 2B       		.byte	43
 754 02d5 B5       		.byte	-75
 755 02d6 2D       		.byte	45
 756 02d7 02       		.byte	2
 757 02d8 30       		.byte	48
 758 02d9 01       		.byte	1
 759 02da 35       		.byte	53
 760 02db FF       		.byte	-1
 761 02dc 3F       		.byte	63
 762 02dd 10       		.byte	16
 763 02de 54       		.byte	84
 764 02df 20       		.byte	32
 765 02e0 56       		.byte	86
 766 02e1 04       		.byte	4
 767 02e2 58       		.byte	88
 768 02e3 04       		.byte	4
 769 02e4 59       		.byte	89
 770 02e5 04       		.byte	4
 771 02e6 5B       		.byte	91
 772 02e7 04       		.byte	4
 773 02e8 5F       		.byte	95
 774 02e9 01       		.byte	1
 775 02ea 81       		.byte	-127
 776 02eb 01       		.byte	1
 777 02ec 82       		.byte	-126
 778 02ed 09       		.byte	9
 779 02ee 84       		.byte	-124
 780 02ef 78       		.byte	120
 781 02f0 85       		.byte	-123
 782 02f1 01       		.byte	1
 783 02f2 89       		.byte	-119
 784 02f3 04       		.byte	4
 785 02f4 8A       		.byte	-118
 786 02f5 40       		.byte	64
 787 02f6 8B       		.byte	-117
 788 02f7 E0       		.byte	-32
 789 02f8 8D       		.byte	-115
 790 02f9 E2       		.byte	-30
 791 02fa 8E       		.byte	-114
 792 02fb 78       		.byte	120
 793 02fc 91       		.byte	-111
 794 02fd 40       		.byte	64
 795 02fe 92       		.byte	-110
 796 02ff 23       		.byte	35
 797 0300 93       		.byte	-109
 798 0301 1D       		.byte	29
ARM GAS  C:\Users\Malth\AppData\Local\Temp\cc59XsCZ.s 			page 15


 799 0302 95       		.byte	-107
 800 0303 92       		.byte	-110
 801 0304 96       		.byte	-106
 802 0305 78       		.byte	120
 803 0306 97       		.byte	-105
 804 0307 60       		.byte	96
 805 0308 9A       		.byte	-102
 806 0309 04       		.byte	4
 807 030a 9B       		.byte	-101
 808 030b 02       		.byte	2
 809 030c 9D       		.byte	-99
 810 030d 3D       		.byte	61
 811 030e 9F       		.byte	-97
 812 030f C2       		.byte	-62
 813 0310 A1       		.byte	-95
 814 0311 5D       		.byte	93
 815 0312 A2       		.byte	-94
 816 0313 11       		.byte	17
 817 0314 A3       		.byte	-93
 818 0315 A2       		.byte	-94
 819 0316 A6       		.byte	-90
 820 0317 40       		.byte	64
 821 0318 A7       		.byte	-89
 822 0319 FF       		.byte	-1
 823 031a A8       		.byte	-88
 824 031b 78       		.byte	120
 825 031c A9       		.byte	-87
 826 031d 0D       		.byte	13
 827 031e AA       		.byte	-86
 828 031f 01       		.byte	1
 829 0320 AE       		.byte	-82
 830 0321 02       		.byte	2
 831 0322 AF       		.byte	-81
 832 0323 08       		.byte	8
 833 0324 B0       		.byte	-80
 834 0325 07       		.byte	7
 835 0326 B2       		.byte	-78
 836 0327 78       		.byte	120
 837 0328 B3       		.byte	-77
 838 0329 FF       		.byte	-1
 839 032a BA       		.byte	-70
 840 032b 02       		.byte	2
 841 032c BB       		.byte	-69
 842 032d 20       		.byte	32
 843 032e BE       		.byte	-66
 844 032f 04       		.byte	4
 845 0330 BF       		.byte	-65
 846 0331 04       		.byte	4
 847 0332 D8       		.byte	-40
 848 0333 04       		.byte	4
 849 0334 D9       		.byte	-39
 850 0335 04       		.byte	4
 851 0336 DC       		.byte	-36
 852 0337 10       		.byte	16
 853 0338 DF       		.byte	-33
 854 0339 01       		.byte	1
 855 033a 03       		.byte	3
ARM GAS  C:\Users\Malth\AppData\Local\Temp\cc59XsCZ.s 			page 16


 856 033b 01       		.byte	1
 857 033c 04       		.byte	4
 858 033d 80       		.byte	-128
 859 033e 05       		.byte	5
 860 033f 0C       		.byte	12
 861 0340 07       		.byte	7
 862 0341 45       		.byte	69
 863 0342 0E       		.byte	14
 864 0343 68       		.byte	104
 865 0344 14       		.byte	20
 866 0345 28       		.byte	40
 867 0346 15       		.byte	21
 868 0347 76       		.byte	118
 869 0348 16       		.byte	22
 870 0349 A8       		.byte	-88
 871 034a 19       		.byte	25
 872 034b 02       		.byte	2
 873 034c 1C       		.byte	28
 874 034d 20       		.byte	32
 875 034e 1D       		.byte	29
 876 034f 03       		.byte	3
 877 0350 1E       		.byte	30
 878 0351 40       		.byte	64
 879 0352 20       		.byte	32
 880 0353 08       		.byte	8
 881 0354 26       		.byte	38
 882 0355 04       		.byte	4
 883 0356 27       		.byte	39
 884 0357 08       		.byte	8
 885 0358 28       		.byte	40
 886 0359 28       		.byte	40
 887 035a 2A       		.byte	42
 888 035b 40       		.byte	64
 889 035c 2B       		.byte	43
 890 035d 43       		.byte	67
 891 035e 2E       		.byte	46
 892 035f 0A       		.byte	10
 893 0360 2F       		.byte	47
 894 0361 0A       		.byte	10
 895 0362 30       		.byte	48
 896 0363 40       		.byte	64
 897 0364 31       		.byte	49
 898 0365 02       		.byte	2
 899 0366 32       		.byte	50
 900 0367 18       		.byte	24
 901 0368 33       		.byte	51
 902 0369 54       		.byte	84
 903 036a 35       		.byte	53
 904 036b 01       		.byte	1
 905 036c 37       		.byte	55
 906 036d 54       		.byte	84
 907 036e 38       		.byte	56
 908 036f 28       		.byte	40
 909 0370 39       		.byte	57
 910 0371 02       		.byte	2
 911 0372 3A       		.byte	58
 912 0373 02       		.byte	2
ARM GAS  C:\Users\Malth\AppData\Local\Temp\cc59XsCZ.s 			page 17


 913 0374 3B       		.byte	59
 914 0375 40       		.byte	64
 915 0376 3D       		.byte	61
 916 0377 42       		.byte	66
 917 0378 3E       		.byte	62
 918 0379 20       		.byte	32
 919 037a 3F       		.byte	63
 920 037b 84       		.byte	-124
 921 037c 58       		.byte	88
 922 037d 06       		.byte	6
 923 037e 5A       		.byte	90
 924 037f 80       		.byte	-128
 925 0380 5B       		.byte	91
 926 0381 20       		.byte	32
 927 0382 60       		.byte	96
 928 0383 80       		.byte	-128
 929 0384 61       		.byte	97
 930 0385 10       		.byte	16
 931 0386 62       		.byte	98
 932 0387 80       		.byte	-128
 933 0388 84       		.byte	-124
 934 0389 01       		.byte	1
 935 038a 88       		.byte	-120
 936 038b 80       		.byte	-128
 937 038c 90       		.byte	-112
 938 038d A8       		.byte	-88
 939 038e 91       		.byte	-111
 940 038f 23       		.byte	35
 941 0390 92       		.byte	-110
 942 0391 A0       		.byte	-96
 943 0392 93       		.byte	-109
 944 0393 44       		.byte	68
 945 0394 94       		.byte	-108
 946 0395 04       		.byte	4
 947 0396 98       		.byte	-104
 948 0397 10       		.byte	16
 949 0398 99       		.byte	-103
 950 0399 20       		.byte	32
 951 039a 9A       		.byte	-102
 952 039b 20       		.byte	32
 953 039c 9B       		.byte	-101
 954 039d 44       		.byte	68
 955 039e 9D       		.byte	-99
 956 039f 09       		.byte	9
 957 03a0 9E       		.byte	-98
 958 03a1 04       		.byte	4
 959 03a2 A1       		.byte	-95
 960 03a3 08       		.byte	8
 961 03a4 A2       		.byte	-94
 962 03a5 90       		.byte	-112
 963 03a6 A3       		.byte	-93
 964 03a7 45       		.byte	69
 965 03a8 A4       		.byte	-92
 966 03a9 14       		.byte	20
 967 03aa A5       		.byte	-91
 968 03ab 02       		.byte	2
 969 03ac A7       		.byte	-89
ARM GAS  C:\Users\Malth\AppData\Local\Temp\cc59XsCZ.s 			page 18


 970 03ad 08       		.byte	8
 971 03ae AD       		.byte	-83
 972 03af 01       		.byte	1
 973 03b0 B7       		.byte	-73
 974 03b1 04       		.byte	4
 975 03b2 C0       		.byte	-64
 976 03b3 F1       		.byte	-15
 977 03b4 C2       		.byte	-62
 978 03b5 70       		.byte	112
 979 03b6 C4       		.byte	-60
 980 03b7 F0       		.byte	-16
 981 03b8 CA       		.byte	-54
 982 03b9 FF       		.byte	-1
 983 03ba CC       		.byte	-52
 984 03bb FF       		.byte	-1
 985 03bc CE       		.byte	-50
 986 03bd FF       		.byte	-1
 987 03be D6       		.byte	-42
 988 03bf 0F       		.byte	15
 989 03c0 D8       		.byte	-40
 990 03c1 0D       		.byte	13
 991 03c2 E2       		.byte	-30
 992 03c3 22       		.byte	34
 993 03c4 EA       		.byte	-22
 994 03c5 08       		.byte	8
 995 03c6 06       		.byte	6
 996 03c7 01       		.byte	1
 997 03c8 0A       		.byte	10
 998 03c9 04       		.byte	4
 999 03ca 0B       		.byte	11
 1000 03cb 03       		.byte	3
 1001 03cc 0F       		.byte	15
 1002 03cd 03       		.byte	3
 1003 03ce 11       		.byte	17
 1004 03cf 03       		.byte	3
 1005 03d0 15       		.byte	21
 1006 03d1 03       		.byte	3
 1007 03d2 16       		.byte	22
 1008 03d3 04       		.byte	4
 1009 03d4 19       		.byte	25
 1010 03d5 01       		.byte	1
 1011 03d6 1B       		.byte	27
 1012 03d7 06       		.byte	6
 1013 03d8 1E       		.byte	30
 1014 03d9 01       		.byte	1
 1015 03da 21       		.byte	33
 1016 03db 02       		.byte	2
 1017 03dc 23       		.byte	35
 1018 03dd 01       		.byte	1
 1019 03de 27       		.byte	39
 1020 03df 03       		.byte	3
 1021 03e0 2B       		.byte	43
 1022 03e1 03       		.byte	3
 1023 03e2 2D       		.byte	45
 1024 03e3 01       		.byte	1
 1025 03e4 2E       		.byte	46
 1026 03e5 02       		.byte	2
ARM GAS  C:\Users\Malth\AppData\Local\Temp\cc59XsCZ.s 			page 19


 1027 03e6 2F       		.byte	47
 1028 03e7 04       		.byte	4
 1029 03e8 30       		.byte	48
 1030 03e9 01       		.byte	1
 1031 03ea 32       		.byte	50
 1032 03eb 04       		.byte	4
 1033 03ec 33       		.byte	51
 1034 03ed 07       		.byte	7
 1035 03ee 34       		.byte	52
 1036 03ef 02       		.byte	2
 1037 03f0 3B       		.byte	59
 1038 03f1 08       		.byte	8
 1039 03f2 3E       		.byte	62
 1040 03f3 05       		.byte	5
 1041 03f4 54       		.byte	84
 1042 03f5 18       		.byte	24
 1043 03f6 56       		.byte	86
 1044 03f7 04       		.byte	4
 1045 03f8 58       		.byte	88
 1046 03f9 04       		.byte	4
 1047 03fa 59       		.byte	89
 1048 03fb 04       		.byte	4
 1049 03fc 5B       		.byte	91
 1050 03fd 04       		.byte	4
 1051 03fe 5C       		.byte	92
 1052 03ff 01       		.byte	1
 1053 0400 5D       		.byte	93
 1054 0401 10       		.byte	16
 1055 0402 5F       		.byte	95
 1056 0403 01       		.byte	1
 1057 0404 80       		.byte	-128
 1058 0405 06       		.byte	6
 1059 0406 84       		.byte	-124
 1060 0407 02       		.byte	2
 1061 0408 85       		.byte	-123
 1062 0409 10       		.byte	16
 1063 040a 86       		.byte	-122
 1064 040b 18       		.byte	24
 1065 040c 87       		.byte	-121
 1066 040d 20       		.byte	32
 1067 040e 89       		.byte	-119
 1068 040f 10       		.byte	16
 1069 0410 8B       		.byte	-117
 1070 0411 E0       		.byte	-32
 1071 0412 8C       		.byte	-116
 1072 0413 1F       		.byte	31
 1073 0414 8D       		.byte	-115
 1074 0415 11       		.byte	17
 1075 0416 8F       		.byte	-113
 1076 0417 88       		.byte	-120
 1077 0418 90       		.byte	-112
 1078 0419 0A       		.byte	10
 1079 041a 91       		.byte	-111
 1080 041b 01       		.byte	1
 1081 041c 92       		.byte	-110
 1082 041d 10       		.byte	16
 1083 041e 93       		.byte	-109
ARM GAS  C:\Users\Malth\AppData\Local\Temp\cc59XsCZ.s 			page 20


 1084 041f 0E       		.byte	14
 1085 0420 94       		.byte	-108
 1086 0421 02       		.byte	2
 1087 0422 95       		.byte	-107
 1088 0423 46       		.byte	70
 1089 0424 97       		.byte	-105
 1090 0425 11       		.byte	17
 1091 0426 98       		.byte	-104
 1092 0427 01       		.byte	1
 1093 0428 9A       		.byte	-102
 1094 0429 1E       		.byte	30
 1095 042a 9C       		.byte	-100
 1096 042b 01       		.byte	1
 1097 042c 9D       		.byte	-99
 1098 042d 57       		.byte	87
 1099 042e A0       		.byte	-96
 1100 042f 1C       		.byte	28
 1101 0430 A1       		.byte	-95
 1102 0431 53       		.byte	83
 1103 0432 A2       		.byte	-94
 1104 0433 02       		.byte	2
 1105 0434 A3       		.byte	-93
 1106 0435 04       		.byte	4
 1107 0436 A4       		.byte	-92
 1108 0437 04       		.byte	4
 1109 0438 A8       		.byte	-88
 1110 0439 12       		.byte	18
 1111 043a A9       		.byte	-87
 1112 043b 42       		.byte	66
 1113 043c AA       		.byte	-86
 1114 043d 08       		.byte	8
 1115 043e AB       		.byte	-85
 1116 043f 15       		.byte	21
 1117 0440 AC       		.byte	-84
 1118 0441 18       		.byte	24
 1119 0442 AD       		.byte	-83
 1120 0443 57       		.byte	87
 1121 0444 AE       		.byte	-82
 1122 0445 06       		.byte	6
 1123 0446 B1       		.byte	-79
 1124 0447 0F       		.byte	15
 1125 0448 B5       		.byte	-75
 1126 0449 F0       		.byte	-16
 1127 044a B6       		.byte	-74
 1128 044b 1F       		.byte	31
 1129 044c B8       		.byte	-72
 1130 044d 80       		.byte	-128
 1131 044e BB       		.byte	-69
 1132 044f 22       		.byte	34
 1133 0450 C0       		.byte	-64
 1134 0451 36       		.byte	54
 1135 0452 C4       		.byte	-60
 1136 0453 02       		.byte	2
 1137 0454 C5       		.byte	-59
 1138 0455 0B       		.byte	11
 1139 0456 C7       		.byte	-57
 1140 0457 0D       		.byte	13
ARM GAS  C:\Users\Malth\AppData\Local\Temp\cc59XsCZ.s 			page 21


 1141 0458 C8       		.byte	-56
 1142 0459 11       		.byte	17
 1143 045a C9       		.byte	-55
 1144 045b FF       		.byte	-1
 1145 045c CA       		.byte	-54
 1146 045d 7F       		.byte	127
 1147 045e CB       		.byte	-53
 1148 045f FF       		.byte	-1
 1149 0460 CC       		.byte	-52
 1150 0461 42       		.byte	66
 1151 0462 CD       		.byte	-51
 1152 0463 A0       		.byte	-96
 1153 0464 CE       		.byte	-50
 1154 0465 70       		.byte	112
 1155 0466 D0       		.byte	-48
 1156 0467 0C       		.byte	12
 1157 0468 D8       		.byte	-40
 1158 0469 04       		.byte	4
 1159 046a D9       		.byte	-39
 1160 046b 04       		.byte	4
 1161 046c DA       		.byte	-38
 1162 046d 04       		.byte	4
 1163 046e DF       		.byte	-33
 1164 046f 01       		.byte	1
 1165 0470 E1       		.byte	-31
 1166 0471 09       		.byte	9
 1167 0472 E2       		.byte	-30
 1168 0473 40       		.byte	64
 1169 0474 E3       		.byte	-29
 1170 0475 09       		.byte	9
 1171 0476 E4       		.byte	-28
 1172 0477 30       		.byte	48
 1173 0478 E5       		.byte	-27
 1174 0479 09       		.byte	9
 1175 047a 01       		.byte	1
 1176 047b 44       		.byte	68
 1177 047c 02       		.byte	2
 1178 047d 40       		.byte	64
 1179 047e 04       		.byte	4
 1180 047f 20       		.byte	32
 1181 0480 05       		.byte	5
 1182 0481 08       		.byte	8
 1183 0482 08       		.byte	8
 1184 0483 10       		.byte	16
 1185 0484 0A       		.byte	10
 1186 0485 61       		.byte	97
 1187 0486 0C       		.byte	12
 1188 0487 08       		.byte	8
 1189 0488 0D       		.byte	13
 1190 0489 80       		.byte	-128
 1191 048a 10       		.byte	16
 1192 048b 60       		.byte	96
 1193 048c 11       		.byte	17
 1194 048d 80       		.byte	-128
 1195 048e 12       		.byte	18
 1196 048f 08       		.byte	8
 1197 0490 14       		.byte	20
ARM GAS  C:\Users\Malth\AppData\Local\Temp\cc59XsCZ.s 			page 22


 1198 0491 02       		.byte	2
 1199 0492 1A       		.byte	26
 1200 0493 01       		.byte	1
 1201 0494 1C       		.byte	28
 1202 0495 08       		.byte	8
 1203 0496 1F       		.byte	31
 1204 0497 05       		.byte	5
 1205 0498 21       		.byte	33
 1206 0499 10       		.byte	16
 1207 049a 22       		.byte	34
 1208 049b 21       		.byte	33
 1209 049c 27       		.byte	39
 1210 049d 20       		.byte	32
 1211 049e 29       		.byte	41
 1212 049f 01       		.byte	1
 1213 04a0 2A       		.byte	42
 1214 04a1 A0       		.byte	-96
 1215 04a2 2D       		.byte	45
 1216 04a3 40       		.byte	64
 1217 04a4 2E       		.byte	46
 1218 04a5 20       		.byte	32
 1219 04a6 2F       		.byte	47
 1220 04a7 60       		.byte	96
 1221 04a8 30       		.byte	48
 1222 04a9 40       		.byte	64
 1223 04aa 32       		.byte	50
 1224 04ab 09       		.byte	9
 1225 04ac 33       		.byte	51
 1226 04ad 02       		.byte	2
 1227 04ae 35       		.byte	53
 1228 04af 01       		.byte	1
 1229 04b0 36       		.byte	54
 1230 04b1 08       		.byte	8
 1231 04b2 37       		.byte	55
 1232 04b3 20       		.byte	32
 1233 04b4 39       		.byte	57
 1234 04b5 68       		.byte	104
 1235 04b6 3D       		.byte	61
 1236 04b7 90       		.byte	-112
 1237 04b8 3E       		.byte	62
 1238 04b9 80       		.byte	-128
 1239 04ba 41       		.byte	65
 1240 04bb 0C       		.byte	12
 1241 04bc 43       		.byte	67
 1242 04bd 10       		.byte	16
 1243 04be 48       		.byte	72
 1244 04bf 20       		.byte	32
 1245 04c0 49       		.byte	73
 1246 04c1 20       		.byte	32
 1247 04c2 52       		.byte	82
 1248 04c3 04       		.byte	4
 1249 04c4 53       		.byte	83
 1250 04c5 08       		.byte	8
 1251 04c6 5E       		.byte	94
 1252 04c7 02       		.byte	2
 1253 04c8 66       		.byte	102
 1254 04c9 01       		.byte	1
ARM GAS  C:\Users\Malth\AppData\Local\Temp\cc59XsCZ.s 			page 23


 1255 04ca 67       		.byte	103
 1256 04cb 0A       		.byte	10
 1257 04cc 80       		.byte	-128
 1258 04cd 80       		.byte	-128
 1259 04ce 82       		.byte	-126
 1260 04cf 01       		.byte	1
 1261 04d0 86       		.byte	-122
 1262 04d1 01       		.byte	1
 1263 04d2 8A       		.byte	-118
 1264 04d3 80       		.byte	-128
 1265 04d4 91       		.byte	-111
 1266 04d5 55       		.byte	85
 1267 04d6 92       		.byte	-110
 1268 04d7 60       		.byte	96
 1269 04d8 94       		.byte	-108
 1270 04d9 04       		.byte	4
 1271 04da 98       		.byte	-104
 1272 04db 51       		.byte	81
 1273 04dc 99       		.byte	-103
 1274 04dd 23       		.byte	35
 1275 04de 9A       		.byte	-102
 1276 04df E0       		.byte	-32
 1277 04e0 9B       		.byte	-101
 1278 04e1 09       		.byte	9
 1279 04e2 9C       		.byte	-100
 1280 04e3 04       		.byte	4
 1281 04e4 9D       		.byte	-99
 1282 04e5 14       		.byte	20
 1283 04e6 9E       		.byte	-98
 1284 04e7 04       		.byte	4
 1285 04e8 9F       		.byte	-97
 1286 04e9 20       		.byte	32
 1287 04ea A1       		.byte	-95
 1288 04eb 08       		.byte	8
 1289 04ec A2       		.byte	-94
 1290 04ed 18       		.byte	24
 1291 04ee A3       		.byte	-93
 1292 04ef 04       		.byte	4
 1293 04f0 A6       		.byte	-90
 1294 04f1 20       		.byte	32
 1295 04f2 A7       		.byte	-89
 1296 04f3 08       		.byte	8
 1297 04f4 A8       		.byte	-88
 1298 04f5 04       		.byte	4
 1299 04f6 A9       		.byte	-87
 1300 04f7 01       		.byte	1
 1301 04f8 AE       		.byte	-82
 1302 04f9 10       		.byte	16
 1303 04fa B0       		.byte	-80
 1304 04fb 02       		.byte	2
 1305 04fc B2       		.byte	-78
 1306 04fd 20       		.byte	32
 1307 04fe C0       		.byte	-64
 1308 04ff 6D       		.byte	109
 1309 0500 C2       		.byte	-62
 1310 0501 AF       		.byte	-81
 1311 0502 C4       		.byte	-60
ARM GAS  C:\Users\Malth\AppData\Local\Temp\cc59XsCZ.s 			page 24


 1312 0503 8F       		.byte	-113
 1313 0504 CA       		.byte	-54
 1314 0505 FD       		.byte	-3
 1315 0506 CC       		.byte	-52
 1316 0507 EB       		.byte	-21
 1317 0508 CE       		.byte	-50
 1318 0509 3E       		.byte	62
 1319 050a D0       		.byte	-48
 1320 050b 06       		.byte	6
 1321 050c D2       		.byte	-46
 1322 050d 04       		.byte	4
 1323 050e D6       		.byte	-42
 1324 050f 80       		.byte	-128
 1325 0510 D8       		.byte	-40
 1326 0511 B0       		.byte	-80
 1327 0512 E6       		.byte	-26
 1328 0513 01       		.byte	1
 1329 0514 81       		.byte	-127
 1330 0515 80       		.byte	-128
 1331 0516 88       		.byte	-120
 1332 0517 01       		.byte	1
 1333 0518 9D       		.byte	-99
 1334 0519 24       		.byte	36
 1335 051a 9E       		.byte	-98
 1336 051b 13       		.byte	19
 1337 051c 9F       		.byte	-97
 1338 051d 10       		.byte	16
 1339 051e A0       		.byte	-96
 1340 051f 01       		.byte	1
 1341 0520 A1       		.byte	-95
 1342 0521 80       		.byte	-128
 1343 0522 A5       		.byte	-91
 1344 0523 40       		.byte	64
 1345 0524 E2       		.byte	-30
 1346 0525 80       		.byte	-128
 1347 0526 87       		.byte	-121
 1348 0527 01       		.byte	1
 1349 0528 9B       		.byte	-101
 1350 0529 01       		.byte	1
 1351 052a 9D       		.byte	-99
 1352 052b 24       		.byte	36
 1353 052c 9E       		.byte	-98
 1354 052d 13       		.byte	19
 1355 052e 9F       		.byte	-97
 1356 052f 10       		.byte	16
 1357 0530 A0       		.byte	-96
 1358 0531 01       		.byte	1
 1359 0532 A1       		.byte	-95
 1360 0533 80       		.byte	-128
 1361 0534 A5       		.byte	-91
 1362 0535 40       		.byte	64
 1363 0536 AC       		.byte	-84
 1364 0537 10       		.byte	16
 1365 0538 B3       		.byte	-77
 1366 0539 08       		.byte	8
 1367 053a B7       		.byte	-73
 1368 053b 20       		.byte	32
ARM GAS  C:\Users\Malth\AppData\Local\Temp\cc59XsCZ.s 			page 25


 1369 053c EA       		.byte	-22
 1370 053d 40       		.byte	64
 1371 053e 02       		.byte	2
 1372 053f 03       		.byte	3
 1373 0540 04       		.byte	4
 1374 0541 70       		.byte	112
 1375 0542 08       		.byte	8
 1376 0543 20       		.byte	32
 1377 0544 0A       		.byte	10
 1378 0545 10       		.byte	16
 1379 0546 0C       		.byte	12
 1380 0547 01       		.byte	1
 1381 0548 0E       		.byte	14
 1382 0549 0E       		.byte	14
 1383 054a 11       		.byte	17
 1384 054b 02       		.byte	2
 1385 054c 13       		.byte	19
 1386 054d 01       		.byte	1
 1387 054e 14       		.byte	20
 1388 054f 10       		.byte	16
 1389 0550 15       		.byte	21
 1390 0551 03       		.byte	3
 1391 0552 16       		.byte	22
 1392 0553 60       		.byte	96
 1393 0554 18       		.byte	24
 1394 0555 0C       		.byte	12
 1395 0556 19       		.byte	25
 1396 0557 03       		.byte	3
 1397 0558 1A       		.byte	26
 1398 0559 03       		.byte	3
 1399 055a 1E       		.byte	30
 1400 055b 08       		.byte	8
 1401 055c 20       		.byte	32
 1402 055d 40       		.byte	64
 1403 055e 22       		.byte	34
 1404 055f 10       		.byte	16
 1405 0560 24       		.byte	36
 1406 0561 01       		.byte	1
 1407 0562 26       		.byte	38
 1408 0563 06       		.byte	6
 1409 0564 28       		.byte	40
 1410 0565 70       		.byte	112
 1411 0566 29       		.byte	41
 1412 0567 01       		.byte	1
 1413 0568 2B       		.byte	43
 1414 0569 02       		.byte	2
 1415 056a 2E       		.byte	46
 1416 056b 0C       		.byte	12
 1417 056c 32       		.byte	50
 1418 056d 70       		.byte	112
 1419 056e 34       		.byte	52
 1420 056f 0F       		.byte	15
 1421 0570 37       		.byte	55
 1422 0571 03       		.byte	3
 1423 0572 3A       		.byte	58
 1424 0573 20       		.byte	32
 1425 0574 40       		.byte	64
ARM GAS  C:\Users\Malth\AppData\Local\Temp\cc59XsCZ.s 			page 26


 1426 0575 01       		.byte	1
 1427 0576 46       		.byte	70
 1428 0577 04       		.byte	4
 1429 0578 49       		.byte	73
 1430 0579 FF       		.byte	-1
 1431 057a 4A       		.byte	74
 1432 057b 07       		.byte	7
 1433 057c 4B       		.byte	75
 1434 057d FF       		.byte	-1
 1435 057e 4C       		.byte	76
 1436 057f 40       		.byte	64
 1437 0580 4D       		.byte	77
 1438 0581 20       		.byte	32
 1439 0582 4E       		.byte	78
 1440 0583 F0       		.byte	-16
 1441 0584 4F       		.byte	79
 1442 0585 05       		.byte	5
 1443 0586 50       		.byte	80
 1444 0587 08       		.byte	8
 1445 0588 58       		.byte	88
 1446 0589 04       		.byte	4
 1447 058a 59       		.byte	89
 1448 058b 04       		.byte	4
 1449 058c 5A       		.byte	90
 1450 058d 04       		.byte	4
 1451 058e 5C       		.byte	92
 1452 058f 11       		.byte	17
 1453 0590 5D       		.byte	93
 1454 0591 01       		.byte	1
 1455 0592 5F       		.byte	95
 1456 0593 01       		.byte	1
 1457 0594 60       		.byte	96
 1458 0595 40       		.byte	64
 1459 0596 61       		.byte	97
 1460 0597 A8       		.byte	-88
 1461 0598 62       		.byte	98
 1462 0599 40       		.byte	64
 1463 059a 63       		.byte	99
 1464 059b 20       		.byte	32
 1465 059c 8F       		.byte	-113
 1466 059d 01       		.byte	1
 1467 059e 92       		.byte	-110
 1468 059f 08       		.byte	8
 1469 05a0 9A       		.byte	-102
 1470 05a1 04       		.byte	4
 1471 05a2 9C       		.byte	-100
 1472 05a3 01       		.byte	1
 1473 05a4 A6       		.byte	-90
 1474 05a5 07       		.byte	7
 1475 05a6 A7       		.byte	-89
 1476 05a7 01       		.byte	1
 1477 05a8 B0       		.byte	-80
 1478 05a9 01       		.byte	1
 1479 05aa B2       		.byte	-78
 1480 05ab 04       		.byte	4
 1481 05ac B3       		.byte	-77
 1482 05ad 01       		.byte	1
ARM GAS  C:\Users\Malth\AppData\Local\Temp\cc59XsCZ.s 			page 27


 1483 05ae B4       		.byte	-76
 1484 05af 08       		.byte	8
 1485 05b0 B6       		.byte	-74
 1486 05b1 02       		.byte	2
 1487 05b2 BF       		.byte	-65
 1488 05b3 04       		.byte	4
 1489 05b4 C0       		.byte	-64
 1490 05b5 20       		.byte	32
 1491 05b6 C1       		.byte	-63
 1492 05b7 05       		.byte	5
 1493 05b8 C5       		.byte	-59
 1494 05b9 D1       		.byte	-47
 1495 05ba C6       		.byte	-58
 1496 05bb 02       		.byte	2
 1497 05bc C8       		.byte	-56
 1498 05bd 07       		.byte	7
 1499 05be C9       		.byte	-55
 1500 05bf FF       		.byte	-1
 1501 05c0 CA       		.byte	-54
 1502 05c1 FF       		.byte	-1
 1503 05c2 CB       		.byte	-53
 1504 05c3 FF       		.byte	-1
 1505 05c4 CD       		.byte	-51
 1506 05c5 A0       		.byte	-96
 1507 05c6 CF       		.byte	-49
 1508 05c7 04       		.byte	4
 1509 05c8 D0       		.byte	-48
 1510 05c9 18       		.byte	24
 1511 05ca D2       		.byte	-46
 1512 05cb 80       		.byte	-128
 1513 05cc D4       		.byte	-44
 1514 05cd 05       		.byte	5
 1515 05ce D8       		.byte	-40
 1516 05cf 04       		.byte	4
 1517 05d0 D9       		.byte	-39
 1518 05d1 04       		.byte	4
 1519 05d2 DA       		.byte	-38
 1520 05d3 04       		.byte	4
 1521 05d4 DB       		.byte	-37
 1522 05d5 04       		.byte	4
 1523 05d6 DC       		.byte	-36
 1524 05d7 02       		.byte	2
 1525 05d8 DD       		.byte	-35
 1526 05d9 22       		.byte	34
 1527 05da DF       		.byte	-33
 1528 05db 01       		.byte	1
 1529 05dc E0       		.byte	-32
 1530 05dd 40       		.byte	64
 1531 05de E2       		.byte	-30
 1532 05df C0       		.byte	-64
 1533 05e0 E4       		.byte	-28
 1534 05e1 40       		.byte	64
 1535 05e2 E5       		.byte	-27
 1536 05e3 40       		.byte	64
 1537 05e4 E6       		.byte	-26
 1538 05e5 C0       		.byte	-64
 1539 05e6 E8       		.byte	-24
ARM GAS  C:\Users\Malth\AppData\Local\Temp\cc59XsCZ.s 			page 28


 1540 05e7 C0       		.byte	-64
 1541 05e8 EA       		.byte	-22
 1542 05e9 C0       		.byte	-64
 1543 05ea EC       		.byte	-20
 1544 05eb C0       		.byte	-64
 1545 05ec EE       		.byte	-18
 1546 05ed C0       		.byte	-64
 1547 05ee 00       		.byte	0
 1548 05ef 02       		.byte	2
 1549 05f0 02       		.byte	2
 1550 05f1 40       		.byte	64
 1551 05f2 05       		.byte	5
 1552 05f3 24       		.byte	36
 1553 05f4 06       		.byte	6
 1554 05f5 42       		.byte	66
 1555 05f6 09       		.byte	9
 1556 05f7 02       		.byte	2
 1557 05f8 0A       		.byte	10
 1558 05f9 05       		.byte	5
 1559 05fa 0D       		.byte	13
 1560 05fb 80       		.byte	-128
 1561 05fc 0E       		.byte	14
 1562 05fd 28       		.byte	40
 1563 05fe 10       		.byte	16
 1564 05ff 20       		.byte	32
 1565 0600 16       		.byte	22
 1566 0601 11       		.byte	17
 1567 0602 17       		.byte	23
 1568 0603 11       		.byte	17
 1569 0604 1A       		.byte	26
 1570 0605 45       		.byte	69
 1571 0606 1B       		.byte	27
 1572 0607 18       		.byte	24
 1573 0608 1C       		.byte	28
 1574 0609 20       		.byte	32
 1575 060a 1E       		.byte	30
 1576 060b 28       		.byte	40
 1577 060c 1F       		.byte	31
 1578 060d 20       		.byte	32
 1579 060e 22       		.byte	34
 1580 060f 04       		.byte	4
 1581 0610 27       		.byte	39
 1582 0611 01       		.byte	1
 1583 0612 2B       		.byte	43
 1584 0613 10       		.byte	16
 1585 0614 2D       		.byte	45
 1586 0615 20       		.byte	32
 1587 0616 35       		.byte	53
 1588 0617 04       		.byte	4
 1589 0618 37       		.byte	55
 1590 0619 11       		.byte	17
 1591 061a 38       		.byte	56
 1592 061b 80       		.byte	-128
 1593 061c 42       		.byte	66
 1594 061d 04       		.byte	4
 1595 061e 45       		.byte	69
 1596 061f 40       		.byte	64
ARM GAS  C:\Users\Malth\AppData\Local\Temp\cc59XsCZ.s 			page 29


 1597 0620 48       		.byte	72
 1598 0621 20       		.byte	32
 1599 0622 49       		.byte	73
 1600 0623 01       		.byte	1
 1601 0624 4B       		.byte	75
 1602 0625 80       		.byte	-128
 1603 0626 50       		.byte	80
 1604 0627 40       		.byte	64
 1605 0628 53       		.byte	83
 1606 0629 40       		.byte	64
 1607 062a 54       		.byte	84
 1608 062b 01       		.byte	1
 1609 062c 55       		.byte	85
 1610 062d 80       		.byte	-128
 1611 062e 59       		.byte	89
 1612 062f 01       		.byte	1
 1613 0630 5A       		.byte	90
 1614 0631 48       		.byte	72
 1615 0632 71       		.byte	113
 1616 0633 02       		.byte	2
 1617 0634 C0       		.byte	-64
 1618 0635 F0       		.byte	-16
 1619 0636 C2       		.byte	-62
 1620 0637 EB       		.byte	-21
 1621 0638 C4       		.byte	-60
 1622 0639 F4       		.byte	-12
 1623 063a CA       		.byte	-54
 1624 063b 22       		.byte	34
 1625 063c CC       		.byte	-52
 1626 063d E0       		.byte	-32
 1627 063e CE       		.byte	-50
 1628 063f 08       		.byte	8
 1629 0640 D0       		.byte	-48
 1630 0641 14       		.byte	20
 1631 0642 D2       		.byte	-46
 1632 0643 08       		.byte	8
 1633 0644 D6       		.byte	-42
 1634 0645 0B       		.byte	11
 1635 0646 02       		.byte	2
 1636 0647 20       		.byte	32
 1637 0648 04       		.byte	4
 1638 0649 DC       		.byte	-36
 1639 064a 05       		.byte	5
 1640 064b 80       		.byte	-128
 1641 064c 06       		.byte	6
 1642 064d 22       		.byte	34
 1643 064e 09       		.byte	9
 1644 064f 53       		.byte	83
 1645 0650 0B       		.byte	11
 1646 0651 0C       		.byte	12
 1647 0652 0D       		.byte	13
 1648 0653 03       		.byte	3
 1649 0654 0E       		.byte	14
 1650 0655 03       		.byte	3
 1651 0656 0F       		.byte	15
 1652 0657 44       		.byte	68
 1653 0658 10       		.byte	16
ARM GAS  C:\Users\Malth\AppData\Local\Temp\cc59XsCZ.s 			page 30


 1654 0659 0C       		.byte	12
 1655 065a 11       		.byte	17
 1656 065b 80       		.byte	-128
 1657 065c 12       		.byte	18
 1658 065d 71       		.byte	113
 1659 065e 14       		.byte	20
 1660 065f 10       		.byte	16
 1661 0660 16       		.byte	22
 1662 0661 AC       		.byte	-84
 1663 0662 19       		.byte	25
 1664 0663 80       		.byte	-128
 1665 0664 1C       		.byte	28
 1666 0665 10       		.byte	16
 1667 0666 1E       		.byte	30
 1668 0667 40       		.byte	64
 1669 0668 1F       		.byte	31
 1670 0669 08       		.byte	8
 1671 066a 20       		.byte	32
 1672 066b 09       		.byte	9
 1673 066c 21       		.byte	33
 1674 066d 20       		.byte	32
 1675 066e 22       		.byte	34
 1676 066f D0       		.byte	-48
 1677 0670 23       		.byte	35
 1678 0671 45       		.byte	69
 1679 0672 24       		.byte	36
 1680 0673 14       		.byte	20
 1681 0674 29       		.byte	41
 1682 0675 0A       		.byte	10
 1683 0676 2B       		.byte	43
 1684 0677 54       		.byte	84
 1685 0678 2D       		.byte	45
 1686 0679 53       		.byte	83
 1687 067a 2F       		.byte	47
 1688 067b 04       		.byte	4
 1689 067c 30       		.byte	48
 1690 067d E0       		.byte	-32
 1691 067e 31       		.byte	49
 1692 067f 40       		.byte	64
 1693 0680 33       		.byte	51
 1694 0681 30       		.byte	48
 1695 0682 35       		.byte	53
 1696 0683 0F       		.byte	15
 1697 0684 36       		.byte	54
 1698 0685 1F       		.byte	31
 1699 0686 37       		.byte	55
 1700 0687 80       		.byte	-128
 1701 0688 39       		.byte	57
 1702 0689 08       		.byte	8
 1703 068a 3A       		.byte	58
 1704 068b 02       		.byte	2
 1705 068c 3B       		.byte	59
 1706 068d 20       		.byte	32
 1707 068e 3F       		.byte	63
 1708 068f 01       		.byte	1
 1709 0690 40       		.byte	64
 1710 0691 21       		.byte	33
ARM GAS  C:\Users\Malth\AppData\Local\Temp\cc59XsCZ.s 			page 31


 1711 0692 41       		.byte	65
 1712 0693 04       		.byte	4
 1713 0694 45       		.byte	69
 1714 0695 0B       		.byte	11
 1715 0696 46       		.byte	70
 1716 0697 EC       		.byte	-20
 1717 0698 48       		.byte	72
 1718 0699 0D       		.byte	13
 1719 069a 49       		.byte	73
 1720 069b FF       		.byte	-1
 1721 069c 4A       		.byte	74
 1722 069d FF       		.byte	-1
 1723 069e 4B       		.byte	75
 1724 069f FF       		.byte	-1
 1725 06a0 4E       		.byte	78
 1726 06a1 F0       		.byte	-16
 1727 06a2 4F       		.byte	79
 1728 06a3 44       		.byte	68
 1729 06a4 50       		.byte	80
 1730 06a5 0C       		.byte	12
 1731 06a6 54       		.byte	84
 1732 06a7 01       		.byte	1
 1733 06a8 58       		.byte	88
 1734 06a9 04       		.byte	4
 1735 06aa 59       		.byte	89
 1736 06ab 04       		.byte	4
 1737 06ac 5A       		.byte	90
 1738 06ad 04       		.byte	4
 1739 06ae 5B       		.byte	91
 1740 06af 04       		.byte	4
 1741 06b0 5C       		.byte	92
 1742 06b1 11       		.byte	17
 1743 06b2 5D       		.byte	93
 1744 06b3 11       		.byte	17
 1745 06b4 5F       		.byte	95
 1746 06b5 01       		.byte	1
 1747 06b6 66       		.byte	102
 1748 06b7 C0       		.byte	-64
 1749 06b8 6A       		.byte	106
 1750 06b9 40       		.byte	64
 1751 06ba 6B       		.byte	107
 1752 06bb 02       		.byte	2
 1753 06bc 90       		.byte	-112
 1754 06bd 01       		.byte	1
 1755 06be 92       		.byte	-110
 1756 06bf 06       		.byte	6
 1757 06c0 94       		.byte	-108
 1758 06c1 01       		.byte	1
 1759 06c2 96       		.byte	-106
 1760 06c3 02       		.byte	2
 1761 06c4 9E       		.byte	-98
 1762 06c5 10       		.byte	16
 1763 06c6 A2       		.byte	-94
 1764 06c7 08       		.byte	8
 1765 06c8 A3       		.byte	-93
 1766 06c9 02       		.byte	2
 1767 06ca AD       		.byte	-83
ARM GAS  C:\Users\Malth\AppData\Local\Temp\cc59XsCZ.s 			page 32


 1768 06cb 01       		.byte	1
 1769 06cc AE       		.byte	-82
 1770 06cd 10       		.byte	16
 1771 06ce B2       		.byte	-78
 1772 06cf 04       		.byte	4
 1773 06d0 B3       		.byte	-77
 1774 06d1 02       		.byte	2
 1775 06d2 B4       		.byte	-76
 1776 06d3 03       		.byte	3
 1777 06d4 B6       		.byte	-74
 1778 06d5 18       		.byte	24
 1779 06d6 B7       		.byte	-73
 1780 06d7 01       		.byte	1
 1781 06d8 BE       		.byte	-66
 1782 06d9 40       		.byte	64
 1783 06da BF       		.byte	-65
 1784 06db 40       		.byte	64
 1785 06dc C0       		.byte	-64
 1786 06dd 24       		.byte	36
 1787 06de C1       		.byte	-63
 1788 06df 03       		.byte	3
 1789 06e0 C2       		.byte	-62
 1790 06e1 05       		.byte	5
 1791 06e2 C4       		.byte	-60
 1792 06e3 01       		.byte	1
 1793 06e4 C5       		.byte	-59
 1794 06e5 0C       		.byte	12
 1795 06e6 C7       		.byte	-57
 1796 06e7 0E       		.byte	14
 1797 06e8 C8       		.byte	-56
 1798 06e9 11       		.byte	17
 1799 06ea C9       		.byte	-55
 1800 06eb FF       		.byte	-1
 1801 06ec CA       		.byte	-54
 1802 06ed FF       		.byte	-1
 1803 06ee CB       		.byte	-53
 1804 06ef FF       		.byte	-1
 1805 06f0 CC       		.byte	-52
 1806 06f1 62       		.byte	98
 1807 06f2 CD       		.byte	-51
 1808 06f3 A0       		.byte	-96
 1809 06f4 CE       		.byte	-50
 1810 06f5 F0       		.byte	-16
 1811 06f6 CF       		.byte	-49
 1812 06f7 41       		.byte	65
 1813 06f8 D0       		.byte	-48
 1814 06f9 0C       		.byte	12
 1815 06fa D8       		.byte	-40
 1816 06fb 04       		.byte	4
 1817 06fc D9       		.byte	-39
 1818 06fd 04       		.byte	4
 1819 06fe DA       		.byte	-38
 1820 06ff 04       		.byte	4
 1821 0700 DD       		.byte	-35
 1822 0701 01       		.byte	1
 1823 0702 DF       		.byte	-33
 1824 0703 01       		.byte	1
ARM GAS  C:\Users\Malth\AppData\Local\Temp\cc59XsCZ.s 			page 33


 1825 0704 E6       		.byte	-26
 1826 0705 40       		.byte	64
 1827 0706 E7       		.byte	-25
 1828 0707 02       		.byte	2
 1829 0708 E9       		.byte	-23
 1830 0709 10       		.byte	16
 1831 070a EA       		.byte	-22
 1832 070b 30       		.byte	48
 1833 070c EB       		.byte	-21
 1834 070d 10       		.byte	16
 1835 070e ED       		.byte	-19
 1836 070f 10       		.byte	16
 1837 0710 EE       		.byte	-18
 1838 0711 10       		.byte	16
 1839 0712 EF       		.byte	-17
 1840 0713 12       		.byte	18
 1841 0714 01       		.byte	1
 1842 0715 80       		.byte	-128
 1843 0716 02       		.byte	2
 1844 0717 10       		.byte	16
 1845 0718 03       		.byte	3
 1846 0719 80       		.byte	-128
 1847 071a 08       		.byte	8
 1848 071b 80       		.byte	-128
 1849 071c 0A       		.byte	10
 1850 071d 60       		.byte	96
 1851 071e 0E       		.byte	14
 1852 071f 22       		.byte	34
 1853 0720 0F       		.byte	15
 1854 0721 80       		.byte	-128
 1855 0722 10       		.byte	16
 1856 0723 80       		.byte	-128
 1857 0724 13       		.byte	19
 1858 0725 04       		.byte	4
 1859 0726 14       		.byte	20
 1860 0727 01       		.byte	1
 1861 0728 15       		.byte	21
 1862 0729 01       		.byte	1
 1863 072a 19       		.byte	25
 1864 072b 80       		.byte	-128
 1865 072c 1A       		.byte	26
 1866 072d 40       		.byte	64
 1867 072e 1B       		.byte	27
 1868 072f 01       		.byte	1
 1869 0730 1C       		.byte	28
 1870 0731 04       		.byte	4
 1871 0732 1D       		.byte	29
 1872 0733 8C       		.byte	-116
 1873 0734 21       		.byte	33
 1874 0735 10       		.byte	16
 1875 0736 22       		.byte	34
 1876 0737 18       		.byte	24
 1877 0738 23       		.byte	35
 1878 0739 82       		.byte	-126
 1879 073a 25       		.byte	37
 1880 073b 40       		.byte	64
 1881 073c 27       		.byte	39
ARM GAS  C:\Users\Malth\AppData\Local\Temp\cc59XsCZ.s 			page 34


 1882 073d 10       		.byte	16
 1883 073e 2A       		.byte	42
 1884 073f 10       		.byte	16
 1885 0740 2B       		.byte	43
 1886 0741 85       		.byte	-123
 1887 0742 2D       		.byte	45
 1888 0743 80       		.byte	-128
 1889 0744 2F       		.byte	47
 1890 0745 40       		.byte	64
 1891 0746 30       		.byte	48
 1892 0747 A0       		.byte	-96
 1893 0748 33       		.byte	51
 1894 0749 02       		.byte	2
 1895 074a 38       		.byte	56
 1896 074b 88       		.byte	-120
 1897 074c 39       		.byte	57
 1898 074d 20       		.byte	32
 1899 074e 41       		.byte	65
 1900 074f 10       		.byte	16
 1901 0750 42       		.byte	66
 1902 0751 40       		.byte	64
 1903 0752 43       		.byte	67
 1904 0753 80       		.byte	-128
 1905 0754 44       		.byte	68
 1906 0755 40       		.byte	64
 1907 0756 45       		.byte	69
 1908 0757 80       		.byte	-128
 1909 0758 46       		.byte	70
 1910 0759 04       		.byte	4
 1911 075a 47       		.byte	71
 1912 075b 0A       		.byte	10
 1913 075c 4B       		.byte	75
 1914 075d 04       		.byte	4
 1915 075e 4D       		.byte	77
 1916 075f 08       		.byte	8
 1917 0760 4F       		.byte	79
 1918 0761 40       		.byte	64
 1919 0762 50       		.byte	80
 1920 0763 40       		.byte	64
 1921 0764 53       		.byte	83
 1922 0765 20       		.byte	32
 1923 0766 54       		.byte	84
 1924 0767 08       		.byte	8
 1925 0768 59       		.byte	89
 1926 0769 02       		.byte	2
 1927 076a 5A       		.byte	90
 1928 076b 08       		.byte	8
 1929 076c 5B       		.byte	91
 1930 076d A0       		.byte	-96
 1931 076e 80       		.byte	-128
 1932 076f 40       		.byte	64
 1933 0770 83       		.byte	-125
 1934 0771 60       		.byte	96
 1935 0772 87       		.byte	-121
 1936 0773 40       		.byte	64
 1937 0774 89       		.byte	-119
 1938 0775 42       		.byte	66
ARM GAS  C:\Users\Malth\AppData\Local\Temp\cc59XsCZ.s 			page 35


 1939 0776 8B       		.byte	-117
 1940 0777 20       		.byte	32
 1941 0778 8C       		.byte	-116
 1942 0779 82       		.byte	-126
 1943 077a 8E       		.byte	-114
 1944 077b 09       		.byte	9
 1945 077c 8F       		.byte	-113
 1946 077d 40       		.byte	64
 1947 077e 90       		.byte	-112
 1948 077f 08       		.byte	8
 1949 0780 91       		.byte	-111
 1950 0781 01       		.byte	1
 1951 0782 92       		.byte	-110
 1952 0783 08       		.byte	8
 1953 0784 93       		.byte	-109
 1954 0785 40       		.byte	64
 1955 0786 94       		.byte	-108
 1956 0787 04       		.byte	4
 1957 0788 95       		.byte	-107
 1958 0789 20       		.byte	32
 1959 078a 97       		.byte	-105
 1960 078b 80       		.byte	-128
 1961 078c 98       		.byte	-104
 1962 078d 81       		.byte	-127
 1963 078e 9A       		.byte	-102
 1964 078f 04       		.byte	4
 1965 0790 9B       		.byte	-101
 1966 0791 08       		.byte	8
 1967 0792 9C       		.byte	-100
 1968 0793 42       		.byte	66
 1969 0794 9D       		.byte	-99
 1970 0795 0C       		.byte	12
 1971 0796 9F       		.byte	-97
 1972 0797 50       		.byte	80
 1973 0798 A0       		.byte	-96
 1974 0799 20       		.byte	32
 1975 079a A2       		.byte	-94
 1976 079b 10       		.byte	16
 1977 079c A3       		.byte	-93
 1978 079d 86       		.byte	-122
 1979 079e A4       		.byte	-92
 1980 079f 08       		.byte	8
 1981 07a0 A5       		.byte	-91
 1982 07a1 08       		.byte	8
 1983 07a2 A7       		.byte	-89
 1984 07a3 21       		.byte	33
 1985 07a4 AC       		.byte	-84
 1986 07a5 40       		.byte	64
 1987 07a6 B3       		.byte	-77
 1988 07a7 01       		.byte	1
 1989 07a8 C0       		.byte	-64
 1990 07a9 0D       		.byte	13
 1991 07aa C2       		.byte	-62
 1992 07ab BD       		.byte	-67
 1993 07ac C4       		.byte	-60
 1994 07ad 9C       		.byte	-100
 1995 07ae CA       		.byte	-54
ARM GAS  C:\Users\Malth\AppData\Local\Temp\cc59XsCZ.s 			page 36


 1996 07af 9D       		.byte	-99
 1997 07b0 CC       		.byte	-52
 1998 07b1 0D       		.byte	13
 1999 07b2 CE       		.byte	-50
 2000 07b3 0E       		.byte	14
 2001 07b4 D0       		.byte	-48
 2002 07b5 FD       		.byte	-3
 2003 07b6 D2       		.byte	-46
 2004 07b7 10       		.byte	16
 2005 07b8 D6       		.byte	-42
 2006 07b9 0F       		.byte	15
 2007 07ba E8       		.byte	-24
 2008 07bb 02       		.byte	2
 2009 07bc 00       		.byte	0
 2010 07bd 01       		.byte	1
 2011 07be 01       		.byte	1
 2012 07bf 60       		.byte	96
 2013 07c0 04       		.byte	4
 2014 07c1 0C       		.byte	12
 2015 07c2 07       		.byte	7
 2016 07c3 04       		.byte	4
 2017 07c4 08       		.byte	8
 2018 07c5 5C       		.byte	92
 2019 07c6 09       		.byte	9
 2020 07c7 E7       		.byte	-25
 2021 07c8 0A       		.byte	10
 2022 07c9 23       		.byte	35
 2023 07ca 0B       		.byte	11
 2024 07cb 18       		.byte	24
 2025 07cc 0C       		.byte	12
 2026 07cd 02       		.byte	2
 2027 07ce 0D       		.byte	13
 2028 07cf 1C       		.byte	28
 2029 07d0 0F       		.byte	15
 2030 07d1 E1       		.byte	-31
 2031 07d2 10       		.byte	16
 2032 07d3 1F       		.byte	31
 2033 07d4 11       		.byte	17
 2034 07d5 24       		.byte	36
 2035 07d6 12       		.byte	18
 2036 07d7 60       		.byte	96
 2037 07d8 15       		.byte	21
 2038 07d9 1C       		.byte	28
 2039 07da 17       		.byte	23
 2040 07db E2       		.byte	-30
 2041 07dc 18       		.byte	24
 2042 07dd 73       		.byte	115
 2043 07de 19       		.byte	25
 2044 07df 18       		.byte	24
 2045 07e0 1A       		.byte	26
 2046 07e1 0C       		.byte	12
 2047 07e2 1E       		.byte	30
 2048 07e3 63       		.byte	99
 2049 07e4 1F       		.byte	31
 2050 07e5 63       		.byte	99
 2051 07e6 20       		.byte	32
 2052 07e7 03       		.byte	3
ARM GAS  C:\Users\Malth\AppData\Local\Temp\cc59XsCZ.s 			page 37


 2053 07e8 21       		.byte	33
 2054 07e9 10       		.byte	16
 2055 07ea 24       		.byte	36
 2056 07eb 7F       		.byte	127
 2057 07ec 25       		.byte	37
 2058 07ed 08       		.byte	8
 2059 07ee 28       		.byte	40
 2060 07ef 04       		.byte	4
 2061 07f0 29       		.byte	41
 2062 07f1 FF       		.byte	-1
 2063 07f2 2C       		.byte	44
 2064 07f3 08       		.byte	8
 2065 07f4 2D       		.byte	45
 2066 07f5 40       		.byte	64
 2067 07f6 30       		.byte	48
 2068 07f7 2C       		.byte	44
 2069 07f8 31       		.byte	49
 2070 07f9 60       		.byte	96
 2071 07fa 32       		.byte	50
 2072 07fb 0F       		.byte	15
 2073 07fc 33       		.byte	51
 2074 07fd 80       		.byte	-128
 2075 07fe 34       		.byte	52
 2076 07ff 10       		.byte	16
 2077 0800 35       		.byte	53
 2078 0801 1F       		.byte	31
 2079 0802 36       		.byte	54
 2080 0803 4C       		.byte	76
 2081 0804 39       		.byte	57
 2082 0805 08       		.byte	8
 2083 0806 3A       		.byte	58
 2084 0807 0A       		.byte	10
 2085 0808 3B       		.byte	59
 2086 0809 20       		.byte	32
 2087 080a 3E       		.byte	62
 2088 080b 10       		.byte	16
 2089 080c 56       		.byte	86
 2090 080d 02       		.byte	2
 2091 080e 57       		.byte	87
 2092 080f 12       		.byte	18
 2093 0810 58       		.byte	88
 2094 0811 04       		.byte	4
 2095 0812 59       		.byte	89
 2096 0813 04       		.byte	4
 2097 0814 5B       		.byte	91
 2098 0815 04       		.byte	4
 2099 0816 5C       		.byte	92
 2100 0817 11       		.byte	17
 2101 0818 5D       		.byte	93
 2102 0819 10       		.byte	16
 2103 081a 5F       		.byte	95
 2104 081b 01       		.byte	1
 2105 081c 82       		.byte	-126
 2106 081d 0B       		.byte	11
 2107 081e 89       		.byte	-119
 2108 081f 0C       		.byte	12
 2109 0820 8E       		.byte	-114
ARM GAS  C:\Users\Malth\AppData\Local\Temp\cc59XsCZ.s 			page 38


 2110 0821 0B       		.byte	11
 2111 0822 90       		.byte	-112
 2112 0823 01       		.byte	1
 2113 0824 92       		.byte	-110
 2114 0825 06       		.byte	6
 2115 0826 96       		.byte	-106
 2116 0827 0B       		.byte	11
 2117 0828 98       		.byte	-104
 2118 0829 01       		.byte	1
 2119 082a 9A       		.byte	-102
 2120 082b 1A       		.byte	26
 2121 082c 9B       		.byte	-101
 2122 082d 01       		.byte	1
 2123 082e 9C       		.byte	-100
 2124 082f 0A       		.byte	10
 2125 0830 9E       		.byte	-98
 2126 0831 01       		.byte	1
 2127 0832 9F       		.byte	-97
 2128 0833 04       		.byte	4
 2129 0834 A5       		.byte	-91
 2130 0835 02       		.byte	2
 2131 0836 A9       		.byte	-87
 2132 0837 08       		.byte	8
 2133 0838 AC       		.byte	-84
 2134 0839 01       		.byte	1
 2135 083a AD       		.byte	-83
 2136 083b 0C       		.byte	12
 2137 083c AE       		.byte	-82
 2138 083d 04       		.byte	4
 2139 083e B0       		.byte	-80
 2140 083f 07       		.byte	7
 2141 0840 B1       		.byte	-79
 2142 0841 0C       		.byte	12
 2143 0842 B3       		.byte	-77
 2144 0843 02       		.byte	2
 2145 0844 B4       		.byte	-76
 2146 0845 08       		.byte	8
 2147 0846 B5       		.byte	-75
 2148 0847 01       		.byte	1
 2149 0848 B6       		.byte	-74
 2150 0849 10       		.byte	16
 2151 084a B9       		.byte	-71
 2152 084b 02       		.byte	2
 2153 084c BA       		.byte	-70
 2154 084d 02       		.byte	2
 2155 084e BE       		.byte	-66
 2156 084f 10       		.byte	16
 2157 0850 BF       		.byte	-65
 2158 0851 05       		.byte	5
 2159 0852 D8       		.byte	-40
 2160 0853 04       		.byte	4
 2161 0854 D9       		.byte	-39
 2162 0855 04       		.byte	4
 2163 0856 DF       		.byte	-33
 2164 0857 01       		.byte	1
 2165 0858 01       		.byte	1
 2166 0859 02       		.byte	2
ARM GAS  C:\Users\Malth\AppData\Local\Temp\cc59XsCZ.s 			page 39


 2167 085a 03       		.byte	3
 2168 085b 01       		.byte	1
 2169 085c 05       		.byte	5
 2170 085d 80       		.byte	-128
 2171 085e 07       		.byte	7
 2172 085f 64       		.byte	100
 2173 0860 09       		.byte	9
 2174 0861 28       		.byte	40
 2175 0862 0A       		.byte	10
 2176 0863 41       		.byte	65
 2177 0864 0C       		.byte	12
 2178 0865 40       		.byte	64
 2179 0866 0D       		.byte	13
 2180 0867 02       		.byte	2
 2181 0868 0F       		.byte	15
 2182 0869 84       		.byte	-124
 2183 086a 11       		.byte	17
 2184 086b 40       		.byte	64
 2185 086c 15       		.byte	21
 2186 086d 01       		.byte	1
 2187 086e 16       		.byte	22
 2188 086f 29       		.byte	41
 2189 0870 17       		.byte	23
 2190 0871 08       		.byte	8
 2191 0872 19       		.byte	25
 2192 0873 10       		.byte	16
 2193 0874 1A       		.byte	26
 2194 0875 41       		.byte	65
 2195 0876 1C       		.byte	28
 2196 0877 20       		.byte	32
 2197 0878 1D       		.byte	29
 2198 0879 82       		.byte	-126
 2199 087a 1E       		.byte	30
 2200 087b 08       		.byte	8
 2201 087c 1F       		.byte	31
 2202 087d 04       		.byte	4
 2203 087e 20       		.byte	32
 2204 087f 80       		.byte	-128
 2205 0880 21       		.byte	33
 2206 0881 20       		.byte	32
 2207 0882 22       		.byte	34
 2208 0883 04       		.byte	4
 2209 0884 24       		.byte	36
 2210 0885 20       		.byte	32
 2211 0886 26       		.byte	38
 2212 0887 01       		.byte	1
 2213 0888 27       		.byte	39
 2214 0889 04       		.byte	4
 2215 088a 2B       		.byte	43
 2216 088b 25       		.byte	37
 2217 088c 2C       		.byte	44
 2218 088d 01       		.byte	1
 2219 088e 2D       		.byte	45
 2220 088f 80       		.byte	-128
 2221 0890 2E       		.byte	46
 2222 0891 2A       		.byte	42
 2223 0892 32       		.byte	50
ARM GAS  C:\Users\Malth\AppData\Local\Temp\cc59XsCZ.s 			page 40


 2224 0893 80       		.byte	-128
 2225 0894 33       		.byte	51
 2226 0895 90       		.byte	-112
 2227 0896 34       		.byte	52
 2228 0897 42       		.byte	66
 2229 0898 37       		.byte	55
 2230 0899 24       		.byte	36
 2231 089a 39       		.byte	57
 2232 089b 20       		.byte	32
 2233 089c 3A       		.byte	58
 2234 089d 04       		.byte	4
 2235 089e 3B       		.byte	59
 2236 089f 0C       		.byte	12
 2237 08a0 3C       		.byte	60
 2238 08a1 28       		.byte	40
 2239 08a2 3D       		.byte	61
 2240 08a3 01       		.byte	1
 2241 08a4 3F       		.byte	63
 2242 08a5 80       		.byte	-128
 2243 08a6 5E       		.byte	94
 2244 08a7 08       		.byte	8
 2245 08a8 6C       		.byte	108
 2246 08a9 24       		.byte	36
 2247 08aa 6D       		.byte	109
 2248 08ab 08       		.byte	8
 2249 08ac 6F       		.byte	111
 2250 08ad 02       		.byte	2
 2251 08ae 76       		.byte	118
 2252 08af 0B       		.byte	11
 2253 08b0 77       		.byte	119
 2254 08b1 20       		.byte	32
 2255 08b2 85       		.byte	-123
 2256 08b3 80       		.byte	-128
 2257 08b4 87       		.byte	-121
 2258 08b5 40       		.byte	64
 2259 08b6 89       		.byte	-119
 2260 08b7 10       		.byte	16
 2261 08b8 8C       		.byte	-116
 2262 08b9 04       		.byte	4
 2263 08ba 8D       		.byte	-115
 2264 08bb 04       		.byte	4
 2265 08bc 91       		.byte	-111
 2266 08bd 41       		.byte	65
 2267 08be 94       		.byte	-108
 2268 08bf 24       		.byte	36
 2269 08c0 97       		.byte	-105
 2270 08c1 80       		.byte	-128
 2271 08c2 98       		.byte	-104
 2272 08c3 81       		.byte	-127
 2273 08c4 99       		.byte	-103
 2274 08c5 02       		.byte	2
 2275 08c6 9B       		.byte	-101
 2276 08c7 09       		.byte	9
 2277 08c8 9C       		.byte	-100
 2278 08c9 02       		.byte	2
 2279 08ca 9D       		.byte	-99
 2280 08cb 1C       		.byte	28
ARM GAS  C:\Users\Malth\AppData\Local\Temp\cc59XsCZ.s 			page 41


 2281 08cc 9F       		.byte	-97
 2282 08cd 10       		.byte	16
 2283 08ce A0       		.byte	-96
 2284 08cf 04       		.byte	4
 2285 08d0 A2       		.byte	-94
 2286 08d1 90       		.byte	-112
 2287 08d2 A3       		.byte	-93
 2288 08d3 04       		.byte	4
 2289 08d4 A4       		.byte	-92
 2290 08d5 08       		.byte	8
 2291 08d6 A5       		.byte	-91
 2292 08d7 80       		.byte	-128
 2293 08d8 A6       		.byte	-90
 2294 08d9 01       		.byte	1
 2295 08da AC       		.byte	-84
 2296 08db 44       		.byte	68
 2297 08dc AF       		.byte	-81
 2298 08dd 22       		.byte	34
 2299 08de C0       		.byte	-64
 2300 08df F9       		.byte	-7
 2301 08e0 C2       		.byte	-62
 2302 08e1 DF       		.byte	-33
 2303 08e2 C4       		.byte	-60
 2304 08e3 F1       		.byte	-15
 2305 08e4 CA       		.byte	-54
 2306 08e5 FE       		.byte	-2
 2307 08e6 CC       		.byte	-52
 2308 08e7 FC       		.byte	-4
 2309 08e8 CE       		.byte	-50
 2310 08e9 F4       		.byte	-12
 2311 08ea D6       		.byte	-42
 2312 08eb 40       		.byte	64
 2313 08ec 8A       		.byte	-118
 2314 08ed 10       		.byte	16
 2315 08ee 8D       		.byte	-115
 2316 08ef 04       		.byte	4
 2317 08f0 8F       		.byte	-113
 2318 08f1 10       		.byte	16
 2319 08f2 9D       		.byte	-99
 2320 08f3 24       		.byte	36
 2321 08f4 9E       		.byte	-98
 2322 08f5 13       		.byte	19
 2323 08f6 9F       		.byte	-97
 2324 08f7 10       		.byte	16
 2325 08f8 A5       		.byte	-91
 2326 08f9 40       		.byte	64
 2327 08fa E0       		.byte	-32
 2328 08fb 10       		.byte	16
 2329 08fc E4       		.byte	-28
 2330 08fd 60       		.byte	96
 2331 08fe 8D       		.byte	-115
 2332 08ff 20       		.byte	32
 2333 0900 8E       		.byte	-114
 2334 0901 01       		.byte	1
 2335 0902 9D       		.byte	-99
 2336 0903 20       		.byte	32
 2337 0904 9E       		.byte	-98
ARM GAS  C:\Users\Malth\AppData\Local\Temp\cc59XsCZ.s 			page 42


 2338 0905 01       		.byte	1
 2339 0906 AD       		.byte	-83
 2340 0907 40       		.byte	64
 2341 0908 B2       		.byte	-78
 2342 0909 02       		.byte	2
 2343 090a E2       		.byte	-30
 2344 090b 10       		.byte	16
 2345 090c E4       		.byte	-28
 2346 090d 60       		.byte	96
 2347 090e E8       		.byte	-24
 2348 090f 80       		.byte	-128
 2349 0910 30       		.byte	48
 2350 0911 10       		.byte	16
 2351 0912 37       		.byte	55
 2352 0913 10       		.byte	16
 2353 0914 CC       		.byte	-52
 2354 0915 30       		.byte	48
 2355 0916 9C       		.byte	-100
 2356 0917 10       		.byte	16
 2357 0918 9F       		.byte	-97
 2358 0919 10       		.byte	16
 2359 091a 50       		.byte	80
 2360 091b 80       		.byte	-128
 2361 091c 57       		.byte	87
 2362 091d 20       		.byte	32
 2363 091e 88       		.byte	-120
 2364 091f 10       		.byte	16
 2365 0920 9C       		.byte	-100
 2366 0921 10       		.byte	16
 2367 0922 9F       		.byte	-97
 2368 0923 10       		.byte	16
 2369 0924 D4       		.byte	-44
 2370 0925 60       		.byte	96
 2371 0926 83       		.byte	-125
 2372 0927 10       		.byte	16
 2373 0928 84       		.byte	-124
 2374 0929 80       		.byte	-128
 2375 092a 9F       		.byte	-97
 2376 092b 10       		.byte	16
 2377 092c A4       		.byte	-92
 2378 092d 80       		.byte	-128
 2379 092e AF       		.byte	-81
 2380 092f 20       		.byte	32
 2381 0930 E2       		.byte	-30
 2382 0931 30       		.byte	48
 2383 0932 EE       		.byte	-18
 2384 0933 10       		.byte	16
 2385 0934 53       		.byte	83
 2386 0935 10       		.byte	16
 2387 0936 D4       		.byte	-44
 2388 0937 04       		.byte	4
 2389 0938 B3       		.byte	-77
 2390 0939 10       		.byte	16
 2391 093a E8       		.byte	-24
 2392 093b 04       		.byte	4
 2393 093c 10       		.byte	16
 2394 093d 80       		.byte	-128
ARM GAS  C:\Users\Malth\AppData\Local\Temp\cc59XsCZ.s 			page 43


 2395 093e 16       		.byte	22
 2396 093f 40       		.byte	64
 2397 0940 80       		.byte	-128
 2398 0941 80       		.byte	-128
 2399 0942 86       		.byte	-122
 2400 0943 40       		.byte	64
 2401 0944 C4       		.byte	-60
 2402 0945 30       		.byte	48
 2403 0946 E0       		.byte	-32
 2404 0947 30       		.byte	48
 2405 0948 12       		.byte	18
 2406 0949 20       		.byte	32
 2407 094a 77       		.byte	119
 2408 094b 80       		.byte	-128
 2409 094c 8B       		.byte	-117
 2410 094d 80       		.byte	-128
 2411 094e 8E       		.byte	-114
 2412 094f 20       		.byte	32
 2413 0950 C4       		.byte	-60
 2414 0951 08       		.byte	8
 2415 0952 DE       		.byte	-34
 2416 0953 04       		.byte	4
 2417 0954 E2       		.byte	-30
 2418 0955 08       		.byte	8
 2419 0956 E4       		.byte	-28
 2420 0957 04       		.byte	4
 2421 0958 00       		.byte	0
 2422 0959 07       		.byte	7
 2423 095a 08       		.byte	8
 2424 095b 01       		.byte	1
 2425 095c 0A       		.byte	10
 2426 095d 03       		.byte	3
 2427 095e 0E       		.byte	14
 2428 095f 06       		.byte	6
 2429 0960 10       		.byte	16
 2430 0961 03       		.byte	3
 2431 0962 1A       		.byte	26
 2432 0963 03       		.byte	3
 2433 0964 00       		.byte	0
 2434 0965 0F       		.byte	15
 2435 0966 00       		.byte	0
 2436 0967 00       		.byte	0
 2437 0968 81       		.byte	-127
 2438 0969 83       		.byte	-125
 2439 096a 00       		.byte	0
 2440 096b 00       		.byte	0
 2441 096c 43       		.byte	67
 2442 096d 00       		.byte	0
 2443 096e 00       		.byte	0
 2444 096f 00       		.byte	0
 2445 0970 83       		.byte	-125
 2446 0971 00       		.byte	0
 2447 0972 40       		.byte	64
 2448 0973 80       		.byte	-128
 2449 0974 83       		.byte	-125
 2450 0975 00       		.byte	0
 2451 0976 83       		.byte	-125
ARM GAS  C:\Users\Malth\AppData\Local\Temp\cc59XsCZ.s 			page 44


 2452 0977 00       		.byte	0
 2453 0978 00       		.byte	0
 2454 0979 00       		.byte	0
 2455 097a 00       		.byte	0
 2456 097b 00       		.byte	0
 2457 097c 00       		.byte	0
 2458 097d 0B       		.byte	11
 2459 097e 0B       		.byte	11
 2460 097f 00       		.byte	0
 2461 0980 00       		.byte	0
 2462 0981 00       		.byte	0
 2463 0982 00       		.byte	0
 2464 0983 00       		.byte	0
 2465 0984 00       		.byte	0
 2466 0985 04       		.byte	4
 2467 0986 04       		.byte	4
 2468 0987 00       		.byte	0
 2469 0988 04       		.byte	4
 2470 0989 00       		.byte	0
 2471 098a 00       		.byte	0
 2472 098b 00       		.byte	0
 2473              		.section	.cywolatch,"a",%progbits
 2474              		.align	2
 2475              		.type	cy_meta_wonvl, %object
 2476              		.size	cy_meta_wonvl, 4
 2477              	cy_meta_wonvl:
 2478 0000 BC       		.byte	-68
 2479 0001 90       		.byte	-112
 2480 0002 AC       		.byte	-84
 2481 0003 AF       		.byte	-81
 2482              		.section	.cycustnvl,"a",%progbits
 2483              		.align	2
 2484              		.type	cy_meta_custnvl, %object
 2485              		.size	cy_meta_custnvl, 4
 2486              	cy_meta_custnvl:
 2487 0000 00       		.byte	0
 2488 0001 00       		.byte	0
 2489 0002 40       		.byte	64
 2490 0003 05       		.byte	5
 2491              		.section	.cymeta,"a",%progbits
 2492              		.align	2
 2493              		.type	cy_metadata, %object
 2494              		.size	cy_metadata, 12
 2495              	cy_metadata:
 2496 0000 00       		.byte	0
 2497 0001 01       		.byte	1
 2498 0002 2E       		.byte	46
 2499 0003 16       		.byte	22
 2500 0004 10       		.byte	16
 2501 0005 69       		.byte	105
 2502 0006 00       		.byte	0
 2503 0007 01       		.byte	1
 2504 0008 00       		.byte	0
 2505 0009 00       		.byte	0
 2506 000a 00       		.byte	0
 2507 000b 00       		.byte	0
 2508              		.section	.cyflashprotect,"a",%progbits
ARM GAS  C:\Users\Malth\AppData\Local\Temp\cc59XsCZ.s 			page 45


 2509              		.align	2
 2510              		.type	cy_meta_flashprotect, %object
 2511              		.size	cy_meta_flashprotect, 256
 2512              	cy_meta_flashprotect:
 2513 0000 00000000 		.space	256
 2513      00000000 
 2513      00000000 
 2513      00000000 
 2513      00000000 
 2514              		.text
 2515              	.Letext0:
 2516              		.file 1 "c:\\program files (x86)\\cypress\\psoc creator\\4.2\\psoc creator\\import\\gnu\\arm\\5.4.
 2517              		.file 2 "c:\\program files (x86)\\cypress\\psoc creator\\4.2\\psoc creator\\import\\gnu\\arm\\5.4.
 2518              		.file 3 "Generated_Source\\PSoC5\\cymetadata.c"
 2519              		.section	.debug_info,"",%progbits
 2520              	.Ldebug_info0:
 2521 0000 35010000 		.4byte	0x135
 2522 0004 0400     		.2byte	0x4
 2523 0006 00000000 		.4byte	.Ldebug_abbrev0
 2524 000a 04       		.byte	0x4
 2525 000b 01       		.uleb128 0x1
 2526 000c 24000000 		.4byte	.LASF17
 2527 0010 0C       		.byte	0xc
 2528 0011 CB010000 		.4byte	.LASF18
 2529 0015 25010000 		.4byte	.LASF19
 2530 0019 00000000 		.4byte	.Ldebug_line0
 2531 001d 02       		.uleb128 0x2
 2532 001e 01       		.byte	0x1
 2533 001f 06       		.byte	0x6
 2534 0020 BF010000 		.4byte	.LASF0
 2535 0024 03       		.uleb128 0x3
 2536 0025 00000000 		.4byte	.LASF9
 2537 0029 01       		.byte	0x1
 2538 002a 1D       		.byte	0x1d
 2539 002b 2F000000 		.4byte	0x2f
 2540 002f 02       		.uleb128 0x2
 2541 0030 01       		.byte	0x1
 2542 0031 08       		.byte	0x8
 2543 0032 16000000 		.4byte	.LASF1
 2544 0036 02       		.uleb128 0x2
 2545 0037 02       		.byte	0x2
 2546 0038 05       		.byte	0x5
 2547 0039 AC010000 		.4byte	.LASF2
 2548 003d 02       		.uleb128 0x2
 2549 003e 02       		.byte	0x2
 2550 003f 07       		.byte	0x7
 2551 0040 C4000000 		.4byte	.LASF3
 2552 0044 02       		.uleb128 0x2
 2553 0045 04       		.byte	0x4
 2554 0046 05       		.byte	0x5
 2555 0047 B6010000 		.4byte	.LASF4
 2556 004b 02       		.uleb128 0x2
 2557 004c 04       		.byte	0x4
 2558 004d 07       		.byte	0x7
 2559 004e B2000000 		.4byte	.LASF5
 2560 0052 02       		.uleb128 0x2
 2561 0053 08       		.byte	0x8
ARM GAS  C:\Users\Malth\AppData\Local\Temp\cc59XsCZ.s 			page 46


 2562 0054 05       		.byte	0x5
 2563 0055 9E010000 		.4byte	.LASF6
 2564 0059 02       		.uleb128 0x2
 2565 005a 08       		.byte	0x8
 2566 005b 07       		.byte	0x7
 2567 005c 06010000 		.4byte	.LASF7
 2568 0060 04       		.uleb128 0x4
 2569 0061 04       		.byte	0x4
 2570 0062 05       		.byte	0x5
 2571 0063 696E7400 		.ascii	"int\000"
 2572 0067 02       		.uleb128 0x2
 2573 0068 04       		.byte	0x4
 2574 0069 07       		.byte	0x7
 2575 006a F9000000 		.4byte	.LASF8
 2576 006e 03       		.uleb128 0x3
 2577 006f 1D010000 		.4byte	.LASF10
 2578 0073 02       		.byte	0x2
 2579 0074 18       		.byte	0x18
 2580 0075 24000000 		.4byte	0x24
 2581 0079 05       		.uleb128 0x5
 2582 007a 91000000 		.4byte	0x91
 2583 007e 8A000000 		.4byte	0x8a
 2584 0082 06       		.uleb128 0x6
 2585 0083 8A000000 		.4byte	0x8a
 2586 0087 8B09     		.2byte	0x98b
 2587 0089 00       		.byte	0
 2588 008a 02       		.uleb128 0x2
 2589 008b 04       		.byte	0x4
 2590 008c 07       		.byte	0x7
 2591 008d 95010000 		.4byte	.LASF11
 2592 0091 07       		.uleb128 0x7
 2593 0092 6E000000 		.4byte	0x6e
 2594 0096 08       		.uleb128 0x8
 2595 0097 E7000000 		.4byte	.LASF12
 2596 009b 03       		.byte	0x3
 2597 009c 1F       		.byte	0x1f
 2598 009d A7000000 		.4byte	0xa7
 2599 00a1 05       		.uleb128 0x5
 2600 00a2 03       		.byte	0x3
 2601 00a3 00000000 		.4byte	cy_meta_configecc
 2602 00a7 07       		.uleb128 0x7
 2603 00a8 79000000 		.4byte	0x79
 2604 00ac 05       		.uleb128 0x5
 2605 00ad 91000000 		.4byte	0x91
 2606 00b1 BC000000 		.4byte	0xbc
 2607 00b5 09       		.uleb128 0x9
 2608 00b6 8A000000 		.4byte	0x8a
 2609 00ba 03       		.byte	0x3
 2610 00bb 00       		.byte	0
 2611 00bc 0A       		.uleb128 0xa
 2612 00bd D7000000 		.4byte	.LASF13
 2613 00c1 03       		.byte	0x3
 2614 00c2 5E01     		.2byte	0x15e
 2615 00c4 CE000000 		.4byte	0xce
 2616 00c8 05       		.uleb128 0x5
 2617 00c9 03       		.byte	0x3
 2618 00ca 00000000 		.4byte	cy_meta_custnvl
ARM GAS  C:\Users\Malth\AppData\Local\Temp\cc59XsCZ.s 			page 47


 2619 00ce 07       		.uleb128 0x7
 2620 00cf AC000000 		.4byte	0xac
 2621 00d3 0A       		.uleb128 0xa
 2622 00d4 87010000 		.4byte	.LASF14
 2623 00d8 03       		.byte	0x3
 2624 00d9 6C01     		.2byte	0x16c
 2625 00db E5000000 		.4byte	0xe5
 2626 00df 05       		.uleb128 0x5
 2627 00e0 03       		.byte	0x3
 2628 00e1 00000000 		.4byte	cy_meta_wonvl
 2629 00e5 07       		.uleb128 0x7
 2630 00e6 AC000000 		.4byte	0xac
 2631 00ea 05       		.uleb128 0x5
 2632 00eb 91000000 		.4byte	0x91
 2633 00ef FA000000 		.4byte	0xfa
 2634 00f3 09       		.uleb128 0x9
 2635 00f4 8A000000 		.4byte	0x8a
 2636 00f8 FF       		.byte	0xff
 2637 00f9 00       		.byte	0
 2638 00fa 0A       		.uleb128 0xa
 2639 00fb 72010000 		.4byte	.LASF15
 2640 00ff 03       		.byte	0x3
 2641 0100 7A01     		.2byte	0x17a
 2642 0102 0C010000 		.4byte	0x10c
 2643 0106 05       		.uleb128 0x5
 2644 0107 03       		.byte	0x3
 2645 0108 00000000 		.4byte	cy_meta_flashprotect
 2646 010c 07       		.uleb128 0x7
 2647 010d EA000000 		.4byte	0xea
 2648 0111 05       		.uleb128 0x5
 2649 0112 91000000 		.4byte	0x91
 2650 0116 21010000 		.4byte	0x121
 2651 011a 09       		.uleb128 0x9
 2652 011b 8A000000 		.4byte	0x8a
 2653 011f 0B       		.byte	0xb
 2654 0120 00       		.byte	0
 2655 0121 0A       		.uleb128 0xa
 2656 0122 0A000000 		.4byte	.LASF16
 2657 0126 03       		.byte	0x3
 2658 0127 A701     		.2byte	0x1a7
 2659 0129 33010000 		.4byte	0x133
 2660 012d 05       		.uleb128 0x5
 2661 012e 03       		.byte	0x3
 2662 012f 00000000 		.4byte	cy_metadata
 2663 0133 07       		.uleb128 0x7
 2664 0134 11010000 		.4byte	0x111
 2665 0138 00       		.byte	0
 2666              		.section	.debug_abbrev,"",%progbits
 2667              	.Ldebug_abbrev0:
 2668 0000 01       		.uleb128 0x1
 2669 0001 11       		.uleb128 0x11
 2670 0002 01       		.byte	0x1
 2671 0003 25       		.uleb128 0x25
 2672 0004 0E       		.uleb128 0xe
 2673 0005 13       		.uleb128 0x13
 2674 0006 0B       		.uleb128 0xb
 2675 0007 03       		.uleb128 0x3
ARM GAS  C:\Users\Malth\AppData\Local\Temp\cc59XsCZ.s 			page 48


 2676 0008 0E       		.uleb128 0xe
 2677 0009 1B       		.uleb128 0x1b
 2678 000a 0E       		.uleb128 0xe
 2679 000b 10       		.uleb128 0x10
 2680 000c 17       		.uleb128 0x17
 2681 000d 00       		.byte	0
 2682 000e 00       		.byte	0
 2683 000f 02       		.uleb128 0x2
 2684 0010 24       		.uleb128 0x24
 2685 0011 00       		.byte	0
 2686 0012 0B       		.uleb128 0xb
 2687 0013 0B       		.uleb128 0xb
 2688 0014 3E       		.uleb128 0x3e
 2689 0015 0B       		.uleb128 0xb
 2690 0016 03       		.uleb128 0x3
 2691 0017 0E       		.uleb128 0xe
 2692 0018 00       		.byte	0
 2693 0019 00       		.byte	0
 2694 001a 03       		.uleb128 0x3
 2695 001b 16       		.uleb128 0x16
 2696 001c 00       		.byte	0
 2697 001d 03       		.uleb128 0x3
 2698 001e 0E       		.uleb128 0xe
 2699 001f 3A       		.uleb128 0x3a
 2700 0020 0B       		.uleb128 0xb
 2701 0021 3B       		.uleb128 0x3b
 2702 0022 0B       		.uleb128 0xb
 2703 0023 49       		.uleb128 0x49
 2704 0024 13       		.uleb128 0x13
 2705 0025 00       		.byte	0
 2706 0026 00       		.byte	0
 2707 0027 04       		.uleb128 0x4
 2708 0028 24       		.uleb128 0x24
 2709 0029 00       		.byte	0
 2710 002a 0B       		.uleb128 0xb
 2711 002b 0B       		.uleb128 0xb
 2712 002c 3E       		.uleb128 0x3e
 2713 002d 0B       		.uleb128 0xb
 2714 002e 03       		.uleb128 0x3
 2715 002f 08       		.uleb128 0x8
 2716 0030 00       		.byte	0
 2717 0031 00       		.byte	0
 2718 0032 05       		.uleb128 0x5
 2719 0033 01       		.uleb128 0x1
 2720 0034 01       		.byte	0x1
 2721 0035 49       		.uleb128 0x49
 2722 0036 13       		.uleb128 0x13
 2723 0037 01       		.uleb128 0x1
 2724 0038 13       		.uleb128 0x13
 2725 0039 00       		.byte	0
 2726 003a 00       		.byte	0
 2727 003b 06       		.uleb128 0x6
 2728 003c 21       		.uleb128 0x21
 2729 003d 00       		.byte	0
 2730 003e 49       		.uleb128 0x49
 2731 003f 13       		.uleb128 0x13
 2732 0040 2F       		.uleb128 0x2f
ARM GAS  C:\Users\Malth\AppData\Local\Temp\cc59XsCZ.s 			page 49


 2733 0041 05       		.uleb128 0x5
 2734 0042 00       		.byte	0
 2735 0043 00       		.byte	0
 2736 0044 07       		.uleb128 0x7
 2737 0045 26       		.uleb128 0x26
 2738 0046 00       		.byte	0
 2739 0047 49       		.uleb128 0x49
 2740 0048 13       		.uleb128 0x13
 2741 0049 00       		.byte	0
 2742 004a 00       		.byte	0
 2743 004b 08       		.uleb128 0x8
 2744 004c 34       		.uleb128 0x34
 2745 004d 00       		.byte	0
 2746 004e 03       		.uleb128 0x3
 2747 004f 0E       		.uleb128 0xe
 2748 0050 3A       		.uleb128 0x3a
 2749 0051 0B       		.uleb128 0xb
 2750 0052 3B       		.uleb128 0x3b
 2751 0053 0B       		.uleb128 0xb
 2752 0054 49       		.uleb128 0x49
 2753 0055 13       		.uleb128 0x13
 2754 0056 3F       		.uleb128 0x3f
 2755 0057 19       		.uleb128 0x19
 2756 0058 02       		.uleb128 0x2
 2757 0059 18       		.uleb128 0x18
 2758 005a 00       		.byte	0
 2759 005b 00       		.byte	0
 2760 005c 09       		.uleb128 0x9
 2761 005d 21       		.uleb128 0x21
 2762 005e 00       		.byte	0
 2763 005f 49       		.uleb128 0x49
 2764 0060 13       		.uleb128 0x13
 2765 0061 2F       		.uleb128 0x2f
 2766 0062 0B       		.uleb128 0xb
 2767 0063 00       		.byte	0
 2768 0064 00       		.byte	0
 2769 0065 0A       		.uleb128 0xa
 2770 0066 34       		.uleb128 0x34
 2771 0067 00       		.byte	0
 2772 0068 03       		.uleb128 0x3
 2773 0069 0E       		.uleb128 0xe
 2774 006a 3A       		.uleb128 0x3a
 2775 006b 0B       		.uleb128 0xb
 2776 006c 3B       		.uleb128 0x3b
 2777 006d 05       		.uleb128 0x5
 2778 006e 49       		.uleb128 0x49
 2779 006f 13       		.uleb128 0x13
 2780 0070 3F       		.uleb128 0x3f
 2781 0071 19       		.uleb128 0x19
 2782 0072 02       		.uleb128 0x2
 2783 0073 18       		.uleb128 0x18
 2784 0074 00       		.byte	0
 2785 0075 00       		.byte	0
 2786 0076 00       		.byte	0
 2787              		.section	.debug_aranges,"",%progbits
 2788 0000 14000000 		.4byte	0x14
 2789 0004 0200     		.2byte	0x2
ARM GAS  C:\Users\Malth\AppData\Local\Temp\cc59XsCZ.s 			page 50


 2790 0006 00000000 		.4byte	.Ldebug_info0
 2791 000a 04       		.byte	0x4
 2792 000b 00       		.byte	0
 2793 000c 0000     		.2byte	0
 2794 000e 0000     		.2byte	0
 2795 0010 00000000 		.4byte	0
 2796 0014 00000000 		.4byte	0
 2797              		.section	.debug_line,"",%progbits
 2798              	.Ldebug_line0:
 2799 0000 3D010000 		.section	.debug_str,"MS",%progbits,1
 2799      02003701 
 2799      00000201 
 2799      FB0E0D00 
 2799      01010101 
 2800              	.LASF9:
 2801 0000 5F5F7569 		.ascii	"__uint8_t\000"
 2801      6E74385F 
 2801      7400
 2802              	.LASF16:
 2803 000a 63795F6D 		.ascii	"cy_metadata\000"
 2803      65746164 
 2803      61746100 
 2804              	.LASF1:
 2805 0016 756E7369 		.ascii	"unsigned char\000"
 2805      676E6564 
 2805      20636861 
 2805      7200
 2806              	.LASF17:
 2807 0024 474E5520 		.ascii	"GNU C11 5.4.1 20160609 (release) [ARM/embedded-5-br"
 2807      43313120 
 2807      352E342E 
 2807      31203230 
 2807      31363036 
 2808 0057 616E6368 		.ascii	"anch revision 237715] -mcpu=cortex-m3 -mthumb -g -O"
 2808      20726576 
 2808      6973696F 
 2808      6E203233 
 2808      37373135 
 2809 008a 67202D66 		.ascii	"g -ffunction-sections -ffat-lto-objects\000"
 2809      66756E63 
 2809      74696F6E 
 2809      2D736563 
 2809      74696F6E 
 2810              	.LASF5:
 2811 00b2 6C6F6E67 		.ascii	"long unsigned int\000"
 2811      20756E73 
 2811      69676E65 
 2811      6420696E 
 2811      7400
 2812              	.LASF3:
 2813 00c4 73686F72 		.ascii	"short unsigned int\000"
 2813      7420756E 
 2813      7369676E 
 2813      65642069 
 2813      6E7400
 2814              	.LASF13:
 2815 00d7 63795F6D 		.ascii	"cy_meta_custnvl\000"
ARM GAS  C:\Users\Malth\AppData\Local\Temp\cc59XsCZ.s 			page 51


 2815      6574615F 
 2815      63757374 
 2815      6E766C00 
 2816              	.LASF12:
 2817 00e7 63795F6D 		.ascii	"cy_meta_configecc\000"
 2817      6574615F 
 2817      636F6E66 
 2817      69676563 
 2817      6300
 2818              	.LASF8:
 2819 00f9 756E7369 		.ascii	"unsigned int\000"
 2819      676E6564 
 2819      20696E74 
 2819      00
 2820              	.LASF7:
 2821 0106 6C6F6E67 		.ascii	"long long unsigned int\000"
 2821      206C6F6E 
 2821      6720756E 
 2821      7369676E 
 2821      65642069 
 2822              	.LASF10:
 2823 011d 75696E74 		.ascii	"uint8_t\000"
 2823      385F7400 
 2824              	.LASF19:
 2825 0125 433A5C55 		.ascii	"C:\\Users\\Malth\\Downloads\\TemperatureControlHand"
 2825      73657273 
 2825      5C4D616C 
 2825      74685C44 
 2825      6F776E6C 
 2826 0154 6F75745C 		.ascii	"out\\Temperature-Control.cydsn\000"
 2826      54656D70 
 2826      65726174 
 2826      7572652D 
 2826      436F6E74 
 2827              	.LASF15:
 2828 0172 63795F6D 		.ascii	"cy_meta_flashprotect\000"
 2828      6574615F 
 2828      666C6173 
 2828      6870726F 
 2828      74656374 
 2829              	.LASF14:
 2830 0187 63795F6D 		.ascii	"cy_meta_wonvl\000"
 2830      6574615F 
 2830      776F6E76 
 2830      6C00
 2831              	.LASF11:
 2832 0195 73697A65 		.ascii	"sizetype\000"
 2832      74797065 
 2832      00
 2833              	.LASF6:
 2834 019e 6C6F6E67 		.ascii	"long long int\000"
 2834      206C6F6E 
 2834      6720696E 
 2834      7400
 2835              	.LASF2:
 2836 01ac 73686F72 		.ascii	"short int\000"
 2836      7420696E 
ARM GAS  C:\Users\Malth\AppData\Local\Temp\cc59XsCZ.s 			page 52


 2836      7400
 2837              	.LASF4:
 2838 01b6 6C6F6E67 		.ascii	"long int\000"
 2838      20696E74 
 2838      00
 2839              	.LASF0:
 2840 01bf 7369676E 		.ascii	"signed char\000"
 2840      65642063 
 2840      68617200 
 2841              	.LASF18:
 2842 01cb 47656E65 		.ascii	"Generated_Source\\PSoC5\\cymetadata.c\000"
 2842      72617465 
 2842      645F536F 
 2842      75726365 
 2842      5C50536F 
 2843              		.ident	"GCC: (GNU Tools for ARM Embedded Processors) 5.4.1 20160609 (release) [ARM/embedded-5-bran
