ARM GAS  C:\Users\Malth\AppData\Local\Temp\ccyVo6Ap.s 			page 1


   1              		.syntax unified
   2              		.cpu cortex-m3
   3              		.fpu softvfp
   4              		.eabi_attribute 20, 1
   5              		.eabi_attribute 21, 1
   6              		.eabi_attribute 23, 3
   7              		.eabi_attribute 24, 1
   8              		.eabi_attribute 25, 1
   9              		.eabi_attribute 26, 1
  10              		.eabi_attribute 30, 1
  11              		.eabi_attribute 34, 1
  12              		.eabi_attribute 18, 4
  13              		.thumb
  14              		.syntax unified
  15              		.file	"main.c"
  16              		.text
  17              	.Ltext0:
  18              		.cfi_sections	.debug_frame
  19              		.section	.text.Read2Bytes,"ax",%progbits
  20              		.align	2
  21              		.global	Read2Bytes
  22              		.thumb
  23              		.thumb_func
  24              		.type	Read2Bytes, %function
  25              	Read2Bytes:
  26              	.LFB67:
  27              		.file 1 "main.c"
   1:main.c        **** /* ========================================
   2:main.c        ****  *
   3:main.c        ****  * Copyright YOUR COMPANY, THE YEAR
   4:main.c        ****  * All Rights Reserved
   5:main.c        ****  * UNPUBLISHED, LICENSED SOFTWARE.
   6:main.c        ****  *
   7:main.c        ****  * CONFIDENTIAL AND PROPRIETARY INFORMATION
   8:main.c        ****  * WHICH IS THE PROPERTY OF your company.
   9:main.c        ****  *
  10:main.c        ****  * ========================================
  11:main.c        **** */
  12:main.c        **** #include <stdio.h>
  13:main.c        **** #include "project.h"
  14:main.c        **** #include "PIDControl.h"
  15:main.c        **** #include "I2C.h"
  16:main.c        **** #define LM75_ADDRESS (0x48)
  17:main.c        **** #define SAMPLES_PER_SECOND 3
  18:main.c        **** 
  19:main.c        **** static uint16_t sampleWaitTimeInMilliseconds = 1000 / SAMPLES_PER_SECOND;
  20:main.c        **** 
  21:main.c        **** uint8_t responseData[0] ;
  22:main.c        **** uint8_t addr = 0 ; 
  23:main.c        **** 
  24:main.c        **** static char outputBuffer[256];
  25:main.c        **** static float setPoint = 30; // degrees celcius
  26:main.c        **** char str[128] ;
  27:main.c        **** CY_ISR_PROTO(ISR_UART_rx_handler);
  28:main.c        **** void handleByteReceived(uint8_t byteReceived);
  29:main.c        **** void Read2Bytes(uint8_t addr, uint8_t data[]);
  30:main.c        **** float getTemp(void);
ARM GAS  C:\Users\Malth\AppData\Local\Temp\ccyVo6Ap.s 			page 2


  31:main.c        **** void increaseTemp();
  32:main.c        **** void decreaseTemp();
  33:main.c        **** 
  34:main.c        **** int main(void)
  35:main.c        **** {
  36:main.c        ****     CyGlobalIntEnable; /* Enable global interrupts. */
  37:main.c        ****     
  38:main.c        ****     /*initialization/startup code here (e.g. MyInst_Start()) */
  39:main.c        ****     isr_uart_rx_StartEx(ISR_UART_rx_handler);   
  40:main.c        ****     UART_1_Start();
  41:main.c        ****     PWM_Power_Start();
  42:main.c        ****     I2C_Start();
  43:main.c        **** 
  44:main.c        ****     float Kp = 10.0f;
  45:main.c        ****     float Ki = 15.0f/30.0f;
  46:main.c        ****     float Kd = 0.0f;
  47:main.c        ****     float integralMax = 3000;
  48:main.c        ****     float integralMin = -3000;
  49:main.c        ****     float temp = 0;
  50:main.c        ****     float controlSignal = 0;
  51:main.c        **** 
  52:main.c        ****     float dt = ((float)sampleWaitTimeInMilliseconds) / 1000; // dt is measured in seconds
  53:main.c        ****     PIDControl_init(Kp, Ki, Kd, integralMax, integralMin, dt);
  54:main.c        ****     PIDControl_changeSetPoint(setPoint);
  55:main.c        **** 
  56:main.c        ****     UART_1_PutString("Temperature control application started\r\n");
  57:main.c        **** 
  58:main.c        ****     for(;;)
  59:main.c        ****     {
  60:main.c        ****         //Gets temperature from LM75
  61:main.c        ****         temp = getTemp();
  62:main.c        ****         
  63:main.c        ****         float error = setPoint - temp;
  64:main.c        ****         float proportionalPart = 0;
  65:main.c        ****         float integralPart = 0;
  66:main.c        ****         float derivativePart = 0;
  67:main.c        ****         
  68:main.c        ****         controlSignal = PIDControl_doStep(temp, &proportionalPart, &integralPart, &derivativePart);
  69:main.c        ****         snprintf(outputBuffer, sizeof(outputBuffer), "%f, %f, %f, %f, %f, %f, %f, %f, %f, %f \r\n",
  70:main.c        ****                                                       setPoint, temp, error, controlSignal, Kp, Ki,
  71:main.c        ****                                                       proportionalPart, integralPart, derivativePar
  72:main.c        ****         if(controlSignal > 100){
  73:main.c        ****             controlSignal = 100;
  74:main.c        ****         }
  75:main.c        ****         else if(controlSignal < 0){
  76:main.c        ****             controlSignal = 0;
  77:main.c        ****         }
  78:main.c        ****         
  79:main.c        ****         PWM_Power_WriteCompare(controlSignal);
  80:main.c        ****         UART_1_PutString(outputBuffer);
  81:main.c        ****         CyDelay(sampleWaitTimeInMilliseconds);
  82:main.c        ****     }
  83:main.c        **** }
  84:main.c        **** CY_ISR(ISR_UART_rx_handler)
  85:main.c        **** {
  86:main.c        ****     uint8_t bytesToRead = UART_1_GetRxBufferSize();
  87:main.c        ****     while (bytesToRead > 0)
ARM GAS  C:\Users\Malth\AppData\Local\Temp\ccyVo6Ap.s 			page 3


  88:main.c        ****     {
  89:main.c        ****         uint8_t byteReceived = UART_1_ReadRxData();
  90:main.c        ****         UART_1_WriteTxData(byteReceived); // echo back
  91:main.c        ****         
  92:main.c        ****         handleByteReceived(byteReceived);
  93:main.c        ****         
  94:main.c        ****         bytesToRead--;
  95:main.c        ****     }
  96:main.c        **** }
  97:main.c        **** void handleByteReceived(uint8_t byteReceived)
  98:main.c        **** {
  99:main.c        ****     switch(byteReceived)
 100:main.c        ****     {
 101:main.c        ****         case 'u' :
 102:main.c        ****         {
 103:main.c        ****             increaseTemp();
 104:main.c        ****         }
 105:main.c        ****         break;
 106:main.c        ****         case 'd' :
 107:main.c        ****         {
 108:main.c        ****             decreaseTemp();
 109:main.c        ****         }
 110:main.c        ****         break;
 111:main.c        ****     }
 112:main.c        **** }
 113:main.c        **** void Read2Bytes(uint8_t addr, uint8_t data[])
 114:main.c        **** {
  28              		.loc 1 114 0
  29              		.cfi_startproc
  30              		@ args = 0, pretend = 0, frame = 0
  31              		@ frame_needed = 0, uses_anonymous_args = 0
  32              	.LVL0:
  33 0000 70B5     		push	{r4, r5, r6, lr}
  34              		.cfi_def_cfa_offset 16
  35              		.cfi_offset 4, -16
  36              		.cfi_offset 5, -12
  37              		.cfi_offset 6, -8
  38              		.cfi_offset 14, -4
  39 0002 0646     		mov	r6, r0
  40 0004 0D46     		mov	r5, r1
 115:main.c        ****     uint8_t status;
 116:main.c        ****     I2C_MasterClearStatus();
  41              		.loc 1 116 0
  42 0006 FFF7FEFF 		bl	I2C_MasterClearStatus
  43              	.LVL1:
 117:main.c        ****     status = I2C_MasterSendStart(LM75_ADDRESS, I2C_WRITE_XFER_MODE) ;
  44              		.loc 1 117 0
  45 000a 0021     		movs	r1, #0
  46 000c 4820     		movs	r0, #72
  47 000e FFF7FEFF 		bl	I2C_MasterSendStart
  48              	.LVL2:
 118:main.c        ****     
 119:main.c        ****     if (I2C_MSTR_NO_ERROR == status) {
  49              		.loc 1 119 0
  50 0012 0446     		mov	r4, r0
  51 0014 30B9     		cbnz	r0, .L2
 120:main.c        ****         I2C_MasterWriteByte(addr); 
ARM GAS  C:\Users\Malth\AppData\Local\Temp\ccyVo6Ap.s 			page 4


  52              		.loc 1 120 0
  53 0016 3046     		mov	r0, r6
  54              	.LVL3:
  55 0018 FFF7FEFF 		bl	I2C_MasterWriteByte
  56              	.LVL4:
 121:main.c        ****         I2C_MasterSendRestart(LM75_ADDRESS, I2C_READ_XFER_MODE);  
  57              		.loc 1 121 0
  58 001c 0121     		movs	r1, #1
  59 001e 4820     		movs	r0, #72
  60 0020 FFF7FEFF 		bl	I2C_MasterSendRestart
  61              	.LVL5:
  62              	.L2:
 122:main.c        ****     }
 123:main.c        ****     
 124:main.c        ****     if (I2C_MSTR_NO_ERROR == status) {   
  63              		.loc 1 124 0
  64 0024 3CB9     		cbnz	r4, .L3
 125:main.c        ****         data[0] = I2C_MasterReadByte(I2C_ACK_DATA); // Integer
  65              		.loc 1 125 0
  66 0026 0120     		movs	r0, #1
  67 0028 FFF7FEFF 		bl	I2C_MasterReadByte
  68              	.LVL6:
  69 002c 2870     		strb	r0, [r5]
 126:main.c        ****         data[1] = I2C_MasterReadByte(I2C_NAK_DATA); // Fraction
  70              		.loc 1 126 0
  71 002e 0020     		movs	r0, #0
  72 0030 FFF7FEFF 		bl	I2C_MasterReadByte
  73              	.LVL7:
  74 0034 6870     		strb	r0, [r5, #1]
  75              	.L3:
 127:main.c        ****     }
 128:main.c        ****     I2C_MasterSendStop(); 
  76              		.loc 1 128 0
  77 0036 FFF7FEFF 		bl	I2C_MasterSendStop
  78              	.LVL8:
  79 003a 70BD     		pop	{r4, r5, r6, pc}
  80              		.cfi_endproc
  81              	.LFE67:
  82              		.size	Read2Bytes, .-Read2Bytes
  83              		.global	__aeabi_i2f
  84              		.global	__aeabi_fmul
  85              		.section	.text.getTemp,"ax",%progbits
  86              		.align	2
  87              		.global	getTemp
  88              		.thumb
  89              		.thumb_func
  90              		.type	getTemp, %function
  91              	getTemp:
  92              	.LFB68:
 129:main.c        **** }
 130:main.c        **** 
 131:main.c        **** float getTemp(void){
  93              		.loc 1 131 0
  94              		.cfi_startproc
  95              		@ args = 0, pretend = 0, frame = 0
  96              		@ frame_needed = 0, uses_anonymous_args = 0
  97 0000 10B5     		push	{r4, lr}
ARM GAS  C:\Users\Malth\AppData\Local\Temp\ccyVo6Ap.s 			page 5


  98              		.cfi_def_cfa_offset 8
  99              		.cfi_offset 4, -8
 100              		.cfi_offset 14, -4
 132:main.c        ****     Read2Bytes(addr, responseData);
 101              		.loc 1 132 0
 102 0002 094C     		ldr	r4, .L7
 103 0004 2146     		mov	r1, r4
 104 0006 094B     		ldr	r3, .L7+4
 105 0008 1878     		ldrb	r0, [r3]	@ zero_extendqisi2
 106 000a FFF7FEFF 		bl	Read2Bytes
 107              	.LVL9:
 133:main.c        ****     float temp  = (float)(((responseData[0] << 8) | responseData[1]) >> 5) * 0.125;
 108              		.loc 1 133 0
 109 000e 2078     		ldrb	r0, [r4]	@ zero_extendqisi2
 110 0010 6378     		ldrb	r3, [r4, #1]	@ zero_extendqisi2
 111 0012 43EA0020 		orr	r0, r3, r0, lsl #8
 112 0016 4011     		asrs	r0, r0, #5
 113 0018 FFF7FEFF 		bl	__aeabi_i2f
 114              	.LVL10:
 115 001c 4FF07851 		mov	r1, #1040187392
 116 0020 FFF7FEFF 		bl	__aeabi_fmul
 117              	.LVL11:
 134:main.c        ****     return temp;
 135:main.c        **** }
 118              		.loc 1 135 0
 119 0024 10BD     		pop	{r4, pc}
 120              	.L8:
 121 0026 00BF     		.align	2
 122              	.L7:
 123 0028 00000000 		.word	responseData
 124 002c 00000000 		.word	.LANCHOR0
 125              		.cfi_endproc
 126              	.LFE68:
 127              		.size	getTemp, .-getTemp
 128              		.global	__aeabi_fsub
 129              		.global	__aeabi_f2d
 130              		.global	__aeabi_fcmpgt
 131              		.global	__aeabi_fcmplt
 132              		.global	__aeabi_f2uiz
 133              		.section	.text.main,"ax",%progbits
 134              		.align	2
 135              		.global	main
 136              		.thumb
 137              		.thumb_func
 138              		.type	main, %function
 139              	main:
 140              	.LFB64:
  35:main.c        ****     CyGlobalIntEnable; /* Enable global interrupts. */
 141              		.loc 1 35 0
 142              		.cfi_startproc
 143              		@ args = 0, pretend = 0, frame = 16
 144              		@ frame_needed = 0, uses_anonymous_args = 0
 145 0000 F0B5     		push	{r4, r5, r6, r7, lr}
 146              		.cfi_def_cfa_offset 20
 147              		.cfi_offset 4, -20
 148              		.cfi_offset 5, -16
 149              		.cfi_offset 6, -12
ARM GAS  C:\Users\Malth\AppData\Local\Temp\ccyVo6Ap.s 			page 6


 150              		.cfi_offset 7, -8
 151              		.cfi_offset 14, -4
 152 0002 99B0     		sub	sp, sp, #100
 153              		.cfi_def_cfa_offset 120
  36:main.c        ****     
 154              		.loc 1 36 0
 155              		.syntax unified
 156              	@ 36 "main.c" 1
 157 0004 62B6     		CPSIE   i
 158              	@ 0 "" 2
  39:main.c        ****     UART_1_Start();
 159              		.loc 1 39 0
 160              		.thumb
 161              		.syntax unified
 162 0006 4048     		ldr	r0, .L15
 163 0008 FFF7FEFF 		bl	isr_uart_rx_StartEx
 164              	.LVL12:
  40:main.c        ****     PWM_Power_Start();
 165              		.loc 1 40 0
 166 000c FFF7FEFF 		bl	UART_1_Start
 167              	.LVL13:
  41:main.c        ****     I2C_Start();
 168              		.loc 1 41 0
 169 0010 FFF7FEFF 		bl	PWM_Power_Start
 170              	.LVL14:
  42:main.c        **** 
 171              		.loc 1 42 0
 172 0014 FFF7FEFF 		bl	I2C_Start
 173              	.LVL15:
  53:main.c        ****     PIDControl_changeSetPoint(setPoint);
 174              		.loc 1 53 0
 175 0018 3C4B     		ldr	r3, .L15+4
 176 001a 0193     		str	r3, [sp, #4]	@ float
 177 001c 3C4B     		ldr	r3, .L15+8
 178 001e 0093     		str	r3, [sp]	@ float
 179 0020 3C4B     		ldr	r3, .L15+12
 180 0022 0022     		movs	r2, #0
 181 0024 4FF07C51 		mov	r1, #1056964608
 182 0028 3B48     		ldr	r0, .L15+16
 183 002a FFF7FEFF 		bl	PIDControl_init
 184              	.LVL16:
  54:main.c        **** 
 185              		.loc 1 54 0
 186 002e 3B4B     		ldr	r3, .L15+20
 187 0030 1868     		ldr	r0, [r3]	@ float
 188 0032 FFF7FEFF 		bl	PIDControl_changeSetPoint
 189              	.LVL17:
  56:main.c        **** 
 190              		.loc 1 56 0
 191 0036 3A48     		ldr	r0, .L15+24
 192 0038 FFF7FEFF 		bl	UART_1_PutString
 193              	.LVL18:
 194              	.L11:
 195              	.LBB2:
  61:main.c        ****         
 196              		.loc 1 61 0
 197 003c FFF7FEFF 		bl	getTemp
ARM GAS  C:\Users\Malth\AppData\Local\Temp\ccyVo6Ap.s 			page 7


 198              	.LVL19:
 199 0040 0546     		mov	r5, r0
 200              	.LVL20:
  63:main.c        ****         float proportionalPart = 0;
 201              		.loc 1 63 0
 202 0042 364E     		ldr	r6, .L15+20
 203 0044 0146     		mov	r1, r0
 204 0046 3068     		ldr	r0, [r6]	@ float
 205              	.LVL21:
 206 0048 FFF7FEFF 		bl	__aeabi_fsub
 207              	.LVL22:
 208 004c 0746     		mov	r7, r0
 209              	.LVL23:
  64:main.c        ****         float integralPart = 0;
 210              		.loc 1 64 0
 211 004e 0022     		movs	r2, #0
 212 0050 1592     		str	r2, [sp, #84]	@ float
  65:main.c        ****         float derivativePart = 0;
 213              		.loc 1 65 0
 214 0052 1692     		str	r2, [sp, #88]	@ float
  66:main.c        ****         
 215              		.loc 1 66 0
 216 0054 18AB     		add	r3, sp, #96
 217 0056 43F8042D 		str	r2, [r3, #-4]!	@ float
  68:main.c        ****         snprintf(outputBuffer, sizeof(outputBuffer), "%f, %f, %f, %f, %f, %f, %f, %f, %f, %f \r\n",
 218              		.loc 1 68 0
 219 005a 16AA     		add	r2, sp, #88
 220 005c 15A9     		add	r1, sp, #84
 221 005e 2846     		mov	r0, r5
 222              	.LVL24:
 223 0060 FFF7FEFF 		bl	PIDControl_doStep
 224              	.LVL25:
 225 0064 0446     		mov	r4, r0
 226              	.LVL26:
  69:main.c        ****                                                       setPoint, temp, error, controlSignal, Kp, Ki,
 227              		.loc 1 69 0
 228 0066 1798     		ldr	r0, [sp, #92]	@ float
 229              	.LVL27:
 230 0068 FFF7FEFF 		bl	__aeabi_f2d
 231              	.LVL28:
 232 006c CDE91201 		strd	r0, [sp, #72]
 233 0070 1698     		ldr	r0, [sp, #88]	@ float
 234 0072 FFF7FEFF 		bl	__aeabi_f2d
 235              	.LVL29:
 236 0076 CDE91001 		strd	r0, [sp, #64]
 237 007a 1598     		ldr	r0, [sp, #84]	@ float
 238 007c FFF7FEFF 		bl	__aeabi_f2d
 239              	.LVL30:
 240 0080 CDE90E01 		strd	r0, [sp, #56]
 241 0084 0022     		movs	r2, #0
 242 0086 0023     		movs	r3, #0
 243 0088 CDE90C23 		strd	r2, [sp, #48]
 244 008c 0022     		movs	r2, #0
 245 008e 254B     		ldr	r3, .L15+28
 246 0090 CDE90A23 		strd	r2, [sp, #40]
 247 0094 0022     		movs	r2, #0
 248 0096 244B     		ldr	r3, .L15+32
ARM GAS  C:\Users\Malth\AppData\Local\Temp\ccyVo6Ap.s 			page 8


 249 0098 CDE90823 		strd	r2, [sp, #32]
 250 009c 2046     		mov	r0, r4
 251 009e FFF7FEFF 		bl	__aeabi_f2d
 252              	.LVL31:
 253 00a2 CDE90601 		strd	r0, [sp, #24]
 254 00a6 3846     		mov	r0, r7
 255 00a8 FFF7FEFF 		bl	__aeabi_f2d
 256              	.LVL32:
 257 00ac CDE90401 		strd	r0, [sp, #16]
 258 00b0 2846     		mov	r0, r5
 259 00b2 FFF7FEFF 		bl	__aeabi_f2d
 260              	.LVL33:
 261 00b6 CDE90201 		strd	r0, [sp, #8]
 262 00ba 3068     		ldr	r0, [r6]	@ float
 263 00bc FFF7FEFF 		bl	__aeabi_f2d
 264              	.LVL34:
 265 00c0 CDE90001 		strd	r0, [sp]
 266 00c4 194A     		ldr	r2, .L15+36
 267 00c6 4FF48071 		mov	r1, #256
 268 00ca 1948     		ldr	r0, .L15+40
 269 00cc FFF7FEFF 		bl	snprintf
 270              	.LVL35:
  72:main.c        ****             controlSignal = 100;
 271              		.loc 1 72 0
 272 00d0 1849     		ldr	r1, .L15+44
 273 00d2 2046     		mov	r0, r4
 274 00d4 FFF7FEFF 		bl	__aeabi_fcmpgt
 275              	.LVL36:
 276 00d8 28B9     		cbnz	r0, .L12
  75:main.c        ****             controlSignal = 0;
 277              		.loc 1 75 0
 278 00da 0021     		movs	r1, #0
 279 00dc 2046     		mov	r0, r4
 280 00de FFF7FEFF 		bl	__aeabi_fcmplt
 281              	.LVL37:
 282 00e2 18B1     		cbz	r0, .L10
 283 00e4 01E0     		b	.L13
 284              	.L12:
  73:main.c        ****         }
 285              		.loc 1 73 0
 286 00e6 134C     		ldr	r4, .L15+44
 287              	.LVL38:
 288 00e8 00E0     		b	.L10
 289              	.LVL39:
 290              	.L13:
  76:main.c        ****         }
 291              		.loc 1 76 0
 292 00ea 0024     		movs	r4, #0
 293              	.LVL40:
 294              	.L10:
  79:main.c        ****         UART_1_PutString(outputBuffer);
 295              		.loc 1 79 0
 296 00ec 2046     		mov	r0, r4
 297 00ee FFF7FEFF 		bl	__aeabi_f2uiz
 298              	.LVL41:
 299 00f2 C0B2     		uxtb	r0, r0
 300 00f4 FFF7FEFF 		bl	PWM_Power_WriteCompare
ARM GAS  C:\Users\Malth\AppData\Local\Temp\ccyVo6Ap.s 			page 9


 301              	.LVL42:
  80:main.c        ****         CyDelay(sampleWaitTimeInMilliseconds);
 302              		.loc 1 80 0
 303 00f8 0D48     		ldr	r0, .L15+40
 304 00fa FFF7FEFF 		bl	UART_1_PutString
 305              	.LVL43:
  81:main.c        ****     }
 306              		.loc 1 81 0
 307 00fe 40F24D10 		movw	r0, #333
 308 0102 FFF7FEFF 		bl	CyDelay
 309              	.LVL44:
 310              	.LBE2:
  82:main.c        **** }
 311              		.loc 1 82 0
 312 0106 99E7     		b	.L11
 313              	.L16:
 314              		.align	2
 315              	.L15:
 316 0108 00000000 		.word	ISR_UART_rx_handler
 317 010c FA7EAA3E 		.word	1051361018
 318 0110 00803BC5 		.word	-985956352
 319 0114 00803B45 		.word	1161527296
 320 0118 00002041 		.word	1092616192
 321 011c 00000000 		.word	.LANCHOR1
 322 0120 00000000 		.word	.LC0
 323 0124 0000E03F 		.word	1071644672
 324 0128 00002440 		.word	1076101120
 325 012c 2C000000 		.word	.LC1
 326 0130 04000000 		.word	.LANCHOR0+4
 327 0134 0000C842 		.word	1120403456
 328              		.cfi_endproc
 329              	.LFE64:
 330              		.size	main, .-main
 331              		.global	__aeabi_fadd
 332              		.section	.text.increaseTemp,"ax",%progbits
 333              		.align	2
 334              		.global	increaseTemp
 335              		.thumb
 336              		.thumb_func
 337              		.type	increaseTemp, %function
 338              	increaseTemp:
 339              	.LFB69:
 136:main.c        **** 
 137:main.c        **** void increaseTemp(){
 340              		.loc 1 137 0
 341              		.cfi_startproc
 342              		@ args = 0, pretend = 0, frame = 0
 343              		@ frame_needed = 0, uses_anonymous_args = 0
 344 0000 10B5     		push	{r4, lr}
 345              		.cfi_def_cfa_offset 8
 346              		.cfi_offset 4, -8
 347              		.cfi_offset 14, -4
 138:main.c        ****     setPoint = setPoint + 5;
 348              		.loc 1 138 0
 349 0002 0B4C     		ldr	r4, .L19
 350 0004 0B49     		ldr	r1, .L19+4
 351 0006 2068     		ldr	r0, [r4]	@ float
ARM GAS  C:\Users\Malth\AppData\Local\Temp\ccyVo6Ap.s 			page 10


 352 0008 FFF7FEFF 		bl	__aeabi_fadd
 353              	.LVL45:
 354 000c 2060     		str	r0, [r4]	@ float
 139:main.c        ****     UART_1_PutString(printf("TARGET TEMP CHANGED TO: %s\r\n", gcvt(setPoint,2,str)));
 355              		.loc 1 139 0
 356 000e FFF7FEFF 		bl	__aeabi_f2d
 357              	.LVL46:
 358 0012 094B     		ldr	r3, .L19+8
 359 0014 0222     		movs	r2, #2
 360 0016 FFF7FEFF 		bl	gcvt
 361              	.LVL47:
 362 001a 0146     		mov	r1, r0
 363 001c 0748     		ldr	r0, .L19+12
 364 001e FFF7FEFF 		bl	printf
 365              	.LVL48:
 366 0022 FFF7FEFF 		bl	UART_1_PutString
 367              	.LVL49:
 140:main.c        ****     PIDControl_changeSetPoint(setPoint);
 368              		.loc 1 140 0
 369 0026 2068     		ldr	r0, [r4]	@ float
 370 0028 FFF7FEFF 		bl	PIDControl_changeSetPoint
 371              	.LVL50:
 372 002c 10BD     		pop	{r4, pc}
 373              	.L20:
 374 002e 00BF     		.align	2
 375              	.L19:
 376 0030 00000000 		.word	.LANCHOR1
 377 0034 0000A040 		.word	1084227584
 378 0038 00000000 		.word	str
 379 003c 58000000 		.word	.LC2
 380              		.cfi_endproc
 381              	.LFE69:
 382              		.size	increaseTemp, .-increaseTemp
 383              		.section	.text.decreaseTemp,"ax",%progbits
 384              		.align	2
 385              		.global	decreaseTemp
 386              		.thumb
 387              		.thumb_func
 388              		.type	decreaseTemp, %function
 389              	decreaseTemp:
 390              	.LFB70:
 141:main.c        **** }
 142:main.c        **** void decreaseTemp(){
 391              		.loc 1 142 0
 392              		.cfi_startproc
 393              		@ args = 0, pretend = 0, frame = 0
 394              		@ frame_needed = 0, uses_anonymous_args = 0
 395 0000 10B5     		push	{r4, lr}
 396              		.cfi_def_cfa_offset 8
 397              		.cfi_offset 4, -8
 398              		.cfi_offset 14, -4
 143:main.c        ****     setPoint = setPoint - 5;
 399              		.loc 1 143 0
 400 0002 0B4C     		ldr	r4, .L23
 401 0004 0B49     		ldr	r1, .L23+4
 402 0006 2068     		ldr	r0, [r4]	@ float
 403 0008 FFF7FEFF 		bl	__aeabi_fsub
ARM GAS  C:\Users\Malth\AppData\Local\Temp\ccyVo6Ap.s 			page 11


 404              	.LVL51:
 405 000c 2060     		str	r0, [r4]	@ float
 144:main.c        ****     UART_1_PutString(printf("TARGET TEMP CHANGED TO: %s\r\n", gcvt(setPoint,2,str)));
 406              		.loc 1 144 0
 407 000e FFF7FEFF 		bl	__aeabi_f2d
 408              	.LVL52:
 409 0012 094B     		ldr	r3, .L23+8
 410 0014 0222     		movs	r2, #2
 411 0016 FFF7FEFF 		bl	gcvt
 412              	.LVL53:
 413 001a 0146     		mov	r1, r0
 414 001c 0748     		ldr	r0, .L23+12
 415 001e FFF7FEFF 		bl	printf
 416              	.LVL54:
 417 0022 FFF7FEFF 		bl	UART_1_PutString
 418              	.LVL55:
 145:main.c        ****     PIDControl_changeSetPoint(setPoint);
 419              		.loc 1 145 0
 420 0026 2068     		ldr	r0, [r4]	@ float
 421 0028 FFF7FEFF 		bl	PIDControl_changeSetPoint
 422              	.LVL56:
 423 002c 10BD     		pop	{r4, pc}
 424              	.L24:
 425 002e 00BF     		.align	2
 426              	.L23:
 427 0030 00000000 		.word	.LANCHOR1
 428 0034 0000A040 		.word	1084227584
 429 0038 00000000 		.word	str
 430 003c 58000000 		.word	.LC2
 431              		.cfi_endproc
 432              	.LFE70:
 433              		.size	decreaseTemp, .-decreaseTemp
 434              		.section	.text.handleByteReceived,"ax",%progbits
 435              		.align	2
 436              		.global	handleByteReceived
 437              		.thumb
 438              		.thumb_func
 439              		.type	handleByteReceived, %function
 440              	handleByteReceived:
 441              	.LFB66:
  98:main.c        ****     switch(byteReceived)
 442              		.loc 1 98 0
 443              		.cfi_startproc
 444              		@ args = 0, pretend = 0, frame = 0
 445              		@ frame_needed = 0, uses_anonymous_args = 0
 446              	.LVL57:
 447 0000 08B5     		push	{r3, lr}
 448              		.cfi_def_cfa_offset 8
 449              		.cfi_offset 3, -8
 450              		.cfi_offset 14, -4
  99:main.c        ****     {
 451              		.loc 1 99 0
 452 0002 6428     		cmp	r0, #100
 453 0004 04D0     		beq	.L27
 454 0006 7528     		cmp	r0, #117
 455 0008 04D1     		bne	.L25
 103:main.c        ****         }
ARM GAS  C:\Users\Malth\AppData\Local\Temp\ccyVo6Ap.s 			page 12


 456              		.loc 1 103 0
 457 000a FFF7FEFF 		bl	increaseTemp
 458              	.LVL58:
 105:main.c        ****         case 'd' :
 459              		.loc 1 105 0
 460 000e 08BD     		pop	{r3, pc}
 461              	.LVL59:
 462              	.L27:
 108:main.c        ****         }
 463              		.loc 1 108 0
 464 0010 FFF7FEFF 		bl	decreaseTemp
 465              	.LVL60:
 466              	.L25:
 467 0014 08BD     		pop	{r3, pc}
 468              		.cfi_endproc
 469              	.LFE66:
 470              		.size	handleByteReceived, .-handleByteReceived
 471 0016 00BF     		.section	.text.ISR_UART_rx_handler,"ax",%progbits
 472              		.align	2
 473              		.global	ISR_UART_rx_handler
 474              		.thumb
 475              		.thumb_func
 476              		.type	ISR_UART_rx_handler, %function
 477              	ISR_UART_rx_handler:
 478              	.LFB65:
  85:main.c        ****     uint8_t bytesToRead = UART_1_GetRxBufferSize();
 479              		.loc 1 85 0
 480              		.cfi_startproc
 481              		@ args = 0, pretend = 0, frame = 0
 482              		@ frame_needed = 0, uses_anonymous_args = 0
 483 0000 38B5     		push	{r3, r4, r5, lr}
 484              		.cfi_def_cfa_offset 16
 485              		.cfi_offset 3, -16
 486              		.cfi_offset 4, -12
 487              		.cfi_offset 5, -8
 488              		.cfi_offset 14, -4
  86:main.c        ****     while (bytesToRead > 0)
 489              		.loc 1 86 0
 490 0002 FFF7FEFF 		bl	UART_1_GetRxBufferSize
 491              	.LVL61:
 492 0006 0446     		mov	r4, r0
 493              	.LVL62:
  87:main.c        ****     {
 494              		.loc 1 87 0
 495 0008 09E0     		b	.L31
 496              	.L32:
 497              	.LBB3:
  89:main.c        ****         UART_1_WriteTxData(byteReceived); // echo back
 498              		.loc 1 89 0
 499 000a FFF7FEFF 		bl	UART_1_ReadRxData
 500              	.LVL63:
 501 000e 0546     		mov	r5, r0
 502              	.LVL64:
  90:main.c        ****         
 503              		.loc 1 90 0
 504 0010 FFF7FEFF 		bl	UART_1_WriteTxData
 505              	.LVL65:
ARM GAS  C:\Users\Malth\AppData\Local\Temp\ccyVo6Ap.s 			page 13


  92:main.c        ****         
 506              		.loc 1 92 0
 507 0014 2846     		mov	r0, r5
 508 0016 FFF7FEFF 		bl	handleByteReceived
 509              	.LVL66:
  94:main.c        ****     }
 510              		.loc 1 94 0
 511 001a 013C     		subs	r4, r4, #1
 512              	.LVL67:
 513 001c E4B2     		uxtb	r4, r4
 514              	.LVL68:
 515              	.L31:
 516              	.LBE3:
  87:main.c        ****     {
 517              		.loc 1 87 0
 518 001e 002C     		cmp	r4, #0
 519 0020 F3D1     		bne	.L32
  96:main.c        **** void handleByteReceived(uint8_t byteReceived)
 520              		.loc 1 96 0
 521 0022 38BD     		pop	{r3, r4, r5, pc}
 522              		.cfi_endproc
 523              	.LFE65:
 524              		.size	ISR_UART_rx_handler, .-ISR_UART_rx_handler
 525              		.comm	str,128,4
 526              		.global	addr
 527              		.comm	responseData,0,4
 528              		.data
 529              		.align	2
 530              		.set	.LANCHOR1,. + 0
 531              		.type	setPoint, %object
 532              		.size	setPoint, 4
 533              	setPoint:
 534 0000 0000F041 		.word	1106247680
 535              		.section	.rodata.str1.4,"aMS",%progbits,1
 536              		.align	2
 537              	.LC0:
 538 0000 54656D70 		.ascii	"Temperature control application started\015\012\000"
 538      65726174 
 538      75726520 
 538      636F6E74 
 538      726F6C20 
 539 002a 0000     		.space	2
 540              	.LC1:
 541 002c 25662C20 		.ascii	"%f, %f, %f, %f, %f, %f, %f, %f, %f, %f \015\012\000"
 541      25662C20 
 541      25662C20 
 541      25662C20 
 541      25662C20 
 542 0056 0000     		.space	2
 543              	.LC2:
 544 0058 54415247 		.ascii	"TARGET TEMP CHANGED TO: %s\015\012\000"
 544      45542054 
 544      454D5020 
 544      4348414E 
 544      47454420 
 545              		.bss
 546              		.align	2
ARM GAS  C:\Users\Malth\AppData\Local\Temp\ccyVo6Ap.s 			page 14


 547              		.set	.LANCHOR0,. + 0
 548              		.type	addr, %object
 549              		.size	addr, 1
 550              	addr:
 551 0000 00       		.space	1
 552 0001 000000   		.space	3
 553              		.type	outputBuffer, %object
 554              		.size	outputBuffer, 256
 555              	outputBuffer:
 556 0004 00000000 		.space	256
 556      00000000 
 556      00000000 
 556      00000000 
 556      00000000 
 557              		.text
 558              	.Letext0:
 559              		.file 2 "c:\\program files (x86)\\cypress\\psoc creator\\4.2\\psoc creator\\import\\gnu\\arm\\5.4.
 560              		.file 3 "c:\\program files (x86)\\cypress\\psoc creator\\4.2\\psoc creator\\import\\gnu\\arm\\5.4.
 561              		.file 4 "Generated_Source\\PSoC5/core_cm3.h"
 562              		.file 5 "Generated_Source\\PSoC5/I2C.h"
 563              		.file 6 "PIDControl.h"
 564              		.file 7 "c:\\program files (x86)\\cypress\\psoc creator\\4.2\\psoc creator\\import\\gnu\\arm\\5.4.
 565              		.file 8 "Generated_Source\\PSoC5/PWM_Power.h"
 566              		.file 9 "Generated_Source\\PSoC5/UART_1.h"
 567              		.file 10 "Generated_Source\\PSoC5/CyLib.h"
 568              		.file 11 "Generated_Source\\PSoC5/isr_uart_rx.h"
 569              		.section	.debug_info,"",%progbits
 570              	.Ldebug_info0:
 571 0000 A5060000 		.4byte	0x6a5
 572 0004 0400     		.2byte	0x4
 573 0006 00000000 		.4byte	.Ldebug_abbrev0
 574 000a 04       		.byte	0x4
 575 000b 01       		.uleb128 0x1
 576 000c A2030000 		.4byte	.LASF65
 577 0010 0C       		.byte	0xc
 578 0011 B2020000 		.4byte	.LASF66
 579 0015 30030000 		.4byte	.LASF67
 580 0019 00000000 		.4byte	.Ldebug_ranges0+0
 581 001d 00000000 		.4byte	0
 582 0021 00000000 		.4byte	.Ldebug_line0
 583 0025 02       		.uleb128 0x2
 584 0026 04       		.byte	0x4
 585 0027 04       		.byte	0x4
 586 0028 04010000 		.4byte	.LASF0
 587 002c 02       		.uleb128 0x2
 588 002d 01       		.byte	0x1
 589 002e 06       		.byte	0x6
 590 002f CA010000 		.4byte	.LASF1
 591 0033 03       		.uleb128 0x3
 592 0034 35010000 		.4byte	.LASF4
 593 0038 02       		.byte	0x2
 594 0039 1D       		.byte	0x1d
 595 003a 3E000000 		.4byte	0x3e
 596 003e 02       		.uleb128 0x2
 597 003f 01       		.byte	0x1
 598 0040 08       		.byte	0x8
 599 0041 97010000 		.4byte	.LASF2
ARM GAS  C:\Users\Malth\AppData\Local\Temp\ccyVo6Ap.s 			page 15


 600 0045 02       		.uleb128 0x2
 601 0046 02       		.byte	0x2
 602 0047 05       		.byte	0x5
 603 0048 6F000000 		.4byte	.LASF3
 604 004c 03       		.uleb128 0x3
 605 004d BD000000 		.4byte	.LASF5
 606 0051 02       		.byte	0x2
 607 0052 2B       		.byte	0x2b
 608 0053 57000000 		.4byte	0x57
 609 0057 02       		.uleb128 0x2
 610 0058 02       		.byte	0x2
 611 0059 07       		.byte	0x7
 612 005a 2D020000 		.4byte	.LASF6
 613 005e 03       		.uleb128 0x3
 614 005f 19030000 		.4byte	.LASF7
 615 0063 02       		.byte	0x2
 616 0064 3F       		.byte	0x3f
 617 0065 69000000 		.4byte	0x69
 618 0069 02       		.uleb128 0x2
 619 006a 04       		.byte	0x4
 620 006b 05       		.byte	0x5
 621 006c 25010000 		.4byte	.LASF8
 622 0070 02       		.uleb128 0x2
 623 0071 04       		.byte	0x4
 624 0072 07       		.byte	0x7
 625 0073 B9020000 		.4byte	.LASF9
 626 0077 02       		.uleb128 0x2
 627 0078 08       		.byte	0x8
 628 0079 05       		.byte	0x5
 629 007a 0A010000 		.4byte	.LASF10
 630 007e 02       		.uleb128 0x2
 631 007f 08       		.byte	0x8
 632 0080 07       		.byte	0x7
 633 0081 D6010000 		.4byte	.LASF11
 634 0085 04       		.uleb128 0x4
 635 0086 04       		.byte	0x4
 636 0087 05       		.byte	0x5
 637 0088 696E7400 		.ascii	"int\000"
 638 008c 02       		.uleb128 0x2
 639 008d 04       		.byte	0x4
 640 008e 07       		.byte	0x7
 641 008f 03020000 		.4byte	.LASF12
 642 0093 02       		.uleb128 0x2
 643 0094 08       		.byte	0x8
 644 0095 04       		.byte	0x4
 645 0096 7E010000 		.4byte	.LASF13
 646 009a 02       		.uleb128 0x2
 647 009b 04       		.byte	0x4
 648 009c 07       		.byte	0x7
 649 009d 79000000 		.4byte	.LASF14
 650 00a1 02       		.uleb128 0x2
 651 00a2 01       		.byte	0x1
 652 00a3 08       		.byte	0x8
 653 00a4 47020000 		.4byte	.LASF15
 654 00a8 03       		.uleb128 0x3
 655 00a9 EF000000 		.4byte	.LASF16
 656 00ad 03       		.byte	0x3
ARM GAS  C:\Users\Malth\AppData\Local\Temp\ccyVo6Ap.s 			page 16


 657 00ae 18       		.byte	0x18
 658 00af 33000000 		.4byte	0x33
 659 00b3 03       		.uleb128 0x3
 660 00b4 10020000 		.4byte	.LASF17
 661 00b8 03       		.byte	0x3
 662 00b9 24       		.byte	0x24
 663 00ba 4C000000 		.4byte	0x4c
 664 00be 03       		.uleb128 0x3
 665 00bf 66020000 		.4byte	.LASF18
 666 00c3 03       		.byte	0x3
 667 00c4 2C       		.byte	0x2c
 668 00c5 5E000000 		.4byte	0x5e
 669 00c9 02       		.uleb128 0x2
 670 00ca 08       		.byte	0x8
 671 00cb 04       		.byte	0x4
 672 00cc EE020000 		.4byte	.LASF19
 673 00d0 05       		.uleb128 0x5
 674 00d1 0D000000 		.4byte	.LASF34
 675 00d5 01       		.byte	0x1
 676 00d6 71       		.byte	0x71
 677 00d7 00000000 		.4byte	.LFB67
 678 00db 3C000000 		.4byte	.LFE67-.LFB67
 679 00df 01       		.uleb128 0x1
 680 00e0 9C       		.byte	0x9c
 681 00e1 91010000 		.4byte	0x191
 682 00e5 06       		.uleb128 0x6
 683 00e6 08000000 		.4byte	.LASF20
 684 00ea 01       		.byte	0x1
 685 00eb 71       		.byte	0x71
 686 00ec A8000000 		.4byte	0xa8
 687 00f0 00000000 		.4byte	.LLST0
 688 00f4 06       		.uleb128 0x6
 689 00f5 96020000 		.4byte	.LASF21
 690 00f9 01       		.byte	0x1
 691 00fa 71       		.byte	0x71
 692 00fb 91010000 		.4byte	0x191
 693 00ff 21000000 		.4byte	.LLST1
 694 0103 07       		.uleb128 0x7
 695 0104 40020000 		.4byte	.LASF22
 696 0108 01       		.byte	0x1
 697 0109 73       		.byte	0x73
 698 010a A8000000 		.4byte	0xa8
 699 010e 3F000000 		.4byte	.LLST2
 700 0112 08       		.uleb128 0x8
 701 0113 0A000000 		.4byte	.LVL1
 702 0117 B6050000 		.4byte	0x5b6
 703 011b 09       		.uleb128 0x9
 704 011c 12000000 		.4byte	.LVL2
 705 0120 C1050000 		.4byte	0x5c1
 706 0124 34010000 		.4byte	0x134
 707 0128 0A       		.uleb128 0xa
 708 0129 01       		.uleb128 0x1
 709 012a 50       		.byte	0x50
 710 012b 02       		.uleb128 0x2
 711 012c 08       		.byte	0x8
 712 012d 48       		.byte	0x48
 713 012e 0A       		.uleb128 0xa
ARM GAS  C:\Users\Malth\AppData\Local\Temp\ccyVo6Ap.s 			page 17


 714 012f 01       		.uleb128 0x1
 715 0130 51       		.byte	0x51
 716 0131 01       		.uleb128 0x1
 717 0132 30       		.byte	0x30
 718 0133 00       		.byte	0
 719 0134 09       		.uleb128 0x9
 720 0135 1C000000 		.4byte	.LVL4
 721 0139 CC050000 		.4byte	0x5cc
 722 013d 48010000 		.4byte	0x148
 723 0141 0A       		.uleb128 0xa
 724 0142 01       		.uleb128 0x1
 725 0143 50       		.byte	0x50
 726 0144 02       		.uleb128 0x2
 727 0145 76       		.byte	0x76
 728 0146 00       		.sleb128 0
 729 0147 00       		.byte	0
 730 0148 09       		.uleb128 0x9
 731 0149 24000000 		.4byte	.LVL5
 732 014d D7050000 		.4byte	0x5d7
 733 0151 61010000 		.4byte	0x161
 734 0155 0A       		.uleb128 0xa
 735 0156 01       		.uleb128 0x1
 736 0157 50       		.byte	0x50
 737 0158 02       		.uleb128 0x2
 738 0159 08       		.byte	0x8
 739 015a 48       		.byte	0x48
 740 015b 0A       		.uleb128 0xa
 741 015c 01       		.uleb128 0x1
 742 015d 51       		.byte	0x51
 743 015e 01       		.uleb128 0x1
 744 015f 31       		.byte	0x31
 745 0160 00       		.byte	0
 746 0161 09       		.uleb128 0x9
 747 0162 2C000000 		.4byte	.LVL6
 748 0166 E2050000 		.4byte	0x5e2
 749 016a 74010000 		.4byte	0x174
 750 016e 0A       		.uleb128 0xa
 751 016f 01       		.uleb128 0x1
 752 0170 50       		.byte	0x50
 753 0171 01       		.uleb128 0x1
 754 0172 31       		.byte	0x31
 755 0173 00       		.byte	0
 756 0174 09       		.uleb128 0x9
 757 0175 34000000 		.4byte	.LVL7
 758 0179 E2050000 		.4byte	0x5e2
 759 017d 87010000 		.4byte	0x187
 760 0181 0A       		.uleb128 0xa
 761 0182 01       		.uleb128 0x1
 762 0183 50       		.byte	0x50
 763 0184 01       		.uleb128 0x1
 764 0185 30       		.byte	0x30
 765 0186 00       		.byte	0
 766 0187 08       		.uleb128 0x8
 767 0188 3A000000 		.4byte	.LVL8
 768 018c ED050000 		.4byte	0x5ed
 769 0190 00       		.byte	0
 770 0191 0B       		.uleb128 0xb
ARM GAS  C:\Users\Malth\AppData\Local\Temp\ccyVo6Ap.s 			page 18


 771 0192 04       		.byte	0x4
 772 0193 A8000000 		.4byte	0xa8
 773 0197 0C       		.uleb128 0xc
 774 0198 00000000 		.4byte	.LASF68
 775 019c 01       		.byte	0x1
 776 019d 83       		.byte	0x83
 777 019e 25000000 		.4byte	0x25
 778 01a2 00000000 		.4byte	.LFB68
 779 01a6 30000000 		.4byte	.LFE68-.LFB68
 780 01aa 01       		.uleb128 0x1
 781 01ab 9C       		.byte	0x9c
 782 01ac CE010000 		.4byte	0x1ce
 783 01b0 0D       		.uleb128 0xd
 784 01b1 6A000000 		.4byte	.LASF23
 785 01b5 01       		.byte	0x1
 786 01b6 85       		.byte	0x85
 787 01b7 25000000 		.4byte	0x25
 788 01bb 01       		.uleb128 0x1
 789 01bc 50       		.byte	0x50
 790 01bd 0E       		.uleb128 0xe
 791 01be 0E000000 		.4byte	.LVL9
 792 01c2 D0000000 		.4byte	0xd0
 793 01c6 0A       		.uleb128 0xa
 794 01c7 01       		.uleb128 0x1
 795 01c8 51       		.byte	0x51
 796 01c9 02       		.uleb128 0x2
 797 01ca 74       		.byte	0x74
 798 01cb 00       		.sleb128 0
 799 01cc 00       		.byte	0
 800 01cd 00       		.byte	0
 801 01ce 0F       		.uleb128 0xf
 802 01cf A2000000 		.4byte	.LASF69
 803 01d3 01       		.byte	0x1
 804 01d4 22       		.byte	0x22
 805 01d5 85000000 		.4byte	0x85
 806 01d9 00000000 		.4byte	.LFB64
 807 01dd 38010000 		.4byte	.LFE64-.LFB64
 808 01e1 01       		.uleb128 0x1
 809 01e2 9C       		.byte	0x9c
 810 01e3 88030000 		.4byte	0x388
 811 01e7 10       		.uleb128 0x10
 812 01e8 4B7000   		.ascii	"Kp\000"
 813 01eb 01       		.byte	0x1
 814 01ec 2C       		.byte	0x2c
 815 01ed 25000000 		.4byte	0x25
 816 01f1 04       		.byte	0x4
 817 01f2 00002041 		.4byte	0x41200000
 818 01f6 10       		.uleb128 0x10
 819 01f7 4B6900   		.ascii	"Ki\000"
 820 01fa 01       		.byte	0x1
 821 01fb 2D       		.byte	0x2d
 822 01fc 25000000 		.4byte	0x25
 823 0200 04       		.byte	0x4
 824 0201 0000003F 		.4byte	0x3f000000
 825 0205 10       		.uleb128 0x10
 826 0206 4B6400   		.ascii	"Kd\000"
 827 0209 01       		.byte	0x1
ARM GAS  C:\Users\Malth\AppData\Local\Temp\ccyVo6Ap.s 			page 19


 828 020a 2E       		.byte	0x2e
 829 020b 25000000 		.4byte	0x25
 830 020f 04       		.byte	0x4
 831 0210 00000000 		.4byte	0
 832 0214 11       		.uleb128 0x11
 833 0215 82000000 		.4byte	.LASF24
 834 0219 01       		.byte	0x1
 835 021a 2F       		.byte	0x2f
 836 021b 25000000 		.4byte	0x25
 837 021f 04       		.byte	0x4
 838 0220 00803B45 		.4byte	0x453b8000
 839 0224 11       		.uleb128 0x11
 840 0225 E3000000 		.4byte	.LASF25
 841 0229 01       		.byte	0x1
 842 022a 30       		.byte	0x30
 843 022b 25000000 		.4byte	0x25
 844 022f 04       		.byte	0x4
 845 0230 00803BC5 		.4byte	0xc53b8000
 846 0234 07       		.uleb128 0x7
 847 0235 6A000000 		.4byte	.LASF23
 848 0239 01       		.byte	0x1
 849 023a 31       		.byte	0x31
 850 023b 25000000 		.4byte	0x25
 851 023f 52000000 		.4byte	.LLST3
 852 0243 07       		.uleb128 0x7
 853 0244 C8000000 		.4byte	.LASF26
 854 0248 01       		.byte	0x1
 855 0249 32       		.byte	0x32
 856 024a 25000000 		.4byte	0x25
 857 024e 8B000000 		.4byte	.LLST4
 858 0252 10       		.uleb128 0x10
 859 0253 647400   		.ascii	"dt\000"
 860 0256 01       		.byte	0x1
 861 0257 34       		.byte	0x34
 862 0258 25000000 		.4byte	0x25
 863 025c 04       		.byte	0x4
 864 025d FA7EAA3E 		.4byte	0x3eaa7efa
 865 0261 12       		.uleb128 0x12
 866 0262 3C000000 		.4byte	.LBB2
 867 0266 CA000000 		.4byte	.LBE2-.LBB2
 868 026a 30030000 		.4byte	0x330
 869 026e 07       		.uleb128 0x7
 870 026f 82030000 		.4byte	.LASF27
 871 0273 01       		.byte	0x1
 872 0274 3F       		.byte	0x3f
 873 0275 25000000 		.4byte	0x25
 874 0279 C4000000 		.4byte	.LLST5
 875 027d 0D       		.uleb128 0xd
 876 027e 35000000 		.4byte	.LASF28
 877 0282 01       		.byte	0x1
 878 0283 40       		.byte	0x40
 879 0284 25000000 		.4byte	0x25
 880 0288 02       		.uleb128 0x2
 881 0289 91       		.byte	0x91
 882 028a 5C       		.sleb128 -36
 883 028b 0D       		.uleb128 0xd
 884 028c 23030000 		.4byte	.LASF29
ARM GAS  C:\Users\Malth\AppData\Local\Temp\ccyVo6Ap.s 			page 20


 885 0290 01       		.byte	0x1
 886 0291 41       		.byte	0x41
 887 0292 25000000 		.4byte	0x25
 888 0296 02       		.uleb128 0x2
 889 0297 91       		.byte	0x91
 890 0298 60       		.sleb128 -32
 891 0299 0D       		.uleb128 0xd
 892 029a 6F010000 		.4byte	.LASF30
 893 029e 01       		.byte	0x1
 894 029f 42       		.byte	0x42
 895 02a0 25000000 		.4byte	0x25
 896 02a4 02       		.uleb128 0x2
 897 02a5 91       		.byte	0x91
 898 02a6 64       		.sleb128 -28
 899 02a7 08       		.uleb128 0x8
 900 02a8 40000000 		.4byte	.LVL19
 901 02ac 97010000 		.4byte	0x197
 902 02b0 09       		.uleb128 0x9
 903 02b1 64000000 		.4byte	.LVL25
 904 02b5 F8050000 		.4byte	0x5f8
 905 02b9 D7020000 		.4byte	0x2d7
 906 02bd 0A       		.uleb128 0xa
 907 02be 01       		.uleb128 0x1
 908 02bf 50       		.byte	0x50
 909 02c0 03       		.uleb128 0x3
 910 02c1 F5       		.byte	0xf5
 911 02c2 05       		.uleb128 0x5
 912 02c3 25       		.uleb128 0x25
 913 02c4 0A       		.uleb128 0xa
 914 02c5 01       		.uleb128 0x1
 915 02c6 51       		.byte	0x51
 916 02c7 02       		.uleb128 0x2
 917 02c8 91       		.byte	0x91
 918 02c9 5C       		.sleb128 -36
 919 02ca 0A       		.uleb128 0xa
 920 02cb 01       		.uleb128 0x1
 921 02cc 52       		.byte	0x52
 922 02cd 02       		.uleb128 0x2
 923 02ce 91       		.byte	0x91
 924 02cf 60       		.sleb128 -32
 925 02d0 0A       		.uleb128 0xa
 926 02d1 01       		.uleb128 0x1
 927 02d2 53       		.byte	0x53
 928 02d3 02       		.uleb128 0x2
 929 02d4 91       		.byte	0x91
 930 02d5 64       		.sleb128 -28
 931 02d6 00       		.byte	0
 932 02d7 09       		.uleb128 0x9
 933 02d8 D0000000 		.4byte	.LVL35
 934 02dc 03060000 		.4byte	0x603
 935 02e0 FE020000 		.4byte	0x2fe
 936 02e4 0A       		.uleb128 0xa
 937 02e5 01       		.uleb128 0x1
 938 02e6 50       		.byte	0x50
 939 02e7 05       		.uleb128 0x5
 940 02e8 03       		.byte	0x3
 941 02e9 04000000 		.4byte	.LANCHOR0+4
ARM GAS  C:\Users\Malth\AppData\Local\Temp\ccyVo6Ap.s 			page 21


 942 02ed 0A       		.uleb128 0xa
 943 02ee 01       		.uleb128 0x1
 944 02ef 51       		.byte	0x51
 945 02f0 03       		.uleb128 0x3
 946 02f1 0A       		.byte	0xa
 947 02f2 0001     		.2byte	0x100
 948 02f4 0A       		.uleb128 0xa
 949 02f5 01       		.uleb128 0x1
 950 02f6 52       		.byte	0x52
 951 02f7 05       		.uleb128 0x5
 952 02f8 03       		.byte	0x3
 953 02f9 2C000000 		.4byte	.LC1
 954 02fd 00       		.byte	0
 955 02fe 08       		.uleb128 0x8
 956 02ff F8000000 		.4byte	.LVL42
 957 0303 0E060000 		.4byte	0x60e
 958 0307 09       		.uleb128 0x9
 959 0308 FE000000 		.4byte	.LVL43
 960 030c 19060000 		.4byte	0x619
 961 0310 1E030000 		.4byte	0x31e
 962 0314 0A       		.uleb128 0xa
 963 0315 01       		.uleb128 0x1
 964 0316 50       		.byte	0x50
 965 0317 05       		.uleb128 0x5
 966 0318 03       		.byte	0x3
 967 0319 04000000 		.4byte	.LANCHOR0+4
 968 031d 00       		.byte	0
 969 031e 0E       		.uleb128 0xe
 970 031f 06010000 		.4byte	.LVL44
 971 0323 24060000 		.4byte	0x624
 972 0327 0A       		.uleb128 0xa
 973 0328 01       		.uleb128 0x1
 974 0329 50       		.byte	0x50
 975 032a 03       		.uleb128 0x3
 976 032b 0A       		.byte	0xa
 977 032c 4D01     		.2byte	0x14d
 978 032e 00       		.byte	0
 979 032f 00       		.byte	0
 980 0330 09       		.uleb128 0x9
 981 0331 0C000000 		.4byte	.LVL12
 982 0335 2F060000 		.4byte	0x62f
 983 0339 47030000 		.4byte	0x347
 984 033d 0A       		.uleb128 0xa
 985 033e 01       		.uleb128 0x1
 986 033f 50       		.byte	0x50
 987 0340 05       		.uleb128 0x5
 988 0341 03       		.byte	0x3
 989 0342 00000000 		.4byte	ISR_UART_rx_handler
 990 0346 00       		.byte	0
 991 0347 08       		.uleb128 0x8
 992 0348 10000000 		.4byte	.LVL13
 993 034c 3A060000 		.4byte	0x63a
 994 0350 08       		.uleb128 0x8
 995 0351 14000000 		.4byte	.LVL14
 996 0355 45060000 		.4byte	0x645
 997 0359 08       		.uleb128 0x8
 998 035a 18000000 		.4byte	.LVL15
ARM GAS  C:\Users\Malth\AppData\Local\Temp\ccyVo6Ap.s 			page 22


 999 035e 50060000 		.4byte	0x650
 1000 0362 08       		.uleb128 0x8
 1001 0363 2E000000 		.4byte	.LVL16
 1002 0367 5B060000 		.4byte	0x65b
 1003 036b 08       		.uleb128 0x8
 1004 036c 36000000 		.4byte	.LVL17
 1005 0370 66060000 		.4byte	0x666
 1006 0374 0E       		.uleb128 0xe
 1007 0375 3C000000 		.4byte	.LVL18
 1008 0379 19060000 		.4byte	0x619
 1009 037d 0A       		.uleb128 0xa
 1010 037e 01       		.uleb128 0x1
 1011 037f 50       		.byte	0x50
 1012 0380 05       		.uleb128 0x5
 1013 0381 03       		.byte	0x3
 1014 0382 00000000 		.4byte	.LC0
 1015 0386 00       		.byte	0
 1016 0387 00       		.byte	0
 1017 0388 13       		.uleb128 0x13
 1018 0389 D6000000 		.4byte	.LASF31
 1019 038d 01       		.byte	0x1
 1020 038e 89       		.byte	0x89
 1021 038f 00000000 		.4byte	.LFB69
 1022 0393 40000000 		.4byte	.LFE69-.LFB69
 1023 0397 01       		.uleb128 0x1
 1024 0398 9C       		.byte	0x9c
 1025 0399 F4030000 		.4byte	0x3f4
 1026 039d 14       		.uleb128 0x14
 1027 039e 7D030000 		.4byte	.LASF33
 1028 03a2 01       		.byte	0x1
 1029 03a3 8B       		.byte	0x8b
 1030 03a4 85000000 		.4byte	0x85
 1031 03a8 AE030000 		.4byte	0x3ae
 1032 03ac 15       		.uleb128 0x15
 1033 03ad 00       		.byte	0
 1034 03ae 09       		.uleb128 0x9
 1035 03af 1A000000 		.4byte	.LVL47
 1036 03b3 71060000 		.4byte	0x671
 1037 03b7 CA030000 		.4byte	0x3ca
 1038 03bb 0A       		.uleb128 0xa
 1039 03bc 01       		.uleb128 0x1
 1040 03bd 52       		.byte	0x52
 1041 03be 01       		.uleb128 0x1
 1042 03bf 32       		.byte	0x32
 1043 03c0 0A       		.uleb128 0xa
 1044 03c1 01       		.uleb128 0x1
 1045 03c2 53       		.byte	0x53
 1046 03c3 05       		.uleb128 0x5
 1047 03c4 03       		.byte	0x3
 1048 03c5 00000000 		.4byte	str
 1049 03c9 00       		.byte	0
 1050 03ca 09       		.uleb128 0x9
 1051 03cb 22000000 		.4byte	.LVL48
 1052 03cf 7C060000 		.4byte	0x67c
 1053 03d3 E1030000 		.4byte	0x3e1
 1054 03d7 0A       		.uleb128 0xa
 1055 03d8 01       		.uleb128 0x1
ARM GAS  C:\Users\Malth\AppData\Local\Temp\ccyVo6Ap.s 			page 23


 1056 03d9 50       		.byte	0x50
 1057 03da 05       		.uleb128 0x5
 1058 03db 03       		.byte	0x3
 1059 03dc 58000000 		.4byte	.LC2
 1060 03e0 00       		.byte	0
 1061 03e1 08       		.uleb128 0x8
 1062 03e2 26000000 		.4byte	.LVL49
 1063 03e6 19060000 		.4byte	0x619
 1064 03ea 08       		.uleb128 0x8
 1065 03eb 2C000000 		.4byte	.LVL50
 1066 03ef 66060000 		.4byte	0x666
 1067 03f3 00       		.byte	0
 1068 03f4 13       		.uleb128 0x13
 1069 03f5 88030000 		.4byte	.LASF32
 1070 03f9 01       		.byte	0x1
 1071 03fa 8E       		.byte	0x8e
 1072 03fb 00000000 		.4byte	.LFB70
 1073 03ff 40000000 		.4byte	.LFE70-.LFB70
 1074 0403 01       		.uleb128 0x1
 1075 0404 9C       		.byte	0x9c
 1076 0405 60040000 		.4byte	0x460
 1077 0409 14       		.uleb128 0x14
 1078 040a 7D030000 		.4byte	.LASF33
 1079 040e 01       		.byte	0x1
 1080 040f 8B       		.byte	0x8b
 1081 0410 85000000 		.4byte	0x85
 1082 0414 1A040000 		.4byte	0x41a
 1083 0418 15       		.uleb128 0x15
 1084 0419 00       		.byte	0
 1085 041a 09       		.uleb128 0x9
 1086 041b 1A000000 		.4byte	.LVL53
 1087 041f 71060000 		.4byte	0x671
 1088 0423 36040000 		.4byte	0x436
 1089 0427 0A       		.uleb128 0xa
 1090 0428 01       		.uleb128 0x1
 1091 0429 52       		.byte	0x52
 1092 042a 01       		.uleb128 0x1
 1093 042b 32       		.byte	0x32
 1094 042c 0A       		.uleb128 0xa
 1095 042d 01       		.uleb128 0x1
 1096 042e 53       		.byte	0x53
 1097 042f 05       		.uleb128 0x5
 1098 0430 03       		.byte	0x3
 1099 0431 00000000 		.4byte	str
 1100 0435 00       		.byte	0
 1101 0436 09       		.uleb128 0x9
 1102 0437 22000000 		.4byte	.LVL54
 1103 043b 7C060000 		.4byte	0x67c
 1104 043f 4D040000 		.4byte	0x44d
 1105 0443 0A       		.uleb128 0xa
 1106 0444 01       		.uleb128 0x1
 1107 0445 50       		.byte	0x50
 1108 0446 05       		.uleb128 0x5
 1109 0447 03       		.byte	0x3
 1110 0448 58000000 		.4byte	.LC2
 1111 044c 00       		.byte	0
 1112 044d 08       		.uleb128 0x8
ARM GAS  C:\Users\Malth\AppData\Local\Temp\ccyVo6Ap.s 			page 24


 1113 044e 26000000 		.4byte	.LVL55
 1114 0452 19060000 		.4byte	0x619
 1115 0456 08       		.uleb128 0x8
 1116 0457 2C000000 		.4byte	.LVL56
 1117 045b 66060000 		.4byte	0x666
 1118 045f 00       		.byte	0
 1119 0460 05       		.uleb128 0x5
 1120 0461 3F010000 		.4byte	.LASF35
 1121 0465 01       		.byte	0x1
 1122 0466 61       		.byte	0x61
 1123 0467 00000000 		.4byte	.LFB66
 1124 046b 16000000 		.4byte	.LFE66-.LFB66
 1125 046f 01       		.uleb128 0x1
 1126 0470 9C       		.byte	0x9c
 1127 0471 97040000 		.4byte	0x497
 1128 0475 06       		.uleb128 0x6
 1129 0476 F7000000 		.4byte	.LASF36
 1130 047a 01       		.byte	0x1
 1131 047b 61       		.byte	0x61
 1132 047c A8000000 		.4byte	0xa8
 1133 0480 E2000000 		.4byte	.LLST6
 1134 0484 08       		.uleb128 0x8
 1135 0485 0E000000 		.4byte	.LVL58
 1136 0489 88030000 		.4byte	0x388
 1137 048d 08       		.uleb128 0x8
 1138 048e 14000000 		.4byte	.LVL60
 1139 0492 F4030000 		.4byte	0x3f4
 1140 0496 00       		.byte	0
 1141 0497 05       		.uleb128 0x5
 1142 0498 56000000 		.4byte	.LASF37
 1143 049c 01       		.byte	0x1
 1144 049d 54       		.byte	0x54
 1145 049e 00000000 		.4byte	.LFB65
 1146 04a2 24000000 		.4byte	.LFE65-.LFB65
 1147 04a6 01       		.uleb128 0x1
 1148 04a7 9C       		.byte	0x9c
 1149 04a8 0F050000 		.4byte	0x50f
 1150 04ac 07       		.uleb128 0x7
 1151 04ad CB020000 		.4byte	.LASF38
 1152 04b1 01       		.byte	0x1
 1153 04b2 56       		.byte	0x56
 1154 04b3 A8000000 		.4byte	0xa8
 1155 04b7 1C010000 		.4byte	.LLST7
 1156 04bb 12       		.uleb128 0x12
 1157 04bc 0A000000 		.4byte	.LBB3
 1158 04c0 14000000 		.4byte	.LBE3-.LBB3
 1159 04c4 05050000 		.4byte	0x505
 1160 04c8 07       		.uleb128 0x7
 1161 04c9 F7000000 		.4byte	.LASF36
 1162 04cd 01       		.byte	0x1
 1163 04ce 59       		.byte	0x59
 1164 04cf A8000000 		.4byte	0xa8
 1165 04d3 3A010000 		.4byte	.LLST8
 1166 04d7 08       		.uleb128 0x8
 1167 04d8 0E000000 		.4byte	.LVL63
 1168 04dc 87060000 		.4byte	0x687
 1169 04e0 09       		.uleb128 0x9
ARM GAS  C:\Users\Malth\AppData\Local\Temp\ccyVo6Ap.s 			page 25


 1170 04e1 14000000 		.4byte	.LVL65
 1171 04e5 92060000 		.4byte	0x692
 1172 04e9 F4040000 		.4byte	0x4f4
 1173 04ed 0A       		.uleb128 0xa
 1174 04ee 01       		.uleb128 0x1
 1175 04ef 50       		.byte	0x50
 1176 04f0 02       		.uleb128 0x2
 1177 04f1 75       		.byte	0x75
 1178 04f2 00       		.sleb128 0
 1179 04f3 00       		.byte	0
 1180 04f4 0E       		.uleb128 0xe
 1181 04f5 1A000000 		.4byte	.LVL66
 1182 04f9 60040000 		.4byte	0x460
 1183 04fd 0A       		.uleb128 0xa
 1184 04fe 01       		.uleb128 0x1
 1185 04ff 50       		.byte	0x50
 1186 0500 02       		.uleb128 0x2
 1187 0501 75       		.byte	0x75
 1188 0502 00       		.sleb128 0
 1189 0503 00       		.byte	0
 1190 0504 00       		.byte	0
 1191 0505 08       		.uleb128 0x8
 1192 0506 06000000 		.4byte	.LVL61
 1193 050a 9D060000 		.4byte	0x69d
 1194 050e 00       		.byte	0
 1195 050f 16       		.uleb128 0x16
 1196 0510 18000000 		.4byte	.LASF39
 1197 0514 01       		.byte	0x1
 1198 0515 13       		.byte	0x13
 1199 0516 1C050000 		.4byte	0x51c
 1200 051a 4D01     		.2byte	0x14d
 1201 051c 17       		.uleb128 0x17
 1202 051d B3000000 		.4byte	0xb3
 1203 0521 18       		.uleb128 0x18
 1204 0522 A1000000 		.4byte	0xa1
 1205 0526 31050000 		.4byte	0x531
 1206 052a 19       		.uleb128 0x19
 1207 052b 9A000000 		.4byte	0x9a
 1208 052f FF       		.byte	0xff
 1209 0530 00       		.byte	0
 1210 0531 0D       		.uleb128 0xd
 1211 0532 6E020000 		.4byte	.LASF40
 1212 0536 01       		.byte	0x1
 1213 0537 18       		.byte	0x18
 1214 0538 21050000 		.4byte	0x521
 1215 053c 05       		.uleb128 0x5
 1216 053d 03       		.byte	0x3
 1217 053e 04000000 		.4byte	outputBuffer
 1218 0542 0D       		.uleb128 0xd
 1219 0543 8D020000 		.4byte	.LASF41
 1220 0547 01       		.byte	0x1
 1221 0548 19       		.byte	0x19
 1222 0549 25000000 		.4byte	0x25
 1223 054d 05       		.uleb128 0x5
 1224 054e 03       		.byte	0x3
 1225 054f 00000000 		.4byte	setPoint
 1226 0553 1A       		.uleb128 0x1a
ARM GAS  C:\Users\Malth\AppData\Local\Temp\ccyVo6Ap.s 			page 26


 1227 0554 95030000 		.4byte	.LASF42
 1228 0558 04       		.byte	0x4
 1229 0559 9606     		.2byte	0x696
 1230 055b 5F050000 		.4byte	0x55f
 1231 055f 1B       		.uleb128 0x1b
 1232 0560 BE000000 		.4byte	0xbe
 1233 0564 18       		.uleb128 0x18
 1234 0565 A8000000 		.4byte	0xa8
 1235 0569 73050000 		.4byte	0x573
 1236 056d 1C       		.uleb128 0x1c
 1237 056e 9A000000 		.4byte	0x9a
 1238 0572 00       		.byte	0
 1239 0573 1D       		.uleb128 0x1d
 1240 0574 18010000 		.4byte	.LASF43
 1241 0578 01       		.byte	0x1
 1242 0579 15       		.byte	0x15
 1243 057a 64050000 		.4byte	0x564
 1244 057e 05       		.uleb128 0x5
 1245 057f 03       		.byte	0x3
 1246 0580 00000000 		.4byte	responseData
 1247 0584 1D       		.uleb128 0x1d
 1248 0585 08000000 		.4byte	.LASF20
 1249 0589 01       		.byte	0x1
 1250 058a 16       		.byte	0x16
 1251 058b A8000000 		.4byte	0xa8
 1252 058f 05       		.uleb128 0x5
 1253 0590 03       		.byte	0x3
 1254 0591 00000000 		.4byte	addr
 1255 0595 18       		.uleb128 0x18
 1256 0596 A1000000 		.4byte	0xa1
 1257 059a A5050000 		.4byte	0x5a5
 1258 059e 19       		.uleb128 0x19
 1259 059f 9A000000 		.4byte	0x9a
 1260 05a3 7F       		.byte	0x7f
 1261 05a4 00       		.byte	0
 1262 05a5 1E       		.uleb128 0x1e
 1263 05a6 73747200 		.ascii	"str\000"
 1264 05aa 01       		.byte	0x1
 1265 05ab 1A       		.byte	0x1a
 1266 05ac 95050000 		.4byte	0x595
 1267 05b0 05       		.uleb128 0x5
 1268 05b1 03       		.byte	0x3
 1269 05b2 00000000 		.4byte	str
 1270 05b6 1F       		.uleb128 0x1f
 1271 05b7 ED010000 		.4byte	.LASF44
 1272 05bb ED010000 		.4byte	.LASF44
 1273 05bf 05       		.byte	0x5
 1274 05c0 A4       		.byte	0xa4
 1275 05c1 1F       		.uleb128 0x1f
 1276 05c2 19020000 		.4byte	.LASF45
 1277 05c6 19020000 		.4byte	.LASF45
 1278 05ca 05       		.byte	0x5
 1279 05cb B1       		.byte	0xb1
 1280 05cc 1F       		.uleb128 0x1f
 1281 05cd 52010000 		.4byte	.LASF46
 1282 05d1 52010000 		.4byte	.LASF46
 1283 05d5 05       		.byte	0x5
ARM GAS  C:\Users\Malth\AppData\Local\Temp\ccyVo6Ap.s 			page 27


 1284 05d6 B6       		.byte	0xb6
 1285 05d7 1F       		.uleb128 0x1f
 1286 05d8 A7000000 		.4byte	.LASF47
 1287 05dc A7000000 		.4byte	.LASF47
 1288 05e0 05       		.byte	0x5
 1289 05e1 B3       		.byte	0xb3
 1290 05e2 1F       		.uleb128 0x1f
 1291 05e3 B7010000 		.4byte	.LASF48
 1292 05e7 B7010000 		.4byte	.LASF48
 1293 05eb 05       		.byte	0x5
 1294 05ec B7       		.byte	0xb7
 1295 05ed 1F       		.uleb128 0x1f
 1296 05ee 42040000 		.4byte	.LASF49
 1297 05f2 42040000 		.4byte	.LASF49
 1298 05f6 05       		.byte	0x5
 1299 05f7 B5       		.byte	0xb5
 1300 05f8 1F       		.uleb128 0x1f
 1301 05f9 A5010000 		.4byte	.LASF50
 1302 05fd A5010000 		.4byte	.LASF50
 1303 0601 06       		.byte	0x6
 1304 0602 2B       		.byte	0x2b
 1305 0603 1F       		.uleb128 0x1f
 1306 0604 66010000 		.4byte	.LASF51
 1307 0608 66010000 		.4byte	.LASF51
 1308 060c 07       		.byte	0x7
 1309 060d FD       		.byte	0xfd
 1310 060e 1F       		.uleb128 0x1f
 1311 060f 9B020000 		.4byte	.LASF52
 1312 0613 9B020000 		.4byte	.LASF52
 1313 0617 08       		.byte	0x8
 1314 0618 C3       		.byte	0xc3
 1315 0619 1F       		.uleb128 0x1f
 1316 061a F5020000 		.4byte	.LASF53
 1317 061e F5020000 		.4byte	.LASF53
 1318 0622 09       		.byte	0x9
 1319 0623 8B       		.byte	0x8b
 1320 0624 1F       		.uleb128 0x1f
 1321 0625 30040000 		.4byte	.LASF54
 1322 0629 30040000 		.4byte	.LASF54
 1323 062d 0A       		.byte	0xa
 1324 062e 76       		.byte	0x76
 1325 062f 1F       		.uleb128 0x1f
 1326 0630 8E000000 		.4byte	.LASF55
 1327 0634 8E000000 		.4byte	.LASF55
 1328 0638 0B       		.byte	0xb
 1329 0639 18       		.byte	0x18
 1330 063a 1F       		.uleb128 0x1f
 1331 063b 8A010000 		.4byte	.LASF56
 1332 063f 8A010000 		.4byte	.LASF56
 1333 0643 09       		.byte	0x9
 1334 0644 54       		.byte	0x54
 1335 0645 1F       		.uleb128 0x1f
 1336 0646 55040000 		.4byte	.LASF57
 1337 064a 55040000 		.4byte	.LASF57
 1338 064e 08       		.byte	0x8
 1339 064f 92       		.byte	0x92
 1340 0650 1F       		.uleb128 0x1f
ARM GAS  C:\Users\Malth\AppData\Local\Temp\ccyVo6Ap.s 			page 28


 1341 0651 38040000 		.4byte	.LASF58
 1342 0655 38040000 		.4byte	.LASF58
 1343 0659 05       		.byte	0x5
 1344 065a 93       		.byte	0x93
 1345 065b 1F       		.uleb128 0x1f
 1346 065c 46000000 		.4byte	.LASF59
 1347 0660 46000000 		.4byte	.LASF59
 1348 0664 06       		.byte	0x6
 1349 0665 19       		.byte	0x19
 1350 0666 1F       		.uleb128 0x1f
 1351 0667 4C020000 		.4byte	.LASF60
 1352 066b 4C020000 		.4byte	.LASF60
 1353 066f 06       		.byte	0x6
 1354 0670 1F       		.byte	0x1f
 1355 0671 1F       		.uleb128 0x1f
 1356 0672 7D030000 		.4byte	.LASF33
 1357 0676 7D030000 		.4byte	.LASF33
 1358 067a 01       		.byte	0x1
 1359 067b 8B       		.byte	0x8b
 1360 067c 1F       		.uleb128 0x1f
 1361 067d 2E010000 		.4byte	.LASF61
 1362 0681 2E010000 		.4byte	.LASF61
 1363 0685 07       		.byte	0x7
 1364 0686 BB       		.byte	0xbb
 1365 0687 1F       		.uleb128 0x1f
 1366 0688 7B020000 		.4byte	.LASF62
 1367 068c 7B020000 		.4byte	.LASF62
 1368 0690 09       		.byte	0x9
 1369 0691 6F       		.byte	0x6f
 1370 0692 1F       		.uleb128 0x1f
 1371 0693 06030000 		.4byte	.LASF63
 1372 0697 06030000 		.4byte	.LASF63
 1373 069b 09       		.byte	0x9
 1374 069c 88       		.byte	0x88
 1375 069d 1F       		.uleb128 0x1f
 1376 069e D7020000 		.4byte	.LASF64
 1377 06a2 D7020000 		.4byte	.LASF64
 1378 06a6 09       		.byte	0x9
 1379 06a7 73       		.byte	0x73
 1380 06a8 00       		.byte	0
 1381              		.section	.debug_abbrev,"",%progbits
 1382              	.Ldebug_abbrev0:
 1383 0000 01       		.uleb128 0x1
 1384 0001 11       		.uleb128 0x11
 1385 0002 01       		.byte	0x1
 1386 0003 25       		.uleb128 0x25
 1387 0004 0E       		.uleb128 0xe
 1388 0005 13       		.uleb128 0x13
 1389 0006 0B       		.uleb128 0xb
 1390 0007 03       		.uleb128 0x3
 1391 0008 0E       		.uleb128 0xe
 1392 0009 1B       		.uleb128 0x1b
 1393 000a 0E       		.uleb128 0xe
 1394 000b 55       		.uleb128 0x55
 1395 000c 17       		.uleb128 0x17
 1396 000d 11       		.uleb128 0x11
 1397 000e 01       		.uleb128 0x1
ARM GAS  C:\Users\Malth\AppData\Local\Temp\ccyVo6Ap.s 			page 29


 1398 000f 10       		.uleb128 0x10
 1399 0010 17       		.uleb128 0x17
 1400 0011 00       		.byte	0
 1401 0012 00       		.byte	0
 1402 0013 02       		.uleb128 0x2
 1403 0014 24       		.uleb128 0x24
 1404 0015 00       		.byte	0
 1405 0016 0B       		.uleb128 0xb
 1406 0017 0B       		.uleb128 0xb
 1407 0018 3E       		.uleb128 0x3e
 1408 0019 0B       		.uleb128 0xb
 1409 001a 03       		.uleb128 0x3
 1410 001b 0E       		.uleb128 0xe
 1411 001c 00       		.byte	0
 1412 001d 00       		.byte	0
 1413 001e 03       		.uleb128 0x3
 1414 001f 16       		.uleb128 0x16
 1415 0020 00       		.byte	0
 1416 0021 03       		.uleb128 0x3
 1417 0022 0E       		.uleb128 0xe
 1418 0023 3A       		.uleb128 0x3a
 1419 0024 0B       		.uleb128 0xb
 1420 0025 3B       		.uleb128 0x3b
 1421 0026 0B       		.uleb128 0xb
 1422 0027 49       		.uleb128 0x49
 1423 0028 13       		.uleb128 0x13
 1424 0029 00       		.byte	0
 1425 002a 00       		.byte	0
 1426 002b 04       		.uleb128 0x4
 1427 002c 24       		.uleb128 0x24
 1428 002d 00       		.byte	0
 1429 002e 0B       		.uleb128 0xb
 1430 002f 0B       		.uleb128 0xb
 1431 0030 3E       		.uleb128 0x3e
 1432 0031 0B       		.uleb128 0xb
 1433 0032 03       		.uleb128 0x3
 1434 0033 08       		.uleb128 0x8
 1435 0034 00       		.byte	0
 1436 0035 00       		.byte	0
 1437 0036 05       		.uleb128 0x5
 1438 0037 2E       		.uleb128 0x2e
 1439 0038 01       		.byte	0x1
 1440 0039 3F       		.uleb128 0x3f
 1441 003a 19       		.uleb128 0x19
 1442 003b 03       		.uleb128 0x3
 1443 003c 0E       		.uleb128 0xe
 1444 003d 3A       		.uleb128 0x3a
 1445 003e 0B       		.uleb128 0xb
 1446 003f 3B       		.uleb128 0x3b
 1447 0040 0B       		.uleb128 0xb
 1448 0041 27       		.uleb128 0x27
 1449 0042 19       		.uleb128 0x19
 1450 0043 11       		.uleb128 0x11
 1451 0044 01       		.uleb128 0x1
 1452 0045 12       		.uleb128 0x12
 1453 0046 06       		.uleb128 0x6
 1454 0047 40       		.uleb128 0x40
ARM GAS  C:\Users\Malth\AppData\Local\Temp\ccyVo6Ap.s 			page 30


 1455 0048 18       		.uleb128 0x18
 1456 0049 9742     		.uleb128 0x2117
 1457 004b 19       		.uleb128 0x19
 1458 004c 01       		.uleb128 0x1
 1459 004d 13       		.uleb128 0x13
 1460 004e 00       		.byte	0
 1461 004f 00       		.byte	0
 1462 0050 06       		.uleb128 0x6
 1463 0051 05       		.uleb128 0x5
 1464 0052 00       		.byte	0
 1465 0053 03       		.uleb128 0x3
 1466 0054 0E       		.uleb128 0xe
 1467 0055 3A       		.uleb128 0x3a
 1468 0056 0B       		.uleb128 0xb
 1469 0057 3B       		.uleb128 0x3b
 1470 0058 0B       		.uleb128 0xb
 1471 0059 49       		.uleb128 0x49
 1472 005a 13       		.uleb128 0x13
 1473 005b 02       		.uleb128 0x2
 1474 005c 17       		.uleb128 0x17
 1475 005d 00       		.byte	0
 1476 005e 00       		.byte	0
 1477 005f 07       		.uleb128 0x7
 1478 0060 34       		.uleb128 0x34
 1479 0061 00       		.byte	0
 1480 0062 03       		.uleb128 0x3
 1481 0063 0E       		.uleb128 0xe
 1482 0064 3A       		.uleb128 0x3a
 1483 0065 0B       		.uleb128 0xb
 1484 0066 3B       		.uleb128 0x3b
 1485 0067 0B       		.uleb128 0xb
 1486 0068 49       		.uleb128 0x49
 1487 0069 13       		.uleb128 0x13
 1488 006a 02       		.uleb128 0x2
 1489 006b 17       		.uleb128 0x17
 1490 006c 00       		.byte	0
 1491 006d 00       		.byte	0
 1492 006e 08       		.uleb128 0x8
 1493 006f 898201   		.uleb128 0x4109
 1494 0072 00       		.byte	0
 1495 0073 11       		.uleb128 0x11
 1496 0074 01       		.uleb128 0x1
 1497 0075 31       		.uleb128 0x31
 1498 0076 13       		.uleb128 0x13
 1499 0077 00       		.byte	0
 1500 0078 00       		.byte	0
 1501 0079 09       		.uleb128 0x9
 1502 007a 898201   		.uleb128 0x4109
 1503 007d 01       		.byte	0x1
 1504 007e 11       		.uleb128 0x11
 1505 007f 01       		.uleb128 0x1
 1506 0080 31       		.uleb128 0x31
 1507 0081 13       		.uleb128 0x13
 1508 0082 01       		.uleb128 0x1
 1509 0083 13       		.uleb128 0x13
 1510 0084 00       		.byte	0
 1511 0085 00       		.byte	0
ARM GAS  C:\Users\Malth\AppData\Local\Temp\ccyVo6Ap.s 			page 31


 1512 0086 0A       		.uleb128 0xa
 1513 0087 8A8201   		.uleb128 0x410a
 1514 008a 00       		.byte	0
 1515 008b 02       		.uleb128 0x2
 1516 008c 18       		.uleb128 0x18
 1517 008d 9142     		.uleb128 0x2111
 1518 008f 18       		.uleb128 0x18
 1519 0090 00       		.byte	0
 1520 0091 00       		.byte	0
 1521 0092 0B       		.uleb128 0xb
 1522 0093 0F       		.uleb128 0xf
 1523 0094 00       		.byte	0
 1524 0095 0B       		.uleb128 0xb
 1525 0096 0B       		.uleb128 0xb
 1526 0097 49       		.uleb128 0x49
 1527 0098 13       		.uleb128 0x13
 1528 0099 00       		.byte	0
 1529 009a 00       		.byte	0
 1530 009b 0C       		.uleb128 0xc
 1531 009c 2E       		.uleb128 0x2e
 1532 009d 01       		.byte	0x1
 1533 009e 3F       		.uleb128 0x3f
 1534 009f 19       		.uleb128 0x19
 1535 00a0 03       		.uleb128 0x3
 1536 00a1 0E       		.uleb128 0xe
 1537 00a2 3A       		.uleb128 0x3a
 1538 00a3 0B       		.uleb128 0xb
 1539 00a4 3B       		.uleb128 0x3b
 1540 00a5 0B       		.uleb128 0xb
 1541 00a6 27       		.uleb128 0x27
 1542 00a7 19       		.uleb128 0x19
 1543 00a8 49       		.uleb128 0x49
 1544 00a9 13       		.uleb128 0x13
 1545 00aa 11       		.uleb128 0x11
 1546 00ab 01       		.uleb128 0x1
 1547 00ac 12       		.uleb128 0x12
 1548 00ad 06       		.uleb128 0x6
 1549 00ae 40       		.uleb128 0x40
 1550 00af 18       		.uleb128 0x18
 1551 00b0 9642     		.uleb128 0x2116
 1552 00b2 19       		.uleb128 0x19
 1553 00b3 01       		.uleb128 0x1
 1554 00b4 13       		.uleb128 0x13
 1555 00b5 00       		.byte	0
 1556 00b6 00       		.byte	0
 1557 00b7 0D       		.uleb128 0xd
 1558 00b8 34       		.uleb128 0x34
 1559 00b9 00       		.byte	0
 1560 00ba 03       		.uleb128 0x3
 1561 00bb 0E       		.uleb128 0xe
 1562 00bc 3A       		.uleb128 0x3a
 1563 00bd 0B       		.uleb128 0xb
 1564 00be 3B       		.uleb128 0x3b
 1565 00bf 0B       		.uleb128 0xb
 1566 00c0 49       		.uleb128 0x49
 1567 00c1 13       		.uleb128 0x13
 1568 00c2 02       		.uleb128 0x2
ARM GAS  C:\Users\Malth\AppData\Local\Temp\ccyVo6Ap.s 			page 32


 1569 00c3 18       		.uleb128 0x18
 1570 00c4 00       		.byte	0
 1571 00c5 00       		.byte	0
 1572 00c6 0E       		.uleb128 0xe
 1573 00c7 898201   		.uleb128 0x4109
 1574 00ca 01       		.byte	0x1
 1575 00cb 11       		.uleb128 0x11
 1576 00cc 01       		.uleb128 0x1
 1577 00cd 31       		.uleb128 0x31
 1578 00ce 13       		.uleb128 0x13
 1579 00cf 00       		.byte	0
 1580 00d0 00       		.byte	0
 1581 00d1 0F       		.uleb128 0xf
 1582 00d2 2E       		.uleb128 0x2e
 1583 00d3 01       		.byte	0x1
 1584 00d4 3F       		.uleb128 0x3f
 1585 00d5 19       		.uleb128 0x19
 1586 00d6 03       		.uleb128 0x3
 1587 00d7 0E       		.uleb128 0xe
 1588 00d8 3A       		.uleb128 0x3a
 1589 00d9 0B       		.uleb128 0xb
 1590 00da 3B       		.uleb128 0x3b
 1591 00db 0B       		.uleb128 0xb
 1592 00dc 27       		.uleb128 0x27
 1593 00dd 19       		.uleb128 0x19
 1594 00de 49       		.uleb128 0x49
 1595 00df 13       		.uleb128 0x13
 1596 00e0 8701     		.uleb128 0x87
 1597 00e2 19       		.uleb128 0x19
 1598 00e3 11       		.uleb128 0x11
 1599 00e4 01       		.uleb128 0x1
 1600 00e5 12       		.uleb128 0x12
 1601 00e6 06       		.uleb128 0x6
 1602 00e7 40       		.uleb128 0x40
 1603 00e8 18       		.uleb128 0x18
 1604 00e9 9642     		.uleb128 0x2116
 1605 00eb 19       		.uleb128 0x19
 1606 00ec 01       		.uleb128 0x1
 1607 00ed 13       		.uleb128 0x13
 1608 00ee 00       		.byte	0
 1609 00ef 00       		.byte	0
 1610 00f0 10       		.uleb128 0x10
 1611 00f1 34       		.uleb128 0x34
 1612 00f2 00       		.byte	0
 1613 00f3 03       		.uleb128 0x3
 1614 00f4 08       		.uleb128 0x8
 1615 00f5 3A       		.uleb128 0x3a
 1616 00f6 0B       		.uleb128 0xb
 1617 00f7 3B       		.uleb128 0x3b
 1618 00f8 0B       		.uleb128 0xb
 1619 00f9 49       		.uleb128 0x49
 1620 00fa 13       		.uleb128 0x13
 1621 00fb 1C       		.uleb128 0x1c
 1622 00fc 0A       		.uleb128 0xa
 1623 00fd 00       		.byte	0
 1624 00fe 00       		.byte	0
 1625 00ff 11       		.uleb128 0x11
ARM GAS  C:\Users\Malth\AppData\Local\Temp\ccyVo6Ap.s 			page 33


 1626 0100 34       		.uleb128 0x34
 1627 0101 00       		.byte	0
 1628 0102 03       		.uleb128 0x3
 1629 0103 0E       		.uleb128 0xe
 1630 0104 3A       		.uleb128 0x3a
 1631 0105 0B       		.uleb128 0xb
 1632 0106 3B       		.uleb128 0x3b
 1633 0107 0B       		.uleb128 0xb
 1634 0108 49       		.uleb128 0x49
 1635 0109 13       		.uleb128 0x13
 1636 010a 1C       		.uleb128 0x1c
 1637 010b 0A       		.uleb128 0xa
 1638 010c 00       		.byte	0
 1639 010d 00       		.byte	0
 1640 010e 12       		.uleb128 0x12
 1641 010f 0B       		.uleb128 0xb
 1642 0110 01       		.byte	0x1
 1643 0111 11       		.uleb128 0x11
 1644 0112 01       		.uleb128 0x1
 1645 0113 12       		.uleb128 0x12
 1646 0114 06       		.uleb128 0x6
 1647 0115 01       		.uleb128 0x1
 1648 0116 13       		.uleb128 0x13
 1649 0117 00       		.byte	0
 1650 0118 00       		.byte	0
 1651 0119 13       		.uleb128 0x13
 1652 011a 2E       		.uleb128 0x2e
 1653 011b 01       		.byte	0x1
 1654 011c 3F       		.uleb128 0x3f
 1655 011d 19       		.uleb128 0x19
 1656 011e 03       		.uleb128 0x3
 1657 011f 0E       		.uleb128 0xe
 1658 0120 3A       		.uleb128 0x3a
 1659 0121 0B       		.uleb128 0xb
 1660 0122 3B       		.uleb128 0x3b
 1661 0123 0B       		.uleb128 0xb
 1662 0124 11       		.uleb128 0x11
 1663 0125 01       		.uleb128 0x1
 1664 0126 12       		.uleb128 0x12
 1665 0127 06       		.uleb128 0x6
 1666 0128 40       		.uleb128 0x40
 1667 0129 18       		.uleb128 0x18
 1668 012a 9642     		.uleb128 0x2116
 1669 012c 19       		.uleb128 0x19
 1670 012d 01       		.uleb128 0x1
 1671 012e 13       		.uleb128 0x13
 1672 012f 00       		.byte	0
 1673 0130 00       		.byte	0
 1674 0131 14       		.uleb128 0x14
 1675 0132 2E       		.uleb128 0x2e
 1676 0133 01       		.byte	0x1
 1677 0134 3F       		.uleb128 0x3f
 1678 0135 19       		.uleb128 0x19
 1679 0136 03       		.uleb128 0x3
 1680 0137 0E       		.uleb128 0xe
 1681 0138 3A       		.uleb128 0x3a
 1682 0139 0B       		.uleb128 0xb
ARM GAS  C:\Users\Malth\AppData\Local\Temp\ccyVo6Ap.s 			page 34


 1683 013a 3B       		.uleb128 0x3b
 1684 013b 0B       		.uleb128 0xb
 1685 013c 49       		.uleb128 0x49
 1686 013d 13       		.uleb128 0x13
 1687 013e 3C       		.uleb128 0x3c
 1688 013f 19       		.uleb128 0x19
 1689 0140 01       		.uleb128 0x1
 1690 0141 13       		.uleb128 0x13
 1691 0142 00       		.byte	0
 1692 0143 00       		.byte	0
 1693 0144 15       		.uleb128 0x15
 1694 0145 18       		.uleb128 0x18
 1695 0146 00       		.byte	0
 1696 0147 00       		.byte	0
 1697 0148 00       		.byte	0
 1698 0149 16       		.uleb128 0x16
 1699 014a 34       		.uleb128 0x34
 1700 014b 00       		.byte	0
 1701 014c 03       		.uleb128 0x3
 1702 014d 0E       		.uleb128 0xe
 1703 014e 3A       		.uleb128 0x3a
 1704 014f 0B       		.uleb128 0xb
 1705 0150 3B       		.uleb128 0x3b
 1706 0151 0B       		.uleb128 0xb
 1707 0152 49       		.uleb128 0x49
 1708 0153 13       		.uleb128 0x13
 1709 0154 1C       		.uleb128 0x1c
 1710 0155 05       		.uleb128 0x5
 1711 0156 00       		.byte	0
 1712 0157 00       		.byte	0
 1713 0158 17       		.uleb128 0x17
 1714 0159 26       		.uleb128 0x26
 1715 015a 00       		.byte	0
 1716 015b 49       		.uleb128 0x49
 1717 015c 13       		.uleb128 0x13
 1718 015d 00       		.byte	0
 1719 015e 00       		.byte	0
 1720 015f 18       		.uleb128 0x18
 1721 0160 01       		.uleb128 0x1
 1722 0161 01       		.byte	0x1
 1723 0162 49       		.uleb128 0x49
 1724 0163 13       		.uleb128 0x13
 1725 0164 01       		.uleb128 0x1
 1726 0165 13       		.uleb128 0x13
 1727 0166 00       		.byte	0
 1728 0167 00       		.byte	0
 1729 0168 19       		.uleb128 0x19
 1730 0169 21       		.uleb128 0x21
 1731 016a 00       		.byte	0
 1732 016b 49       		.uleb128 0x49
 1733 016c 13       		.uleb128 0x13
 1734 016d 2F       		.uleb128 0x2f
 1735 016e 0B       		.uleb128 0xb
 1736 016f 00       		.byte	0
 1737 0170 00       		.byte	0
 1738 0171 1A       		.uleb128 0x1a
 1739 0172 34       		.uleb128 0x34
ARM GAS  C:\Users\Malth\AppData\Local\Temp\ccyVo6Ap.s 			page 35


 1740 0173 00       		.byte	0
 1741 0174 03       		.uleb128 0x3
 1742 0175 0E       		.uleb128 0xe
 1743 0176 3A       		.uleb128 0x3a
 1744 0177 0B       		.uleb128 0xb
 1745 0178 3B       		.uleb128 0x3b
 1746 0179 05       		.uleb128 0x5
 1747 017a 49       		.uleb128 0x49
 1748 017b 13       		.uleb128 0x13
 1749 017c 3F       		.uleb128 0x3f
 1750 017d 19       		.uleb128 0x19
 1751 017e 3C       		.uleb128 0x3c
 1752 017f 19       		.uleb128 0x19
 1753 0180 00       		.byte	0
 1754 0181 00       		.byte	0
 1755 0182 1B       		.uleb128 0x1b
 1756 0183 35       		.uleb128 0x35
 1757 0184 00       		.byte	0
 1758 0185 49       		.uleb128 0x49
 1759 0186 13       		.uleb128 0x13
 1760 0187 00       		.byte	0
 1761 0188 00       		.byte	0
 1762 0189 1C       		.uleb128 0x1c
 1763 018a 21       		.uleb128 0x21
 1764 018b 00       		.byte	0
 1765 018c 49       		.uleb128 0x49
 1766 018d 13       		.uleb128 0x13
 1767 018e 00       		.byte	0
 1768 018f 00       		.byte	0
 1769 0190 1D       		.uleb128 0x1d
 1770 0191 34       		.uleb128 0x34
 1771 0192 00       		.byte	0
 1772 0193 03       		.uleb128 0x3
 1773 0194 0E       		.uleb128 0xe
 1774 0195 3A       		.uleb128 0x3a
 1775 0196 0B       		.uleb128 0xb
 1776 0197 3B       		.uleb128 0x3b
 1777 0198 0B       		.uleb128 0xb
 1778 0199 49       		.uleb128 0x49
 1779 019a 13       		.uleb128 0x13
 1780 019b 3F       		.uleb128 0x3f
 1781 019c 19       		.uleb128 0x19
 1782 019d 02       		.uleb128 0x2
 1783 019e 18       		.uleb128 0x18
 1784 019f 00       		.byte	0
 1785 01a0 00       		.byte	0
 1786 01a1 1E       		.uleb128 0x1e
 1787 01a2 34       		.uleb128 0x34
 1788 01a3 00       		.byte	0
 1789 01a4 03       		.uleb128 0x3
 1790 01a5 08       		.uleb128 0x8
 1791 01a6 3A       		.uleb128 0x3a
 1792 01a7 0B       		.uleb128 0xb
 1793 01a8 3B       		.uleb128 0x3b
 1794 01a9 0B       		.uleb128 0xb
 1795 01aa 49       		.uleb128 0x49
 1796 01ab 13       		.uleb128 0x13
ARM GAS  C:\Users\Malth\AppData\Local\Temp\ccyVo6Ap.s 			page 36


 1797 01ac 3F       		.uleb128 0x3f
 1798 01ad 19       		.uleb128 0x19
 1799 01ae 02       		.uleb128 0x2
 1800 01af 18       		.uleb128 0x18
 1801 01b0 00       		.byte	0
 1802 01b1 00       		.byte	0
 1803 01b2 1F       		.uleb128 0x1f
 1804 01b3 2E       		.uleb128 0x2e
 1805 01b4 00       		.byte	0
 1806 01b5 3F       		.uleb128 0x3f
 1807 01b6 19       		.uleb128 0x19
 1808 01b7 3C       		.uleb128 0x3c
 1809 01b8 19       		.uleb128 0x19
 1810 01b9 6E       		.uleb128 0x6e
 1811 01ba 0E       		.uleb128 0xe
 1812 01bb 03       		.uleb128 0x3
 1813 01bc 0E       		.uleb128 0xe
 1814 01bd 3A       		.uleb128 0x3a
 1815 01be 0B       		.uleb128 0xb
 1816 01bf 3B       		.uleb128 0x3b
 1817 01c0 0B       		.uleb128 0xb
 1818 01c1 00       		.byte	0
 1819 01c2 00       		.byte	0
 1820 01c3 00       		.byte	0
 1821              		.section	.debug_loc,"",%progbits
 1822              	.Ldebug_loc0:
 1823              	.LLST0:
 1824 0000 00000000 		.4byte	.LVL0
 1825 0004 09000000 		.4byte	.LVL1-1
 1826 0008 0100     		.2byte	0x1
 1827 000a 50       		.byte	0x50
 1828 000b 09000000 		.4byte	.LVL1-1
 1829 000f 3C000000 		.4byte	.LFE67
 1830 0013 0400     		.2byte	0x4
 1831 0015 F3       		.byte	0xf3
 1832 0016 01       		.uleb128 0x1
 1833 0017 50       		.byte	0x50
 1834 0018 9F       		.byte	0x9f
 1835 0019 00000000 		.4byte	0
 1836 001d 00000000 		.4byte	0
 1837              	.LLST1:
 1838 0021 00000000 		.4byte	.LVL0
 1839 0025 09000000 		.4byte	.LVL1-1
 1840 0029 0100     		.2byte	0x1
 1841 002b 51       		.byte	0x51
 1842 002c 09000000 		.4byte	.LVL1-1
 1843 0030 3C000000 		.4byte	.LFE67
 1844 0034 0100     		.2byte	0x1
 1845 0036 55       		.byte	0x55
 1846 0037 00000000 		.4byte	0
 1847 003b 00000000 		.4byte	0
 1848              	.LLST2:
 1849 003f 12000000 		.4byte	.LVL2
 1850 0043 18000000 		.4byte	.LVL3
 1851 0047 0100     		.2byte	0x1
 1852 0049 50       		.byte	0x50
 1853 004a 00000000 		.4byte	0
ARM GAS  C:\Users\Malth\AppData\Local\Temp\ccyVo6Ap.s 			page 37


 1854 004e 00000000 		.4byte	0
 1855              	.LLST3:
 1856 0052 18000000 		.4byte	.LVL15
 1857 0056 3C000000 		.4byte	.LVL18
 1858 005a 0600     		.2byte	0x6
 1859 005c 9E       		.byte	0x9e
 1860 005d 04       		.uleb128 0x4
 1861 005e 00000000 		.4byte	0
 1862 0062 42000000 		.4byte	.LVL20
 1863 0066 48000000 		.4byte	.LVL21
 1864 006a 0100     		.2byte	0x1
 1865 006c 50       		.byte	0x50
 1866 006d 48000000 		.4byte	.LVL21
 1867 0071 4B000000 		.4byte	.LVL22-1
 1868 0075 0100     		.2byte	0x1
 1869 0077 51       		.byte	0x51
 1870 0078 4B000000 		.4byte	.LVL22-1
 1871 007c 38010000 		.4byte	.LFE64
 1872 0080 0100     		.2byte	0x1
 1873 0082 55       		.byte	0x55
 1874 0083 00000000 		.4byte	0
 1875 0087 00000000 		.4byte	0
 1876              	.LLST4:
 1877 008b 18000000 		.4byte	.LVL15
 1878 008f 3C000000 		.4byte	.LVL18
 1879 0093 0600     		.2byte	0x6
 1880 0095 9E       		.byte	0x9e
 1881 0096 04       		.uleb128 0x4
 1882 0097 00000000 		.4byte	0
 1883 009b 66000000 		.4byte	.LVL26
 1884 009f 68000000 		.4byte	.LVL27
 1885 00a3 0100     		.2byte	0x1
 1886 00a5 50       		.byte	0x50
 1887 00a6 68000000 		.4byte	.LVL27
 1888 00aa E8000000 		.4byte	.LVL38
 1889 00ae 0100     		.2byte	0x1
 1890 00b0 54       		.byte	0x54
 1891 00b1 EA000000 		.4byte	.LVL39
 1892 00b5 38010000 		.4byte	.LFE64
 1893 00b9 0100     		.2byte	0x1
 1894 00bb 54       		.byte	0x54
 1895 00bc 00000000 		.4byte	0
 1896 00c0 00000000 		.4byte	0
 1897              	.LLST5:
 1898 00c4 4E000000 		.4byte	.LVL23
 1899 00c8 60000000 		.4byte	.LVL24
 1900 00cc 0100     		.2byte	0x1
 1901 00ce 50       		.byte	0x50
 1902 00cf 60000000 		.4byte	.LVL24
 1903 00d3 38010000 		.4byte	.LFE64
 1904 00d7 0100     		.2byte	0x1
 1905 00d9 57       		.byte	0x57
 1906 00da 00000000 		.4byte	0
 1907 00de 00000000 		.4byte	0
 1908              	.LLST6:
 1909 00e2 00000000 		.4byte	.LVL57
 1910 00e6 0D000000 		.4byte	.LVL58-1
ARM GAS  C:\Users\Malth\AppData\Local\Temp\ccyVo6Ap.s 			page 38


 1911 00ea 0100     		.2byte	0x1
 1912 00ec 50       		.byte	0x50
 1913 00ed 0D000000 		.4byte	.LVL58-1
 1914 00f1 10000000 		.4byte	.LVL59
 1915 00f5 0400     		.2byte	0x4
 1916 00f7 F3       		.byte	0xf3
 1917 00f8 01       		.uleb128 0x1
 1918 00f9 50       		.byte	0x50
 1919 00fa 9F       		.byte	0x9f
 1920 00fb 10000000 		.4byte	.LVL59
 1921 00ff 13000000 		.4byte	.LVL60-1
 1922 0103 0100     		.2byte	0x1
 1923 0105 50       		.byte	0x50
 1924 0106 13000000 		.4byte	.LVL60-1
 1925 010a 16000000 		.4byte	.LFE66
 1926 010e 0400     		.2byte	0x4
 1927 0110 F3       		.byte	0xf3
 1928 0111 01       		.uleb128 0x1
 1929 0112 50       		.byte	0x50
 1930 0113 9F       		.byte	0x9f
 1931 0114 00000000 		.4byte	0
 1932 0118 00000000 		.4byte	0
 1933              	.LLST7:
 1934 011c 08000000 		.4byte	.LVL62
 1935 0120 1C000000 		.4byte	.LVL67
 1936 0124 0100     		.2byte	0x1
 1937 0126 54       		.byte	0x54
 1938 0127 1E000000 		.4byte	.LVL68
 1939 012b 24000000 		.4byte	.LFE65
 1940 012f 0100     		.2byte	0x1
 1941 0131 54       		.byte	0x54
 1942 0132 00000000 		.4byte	0
 1943 0136 00000000 		.4byte	0
 1944              	.LLST8:
 1945 013a 10000000 		.4byte	.LVL64
 1946 013e 1E000000 		.4byte	.LVL68
 1947 0142 0100     		.2byte	0x1
 1948 0144 55       		.byte	0x55
 1949 0145 00000000 		.4byte	0
 1950 0149 00000000 		.4byte	0
 1951              		.section	.debug_aranges,"",%progbits
 1952 0000 4C000000 		.4byte	0x4c
 1953 0004 0200     		.2byte	0x2
 1954 0006 00000000 		.4byte	.Ldebug_info0
 1955 000a 04       		.byte	0x4
 1956 000b 00       		.byte	0
 1957 000c 0000     		.2byte	0
 1958 000e 0000     		.2byte	0
 1959 0010 00000000 		.4byte	.LFB67
 1960 0014 3C000000 		.4byte	.LFE67-.LFB67
 1961 0018 00000000 		.4byte	.LFB68
 1962 001c 30000000 		.4byte	.LFE68-.LFB68
 1963 0020 00000000 		.4byte	.LFB64
 1964 0024 38010000 		.4byte	.LFE64-.LFB64
 1965 0028 00000000 		.4byte	.LFB69
 1966 002c 40000000 		.4byte	.LFE69-.LFB69
 1967 0030 00000000 		.4byte	.LFB70
ARM GAS  C:\Users\Malth\AppData\Local\Temp\ccyVo6Ap.s 			page 39


 1968 0034 40000000 		.4byte	.LFE70-.LFB70
 1969 0038 00000000 		.4byte	.LFB66
 1970 003c 16000000 		.4byte	.LFE66-.LFB66
 1971 0040 00000000 		.4byte	.LFB65
 1972 0044 24000000 		.4byte	.LFE65-.LFB65
 1973 0048 00000000 		.4byte	0
 1974 004c 00000000 		.4byte	0
 1975              		.section	.debug_ranges,"",%progbits
 1976              	.Ldebug_ranges0:
 1977 0000 00000000 		.4byte	.LFB67
 1978 0004 3C000000 		.4byte	.LFE67
 1979 0008 00000000 		.4byte	.LFB68
 1980 000c 30000000 		.4byte	.LFE68
 1981 0010 00000000 		.4byte	.LFB64
 1982 0014 38010000 		.4byte	.LFE64
 1983 0018 00000000 		.4byte	.LFB69
 1984 001c 40000000 		.4byte	.LFE69
 1985 0020 00000000 		.4byte	.LFB70
 1986 0024 40000000 		.4byte	.LFE70
 1987 0028 00000000 		.4byte	.LFB66
 1988 002c 16000000 		.4byte	.LFE66
 1989 0030 00000000 		.4byte	.LFB65
 1990 0034 24000000 		.4byte	.LFE65
 1991 0038 00000000 		.4byte	0
 1992 003c 00000000 		.4byte	0
 1993              		.section	.debug_line,"",%progbits
 1994              	.Ldebug_line0:
 1995 0000 B4020000 		.section	.debug_str,"MS",%progbits,1
 1995      02000202 
 1995      00000201 
 1995      FB0E0D00 
 1995      01010101 
 1996              	.LASF68:
 1997 0000 67657454 		.ascii	"getTemp\000"
 1997      656D7000 
 1998              	.LASF20:
 1999 0008 61646472 		.ascii	"addr\000"
 1999      00
 2000              	.LASF34:
 2001 000d 52656164 		.ascii	"Read2Bytes\000"
 2001      32427974 
 2001      657300
 2002              	.LASF39:
 2003 0018 73616D70 		.ascii	"sampleWaitTimeInMilliseconds\000"
 2003      6C655761 
 2003      69745469 
 2003      6D65496E 
 2003      4D696C6C 
 2004              	.LASF28:
 2005 0035 70726F70 		.ascii	"proportionalPart\000"
 2005      6F727469 
 2005      6F6E616C 
 2005      50617274 
 2005      00
 2006              	.LASF59:
 2007 0046 50494443 		.ascii	"PIDControl_init\000"
 2007      6F6E7472 
ARM GAS  C:\Users\Malth\AppData\Local\Temp\ccyVo6Ap.s 			page 40


 2007      6F6C5F69 
 2007      6E697400 
 2008              	.LASF37:
 2009 0056 4953525F 		.ascii	"ISR_UART_rx_handler\000"
 2009      55415254 
 2009      5F72785F 
 2009      68616E64 
 2009      6C657200 
 2010              	.LASF23:
 2011 006a 74656D70 		.ascii	"temp\000"
 2011      00
 2012              	.LASF3:
 2013 006f 73686F72 		.ascii	"short int\000"
 2013      7420696E 
 2013      7400
 2014              	.LASF14:
 2015 0079 73697A65 		.ascii	"sizetype\000"
 2015      74797065 
 2015      00
 2016              	.LASF24:
 2017 0082 696E7465 		.ascii	"integralMax\000"
 2017      6772616C 
 2017      4D617800 
 2018              	.LASF55:
 2019 008e 6973725F 		.ascii	"isr_uart_rx_StartEx\000"
 2019      75617274 
 2019      5F72785F 
 2019      53746172 
 2019      74457800 
 2020              	.LASF69:
 2021 00a2 6D61696E 		.ascii	"main\000"
 2021      00
 2022              	.LASF47:
 2023 00a7 4932435F 		.ascii	"I2C_MasterSendRestart\000"
 2023      4D617374 
 2023      65725365 
 2023      6E645265 
 2023      73746172 
 2024              	.LASF5:
 2025 00bd 5F5F7569 		.ascii	"__uint16_t\000"
 2025      6E743136 
 2025      5F7400
 2026              	.LASF26:
 2027 00c8 636F6E74 		.ascii	"controlSignal\000"
 2027      726F6C53 
 2027      69676E61 
 2027      6C00
 2028              	.LASF31:
 2029 00d6 696E6372 		.ascii	"increaseTemp\000"
 2029      65617365 
 2029      54656D70 
 2029      00
 2030              	.LASF25:
 2031 00e3 696E7465 		.ascii	"integralMin\000"
 2031      6772616C 
 2031      4D696E00 
 2032              	.LASF16:
ARM GAS  C:\Users\Malth\AppData\Local\Temp\ccyVo6Ap.s 			page 41


 2033 00ef 75696E74 		.ascii	"uint8_t\000"
 2033      385F7400 
 2034              	.LASF36:
 2035 00f7 62797465 		.ascii	"byteReceived\000"
 2035      52656365 
 2035      69766564 
 2035      00
 2036              	.LASF0:
 2037 0104 666C6F61 		.ascii	"float\000"
 2037      7400
 2038              	.LASF10:
 2039 010a 6C6F6E67 		.ascii	"long long int\000"
 2039      206C6F6E 
 2039      6720696E 
 2039      7400
 2040              	.LASF43:
 2041 0118 72657370 		.ascii	"responseData\000"
 2041      6F6E7365 
 2041      44617461 
 2041      00
 2042              	.LASF8:
 2043 0125 6C6F6E67 		.ascii	"long int\000"
 2043      20696E74 
 2043      00
 2044              	.LASF61:
 2045 012e 7072696E 		.ascii	"printf\000"
 2045      746600
 2046              	.LASF4:
 2047 0135 5F5F7569 		.ascii	"__uint8_t\000"
 2047      6E74385F 
 2047      7400
 2048              	.LASF35:
 2049 013f 68616E64 		.ascii	"handleByteReceived\000"
 2049      6C654279 
 2049      74655265 
 2049      63656976 
 2049      656400
 2050              	.LASF46:
 2051 0152 4932435F 		.ascii	"I2C_MasterWriteByte\000"
 2051      4D617374 
 2051      65725772 
 2051      69746542 
 2051      79746500 
 2052              	.LASF51:
 2053 0166 736E7072 		.ascii	"snprintf\000"
 2053      696E7466 
 2053      00
 2054              	.LASF30:
 2055 016f 64657269 		.ascii	"derivativePart\000"
 2055      76617469 
 2055      76655061 
 2055      727400
 2056              	.LASF13:
 2057 017e 6C6F6E67 		.ascii	"long double\000"
 2057      20646F75 
 2057      626C6500 
 2058              	.LASF56:
ARM GAS  C:\Users\Malth\AppData\Local\Temp\ccyVo6Ap.s 			page 42


 2059 018a 55415254 		.ascii	"UART_1_Start\000"
 2059      5F315F53 
 2059      74617274 
 2059      00
 2060              	.LASF2:
 2061 0197 756E7369 		.ascii	"unsigned char\000"
 2061      676E6564 
 2061      20636861 
 2061      7200
 2062              	.LASF50:
 2063 01a5 50494443 		.ascii	"PIDControl_doStep\000"
 2063      6F6E7472 
 2063      6F6C5F64 
 2063      6F537465 
 2063      7000
 2064              	.LASF48:
 2065 01b7 4932435F 		.ascii	"I2C_MasterReadByte\000"
 2065      4D617374 
 2065      65725265 
 2065      61644279 
 2065      746500
 2066              	.LASF1:
 2067 01ca 7369676E 		.ascii	"signed char\000"
 2067      65642063 
 2067      68617200 
 2068              	.LASF11:
 2069 01d6 6C6F6E67 		.ascii	"long long unsigned int\000"
 2069      206C6F6E 
 2069      6720756E 
 2069      7369676E 
 2069      65642069 
 2070              	.LASF44:
 2071 01ed 4932435F 		.ascii	"I2C_MasterClearStatus\000"
 2071      4D617374 
 2071      6572436C 
 2071      65617253 
 2071      74617475 
 2072              	.LASF12:
 2073 0203 756E7369 		.ascii	"unsigned int\000"
 2073      676E6564 
 2073      20696E74 
 2073      00
 2074              	.LASF17:
 2075 0210 75696E74 		.ascii	"uint16_t\000"
 2075      31365F74 
 2075      00
 2076              	.LASF45:
 2077 0219 4932435F 		.ascii	"I2C_MasterSendStart\000"
 2077      4D617374 
 2077      65725365 
 2077      6E645374 
 2077      61727400 
 2078              	.LASF6:
 2079 022d 73686F72 		.ascii	"short unsigned int\000"
 2079      7420756E 
 2079      7369676E 
 2079      65642069 
ARM GAS  C:\Users\Malth\AppData\Local\Temp\ccyVo6Ap.s 			page 43


 2079      6E7400
 2080              	.LASF22:
 2081 0240 73746174 		.ascii	"status\000"
 2081      757300
 2082              	.LASF15:
 2083 0247 63686172 		.ascii	"char\000"
 2083      00
 2084              	.LASF60:
 2085 024c 50494443 		.ascii	"PIDControl_changeSetPoint\000"
 2085      6F6E7472 
 2085      6F6C5F63 
 2085      68616E67 
 2085      65536574 
 2086              	.LASF18:
 2087 0266 696E7433 		.ascii	"int32_t\000"
 2087      325F7400 
 2088              	.LASF40:
 2089 026e 6F757470 		.ascii	"outputBuffer\000"
 2089      75744275 
 2089      66666572 
 2089      00
 2090              	.LASF62:
 2091 027b 55415254 		.ascii	"UART_1_ReadRxData\000"
 2091      5F315F52 
 2091      65616452 
 2091      78446174 
 2091      6100
 2092              	.LASF41:
 2093 028d 73657450 		.ascii	"setPoint\000"
 2093      6F696E74 
 2093      00
 2094              	.LASF21:
 2095 0296 64617461 		.ascii	"data\000"
 2095      00
 2096              	.LASF52:
 2097 029b 50574D5F 		.ascii	"PWM_Power_WriteCompare\000"
 2097      506F7765 
 2097      725F5772 
 2097      69746543 
 2097      6F6D7061 
 2098              	.LASF66:
 2099 02b2 6D61696E 		.ascii	"main.c\000"
 2099      2E6300
 2100              	.LASF9:
 2101 02b9 6C6F6E67 		.ascii	"long unsigned int\000"
 2101      20756E73 
 2101      69676E65 
 2101      6420696E 
 2101      7400
 2102              	.LASF38:
 2103 02cb 62797465 		.ascii	"bytesToRead\000"
 2103      73546F52 
 2103      65616400 
 2104              	.LASF64:
 2105 02d7 55415254 		.ascii	"UART_1_GetRxBufferSize\000"
 2105      5F315F47 
 2105      65745278 
ARM GAS  C:\Users\Malth\AppData\Local\Temp\ccyVo6Ap.s 			page 44


 2105      42756666 
 2105      65725369 
 2106              	.LASF19:
 2107 02ee 646F7562 		.ascii	"double\000"
 2107      6C6500
 2108              	.LASF53:
 2109 02f5 55415254 		.ascii	"UART_1_PutString\000"
 2109      5F315F50 
 2109      75745374 
 2109      72696E67 
 2109      00
 2110              	.LASF63:
 2111 0306 55415254 		.ascii	"UART_1_WriteTxData\000"
 2111      5F315F57 
 2111      72697465 
 2111      54784461 
 2111      746100
 2112              	.LASF7:
 2113 0319 5F5F696E 		.ascii	"__int32_t\000"
 2113      7433325F 
 2113      7400
 2114              	.LASF29:
 2115 0323 696E7465 		.ascii	"integralPart\000"
 2115      6772616C 
 2115      50617274 
 2115      00
 2116              	.LASF67:
 2117 0330 433A5C55 		.ascii	"C:\\Users\\Malth\\Downloads\\TemperatureControlHand"
 2117      73657273 
 2117      5C4D616C 
 2117      74685C44 
 2117      6F776E6C 
 2118 035f 6F75745C 		.ascii	"out\\Temperature-Control.cydsn\000"
 2118      54656D70 
 2118      65726174 
 2118      7572652D 
 2118      436F6E74 
 2119              	.LASF33:
 2120 037d 67637674 		.ascii	"gcvt\000"
 2120      00
 2121              	.LASF27:
 2122 0382 6572726F 		.ascii	"error\000"
 2122      7200
 2123              	.LASF32:
 2124 0388 64656372 		.ascii	"decreaseTemp\000"
 2124      65617365 
 2124      54656D70 
 2124      00
 2125              	.LASF42:
 2126 0395 49544D5F 		.ascii	"ITM_RxBuffer\000"
 2126      52784275 
 2126      66666572 
 2126      00
 2127              	.LASF65:
 2128 03a2 474E5520 		.ascii	"GNU C11 5.4.1 20160609 (release) [ARM/embedded-5-br"
 2128      43313120 
 2128      352E342E 
ARM GAS  C:\Users\Malth\AppData\Local\Temp\ccyVo6Ap.s 			page 45


 2128      31203230 
 2128      31363036 
 2129 03d5 616E6368 		.ascii	"anch revision 237715] -mcpu=cortex-m3 -mthumb -g -O"
 2129      20726576 
 2129      6973696F 
 2129      6E203233 
 2129      37373135 
 2130 0408 67202D66 		.ascii	"g -ffunction-sections -ffat-lto-objects\000"
 2130      66756E63 
 2130      74696F6E 
 2130      2D736563 
 2130      74696F6E 
 2131              	.LASF54:
 2132 0430 43794465 		.ascii	"CyDelay\000"
 2132      6C617900 
 2133              	.LASF58:
 2134 0438 4932435F 		.ascii	"I2C_Start\000"
 2134      53746172 
 2134      7400
 2135              	.LASF49:
 2136 0442 4932435F 		.ascii	"I2C_MasterSendStop\000"
 2136      4D617374 
 2136      65725365 
 2136      6E645374 
 2136      6F7000
 2137              	.LASF57:
 2138 0455 50574D5F 		.ascii	"PWM_Power_Start\000"
 2138      506F7765 
 2138      725F5374 
 2138      61727400 
 2139              		.ident	"GCC: (GNU Tools for ARM Embedded Processors) 5.4.1 20160609 (release) [ARM/embedded-5-bran
