--------------- Build Started: 11/02/2021 13:58:42 Project: Temperature-Control, Configuration: ARM GCC 5.4-2016-q2-update Debug ---------------
The code generation step is up to date.
arm-none-eabi-gcc.exe -mcpu=cortex-m3 -mthumb -I. -IGenerated_Source\PSoC5 -Wa,-alh=.\CortexM3\ARM_GCC_541\Debug/main.lst -g -D DEBUG -Wall -ffunction-sections -ffat-lto-objects -Og -c main.c -o .\CortexM3\ARM_GCC_541\Debug\main.o
main.c: In function 'increaseTemp':
main.c:139:63: warning: implicit declaration of function 'gcvt' [-Wimplicit-function-declaration]
     UART_1_PutString(printf("TARGET TEMP CHANGED TO: %s\r\n", gcvt(setPoint,2,str)));
                                                               ^
main.c:139:29: warning: format '%s' expects argument of type 'char *', but argument 2 has type 'int' [-Wformat=]
     UART_1_PutString(printf("TARGET TEMP CHANGED TO: %s\r\n", gcvt(setPoint,2,str)));
                             ^
main.c:139:29: warning: format '%s' expects argument of type 'char *', but argument 2 has type 'int' [-Wformat=]
main.c:139:22: warning: passing argument 1 of 'UART_1_PutString' makes pointer from integer without a cast [-Wint-conversion]
     UART_1_PutString(printf("TARGET TEMP CHANGED TO: %s\r\n", gcvt(setPoint,2,str)));
                      ^
In file included from Generated_Source\PSoC5/project.h:23:0,
                 from main.c:13:
Generated_Source\PSoC5/UART_1.h:139:10: note: expected 'const char8 * {aka const char *}' but argument is of type 'int'
     void UART_1_PutString(const char8 string[]) ;
          ^
main.c: In function 'decreaseTemp':
main.c:144:29: warning: format '%s' expects argument of type 'char *', but argument 2 has type 'int' [-Wformat=]
     UART_1_PutString(printf("TARGET TEMP CHANGED TO: %s\r\n", gcvt(setPoint,2,str)));
                             ^
main.c:144:29: warning: format '%s' expects argument of type 'char *', but argument 2 has type 'int' [-Wformat=]
main.c:144:22: warning: passing argument 1 of 'UART_1_PutString' makes pointer from integer without a cast [-Wint-conversion]
     UART_1_PutString(printf("TARGET TEMP CHANGED TO: %s\r\n", gcvt(setPoint,2,str)));
                      ^
In file included from Generated_Source\PSoC5/project.h:23:0,
                 from main.c:13:
Generated_Source\PSoC5/UART_1.h:139:10: note: expected 'const char8 * {aka const char *}' but argument is of type 'int'
     void UART_1_PutString(const char8 string[]) ;
          ^
arm-none-eabi-ar.exe -rs .\CortexM3\ARM_GCC_541\Debug\Temperature-Control.a .\CortexM3\ARM_GCC_541\Debug\CyDmac.o .\CortexM3\ARM_GCC_541\Debug\CyFlash.o .\CortexM3\ARM_GCC_541\Debug\CyLib.o .\CortexM3\ARM_GCC_541\Debug\cyPm.o .\CortexM3\ARM_GCC_541\Debug\CySpc.o .\CortexM3\ARM_GCC_541\Debug\cyutils.o .\CortexM3\ARM_GCC_541\Debug\cy_em_eeprom.o .\CortexM3\ARM_GCC_541\Debug\PWM_Power.o .\CortexM3\ARM_GCC_541\Debug\PWM_Power_PM.o .\CortexM3\ARM_GCC_541\Debug\UART_1.o .\CortexM3\ARM_GCC_541\Debug\UART_1_PM.o .\CortexM3\ARM_GCC_541\Debug\UART_1_INT.o .\CortexM3\ARM_GCC_541\Debug\UART_1_BOOT.o .\CortexM3\ARM_GCC_541\Debug\Clock_PWM.o .\CortexM3\ARM_GCC_541\Debug\isr_uart_rx.o .\CortexM3\ARM_GCC_541\Debug\UART_1_IntClock.o .\CortexM3\ARM_GCC_541\Debug\Clock_1.o .\CortexM3\ARM_GCC_541\Debug\Pin_PWM.o .\CortexM3\ARM_GCC_541\Debug\I2C.o .\CortexM3\ARM_GCC_541\Debug\I2C_PM.o .\CortexM3\ARM_GCC_541\Debug\I2C_INT.o .\CortexM3\ARM_GCC_541\Debug\I2C_BOOT.o .\CortexM3\ARM_GCC_541\Debug\I2C_SLAVE.o .\CortexM3\ARM_GCC_541\Debug\I2C_MASTER.o .\CortexM3\ARM_GCC_541\Debug\SCL.o .\CortexM3\ARM_GCC_541\Debug\SDA.o .\CortexM3\ARM_GCC_541\Debug\CyBootAsmGnu.o
arm-none-eabi-ar.exe: creating .\CortexM3\ARM_GCC_541\Debug\Temperature-Control.a
arm-none-eabi-gcc.exe -Wl,--start-group -o C:\Users\Malth\Downloads\TemperatureControlHandout\Temperature-Control.cydsn\CortexM3\ARM_GCC_541\Debug\Temperature-Control.elf .\CortexM3\ARM_GCC_541\Debug\main.o .\CortexM3\ARM_GCC_541\Debug\PIDControl.o .\CortexM3\ARM_GCC_541\Debug\cyfitter_cfg.o .\CortexM3\ARM_GCC_541\Debug\cymetadata.o .\CortexM3\ARM_GCC_541\Debug\Cm3Start.o .\CortexM3\ARM_GCC_541\Debug\Temperature-Control.a "C:\Program Files (x86)\Cypress\PSoC Creator\4.2\PSoC Creator\psoc\content\cycomponentlibrary\CyComponentLibrary.cylib\CortexM3\ARM_GCC_541\Debug\CyComponentLibrary.a" -mcpu=cortex-m3 -mthumb -L Generated_Source\PSoC5 -Wl,-Map,.\CortexM3\ARM_GCC_541\Debug/Temperature-Control.map -T Generated_Source\PSoC5\cm3gcc.ld -specs=nano.specs -u _printf_float -Wl,--gc-sections -g -ffunction-sections -Og -ffat-lto-objects -Wl,--end-group
cyelftool.exe -C C:\Users\Malth\Downloads\TemperatureControlHandout\Temperature-Control.cydsn\CortexM3\ARM_GCC_541\Debug\Temperature-Control.elf --flash_row_size 256 --flash_size 262144 --flash_offset 0x00000000
No ELF section .cychecksum found, creating one
Application checksum calculated and stored in ELF section .cychecksum
Checksum calculated and stored in ELF section .cymeta
cyelftool.exe -S C:\Users\Malth\Downloads\TemperatureControlHandout\Temperature-Control.cydsn\CortexM3\ARM_GCC_541\Debug\Temperature-Control.elf
Flash used: 20492 of 262144 bytes (7.8%).
SRAM used: 3425 of 65536 bytes (5.2%). Stack: 2048 bytes. Heap: 512 bytes.
--------------- Build Succeeded: 11/02/2021 13:58:42 ---------------
