--------------- Rebuild Started: 11/02/2021 13:15:50 Project: Temperature-Control, Configuration: ARM GCC 5.4-2016-q2-update Debug ---------------
Deleting file ".\CortexM3\ARM_GCC_541\Debug\main.o"
Deleting file ".\CortexM3\ARM_GCC_541\Debug\PIDControl.o"
Deleting file ".\CortexM3\ARM_GCC_541\Debug\cyfitter_cfg.o"
Deleting file ".\CortexM3\ARM_GCC_541\Debug\cymetadata.o"
Deleting file ".\CortexM3\ARM_GCC_541\Debug\Cm3Start.o"
Deleting file ".\CortexM3\ARM_GCC_541\Debug\CyBootAsmGnu.o"
Deleting file ".\CortexM3\ARM_GCC_541\Debug\CyDmac.o"
Deleting file ".\CortexM3\ARM_GCC_541\Debug\CyFlash.o"
Deleting file ".\CortexM3\ARM_GCC_541\Debug\CyLib.o"
Deleting file ".\CortexM3\ARM_GCC_541\Debug\cyPm.o"
Deleting file ".\CortexM3\ARM_GCC_541\Debug\CySpc.o"
Deleting file ".\CortexM3\ARM_GCC_541\Debug\cyutils.o"
Deleting file ".\CortexM3\ARM_GCC_541\Debug\cy_em_eeprom.o"
Deleting file ".\CortexM3\ARM_GCC_541\Debug\PWM_Power.o"
Deleting file ".\CortexM3\ARM_GCC_541\Debug\PWM_Power_PM.o"
Deleting file ".\CortexM3\ARM_GCC_541\Debug\UART_1.o"
Deleting file ".\CortexM3\ARM_GCC_541\Debug\UART_1_PM.o"
Deleting file ".\CortexM3\ARM_GCC_541\Debug\UART_1_INT.o"
Deleting file ".\CortexM3\ARM_GCC_541\Debug\UART_1_BOOT.o"
Deleting file ".\CortexM3\ARM_GCC_541\Debug\Clock_PWM.o"
Deleting file ".\CortexM3\ARM_GCC_541\Debug\isr_uart_rx.o"
Deleting file ".\CortexM3\ARM_GCC_541\Debug\UART_1_IntClock.o"
Deleting file ".\CortexM3\ARM_GCC_541\Debug\Clock_1.o"
Deleting file ".\CortexM3\ARM_GCC_541\Debug\Pin_PWM.o"
Deleting file ".\CortexM3\ARM_GCC_541\Debug\I2C.o"
Deleting file ".\CortexM3\ARM_GCC_541\Debug\I2C_PM.o"
Deleting file ".\CortexM3\ARM_GCC_541\Debug\I2C_INT.o"
Deleting file ".\CortexM3\ARM_GCC_541\Debug\I2C_BOOT.o"
Deleting file ".\CortexM3\ARM_GCC_541\Debug\I2C_SLAVE.o"
Deleting file ".\CortexM3\ARM_GCC_541\Debug\I2C_MASTER.o"
Deleting file ".\CortexM3\ARM_GCC_541\Debug\SCL.o"
Deleting file ".\CortexM3\ARM_GCC_541\Debug\SDA.o"
Deleting file ".\CortexM3\ARM_GCC_541\Debug\Temperature-Control.hex"
Deleting file ".\CortexM3\ARM_GCC_541\Debug\Temperature-Control.elf"
Deleting file ".\CortexM3\ARM_GCC_541\Debug\Temperature-Control.map"
Deleting file ".\Temperature-Control.cycdx"
Deleting file ".\Temperature-Control.svd"
Deleting file ".\Temperature-Control.rpt"
Deleting file ".\Temperature-Control_timing.html"
Deleting file ".\CortexM3\ARM_GCC_541\Debug\.deps\SOURCE_C__ARM_GCC_GENERIC.P"
Deleting file ".\CortexM3\ARM_GCC_541\Debug\.deps\SOURCE_ASM__ARM_GCC_GENERIC.P"
cydsfit.exe -.appdatapath "C:\Users\Malth\AppData\Local\Cypress Semiconductor\PSoC Creator\4.2" -.fdsnotice -.fdswarpdepfile=warp_dependencies.txt -.fdselabdepfile=elab_dependencies.txt -.fdsbldfile=generated_files.txt -.fdsreffile=referenced_files.txt -p C:\Users\Malth\Downloads\TemperatureControlHandout\Temperature-Control.cydsn\Temperature-Control.cyprj -d CY8C5888LTI-LP097 -s C:\Users\Malth\Downloads\TemperatureControlHandout\Temperature-Control.cydsn\Generated_Source\PSoC5 -- -yv2 -q10 -ygs -o2 -v3 -.fftcfgtype=LE
Elaborating Design...
HDL Generation...
Synthesis...
Tech Mapping...
Analog Placement...
Analog Routing...
Analog Code Generation...
Digital Placement...
Digital Routing...
Bitstream Generation...
Bitstream Verification...
Static timing analysis...
API Generation...
Dependency Generation...
Cleanup...
arm-none-eabi-gcc.exe -mcpu=cortex-m3 -mthumb -I. -IGenerated_Source\PSoC5 -Wa,-alh=.\CortexM3\ARM_GCC_541\Debug/main.lst -g -D DEBUG -Wall -ffunction-sections -ffat-lto-objects -Og -c main.c -o .\CortexM3\ARM_GCC_541\Debug\main.o
main.c: In function 'increaseTemp':
main.c:139:63: warning: implicit declaration of function 'gcvt' [-Wimplicit-function-declaration]
     UART_1_PutString(printf("TARGET TEMP CHANGED TO: %s\r\n", gcvt(setPoint,2,str)));
                                                               ^
main.c:139:29: warning: format '%s' expects argument of type 'char *', but argument 2 has type 'int' [-Wformat=]
     UART_1_PutString(printf("TARGET TEMP CHANGED TO: %s\r\n", gcvt(setPoint,2,str)));
                             ^
main.c:139:29: warning: format '%s' expects argument of type 'char *', but argument 2 has type 'int' [-Wformat=]
main.c:139:22: warning: passing argument 1 of 'UART_1_PutString' makes pointer from integer without a cast [-Wint-conversion]
     UART_1_PutString(printf("TARGET TEMP CHANGED TO: %s\r\n", gcvt(setPoint,2,str)));
                      ^
In file included from Generated_Source\PSoC5/project.h:23:0,
                 from main.c:13:
Generated_Source\PSoC5/UART_1.h:139:10: note: expected 'const char8 * {aka const char *}' but argument is of type 'int'
     void UART_1_PutString(const char8 string[]) ;
          ^
main.c: In function 'decreaseTemp':
main.c:143:29: warning: format '%s' expects argument of type 'char *', but argument 2 has type 'int' [-Wformat=]
     UART_1_PutString(printf("TARGET TEMP CHANGED TO: %s\r\n", gcvt(setPoint,2,str)));
                             ^
main.c:143:29: warning: format '%s' expects argument of type 'char *', but argument 2 has type 'int' [-Wformat=]
main.c:143:22: warning: passing argument 1 of 'UART_1_PutString' makes pointer from integer without a cast [-Wint-conversion]
     UART_1_PutString(printf("TARGET TEMP CHANGED TO: %s\r\n", gcvt(setPoint,2,str)));
                      ^
In file included from Generated_Source\PSoC5/project.h:23:0,
                 from main.c:13:
Generated_Source\PSoC5/UART_1.h:139:10: note: expected 'const char8 * {aka const char *}' but argument is of type 'int'
     void UART_1_PutString(const char8 string[]) ;
          ^
arm-none-eabi-gcc.exe -mcpu=cortex-m3 -mthumb -I. -IGenerated_Source\PSoC5 -Wa,-alh=.\CortexM3\ARM_GCC_541\Debug/PIDControl.lst -g -D DEBUG -Wall -ffunction-sections -ffat-lto-objects -Og -c PIDControl.c -o .\CortexM3\ARM_GCC_541\Debug\PIDControl.o
arm-none-eabi-gcc.exe -mcpu=cortex-m3 -mthumb -I. -IGenerated_Source\PSoC5 -Wa,-alh=.\CortexM3\ARM_GCC_541\Debug/cyfitter_cfg.lst -g -D DEBUG -Wall -ffunction-sections -ffat-lto-objects -Og -c Generated_Source\PSoC5\cyfitter_cfg.c -o .\CortexM3\ARM_GCC_541\Debug\cyfitter_cfg.o
arm-none-eabi-gcc.exe -mcpu=cortex-m3 -mthumb -I. -IGenerated_Source\PSoC5 -Wa,-alh=.\CortexM3\ARM_GCC_541\Debug/cymetadata.lst -g -D DEBUG -Wall -ffunction-sections -ffat-lto-objects -Og -c Generated_Source\PSoC5\cymetadata.c -o .\CortexM3\ARM_GCC_541\Debug\cymetadata.o
arm-none-eabi-gcc.exe -mcpu=cortex-m3 -mthumb -I. -IGenerated_Source\PSoC5 -Wa,-alh=.\CortexM3\ARM_GCC_541\Debug/Cm3Start.lst -g -D DEBUG -Wall -ffunction-sections -ffat-lto-objects -Og -c Generated_Source\PSoC5\Cm3Start.c -o .\CortexM3\ARM_GCC_541\Debug\Cm3Start.o
arm-none-eabi-gcc.exe -mcpu=cortex-m3 -mthumb -I. -IGenerated_Source\PSoC5 -Wa,-alh=.\CortexM3\ARM_GCC_541\Debug/CyDmac.lst -g -D DEBUG -Wall -ffunction-sections -ffat-lto-objects -Og -c Generated_Source\PSoC5\CyDmac.c -o .\CortexM3\ARM_GCC_541\Debug\CyDmac.o
arm-none-eabi-gcc.exe -mcpu=cortex-m3 -mthumb -I. -IGenerated_Source\PSoC5 -Wa,-alh=.\CortexM3\ARM_GCC_541\Debug/CyFlash.lst -g -D DEBUG -Wall -ffunction-sections -ffat-lto-objects -Og -c Generated_Source\PSoC5\CyFlash.c -o .\CortexM3\ARM_GCC_541\Debug\CyFlash.o
arm-none-eabi-gcc.exe -mcpu=cortex-m3 -mthumb -I. -IGenerated_Source\PSoC5 -Wa,-alh=.\CortexM3\ARM_GCC_541\Debug/CyLib.lst -g -D DEBUG -Wall -ffunction-sections -ffat-lto-objects -Og -c Generated_Source\PSoC5\CyLib.c -o .\CortexM3\ARM_GCC_541\Debug\CyLib.o
arm-none-eabi-gcc.exe -mcpu=cortex-m3 -mthumb -I. -IGenerated_Source\PSoC5 -Wa,-alh=.\CortexM3\ARM_GCC_541\Debug/cyPm.lst -g -D DEBUG -Wall -ffunction-sections -ffat-lto-objects -Og -c Generated_Source\PSoC5\cyPm.c -o .\CortexM3\ARM_GCC_541\Debug\cyPm.o
arm-none-eabi-gcc.exe -mcpu=cortex-m3 -mthumb -I. -IGenerated_Source\PSoC5 -Wa,-alh=.\CortexM3\ARM_GCC_541\Debug/CySpc.lst -g -D DEBUG -Wall -ffunction-sections -ffat-lto-objects -Og -c Generated_Source\PSoC5\CySpc.c -o .\CortexM3\ARM_GCC_541\Debug\CySpc.o
arm-none-eabi-gcc.exe -mcpu=cortex-m3 -mthumb -I. -IGenerated_Source\PSoC5 -Wa,-alh=.\CortexM3\ARM_GCC_541\Debug/cyutils.lst -g -D DEBUG -Wall -ffunction-sections -ffat-lto-objects -Og -c Generated_Source\PSoC5\cyutils.c -o .\CortexM3\ARM_GCC_541\Debug\cyutils.o
arm-none-eabi-gcc.exe -mcpu=cortex-m3 -mthumb -I. -IGenerated_Source\PSoC5 -Wa,-alh=.\CortexM3\ARM_GCC_541\Debug/cy_em_eeprom.lst -g -D DEBUG -Wall -ffunction-sections -ffat-lto-objects -Og -c Generated_Source\PSoC5\cy_em_eeprom.c -o .\CortexM3\ARM_GCC_541\Debug\cy_em_eeprom.o
arm-none-eabi-gcc.exe -mcpu=cortex-m3 -mthumb -I. -IGenerated_Source\PSoC5 -Wa,-alh=.\CortexM3\ARM_GCC_541\Debug/PWM_Power.lst -g -D DEBUG -Wall -ffunction-sections -ffat-lto-objects -Og -c Generated_Source\PSoC5\PWM_Power.c -o .\CortexM3\ARM_GCC_541\Debug\PWM_Power.o
arm-none-eabi-gcc.exe -mcpu=cortex-m3 -mthumb -I. -IGenerated_Source\PSoC5 -Wa,-alh=.\CortexM3\ARM_GCC_541\Debug/PWM_Power_PM.lst -g -D DEBUG -Wall -ffunction-sections -ffat-lto-objects -Og -c Generated_Source\PSoC5\PWM_Power_PM.c -o .\CortexM3\ARM_GCC_541\Debug\PWM_Power_PM.o
arm-none-eabi-gcc.exe -mcpu=cortex-m3 -mthumb -I. -IGenerated_Source\PSoC5 -Wa,-alh=.\CortexM3\ARM_GCC_541\Debug/UART_1.lst -g -D DEBUG -Wall -ffunction-sections -ffat-lto-objects -Og -c Generated_Source\PSoC5\UART_1.c -o .\CortexM3\ARM_GCC_541\Debug\UART_1.o
arm-none-eabi-gcc.exe -mcpu=cortex-m3 -mthumb -I. -IGenerated_Source\PSoC5 -Wa,-alh=.\CortexM3\ARM_GCC_541\Debug/UART_1_PM.lst -g -D DEBUG -Wall -ffunction-sections -ffat-lto-objects -Og -c Generated_Source\PSoC5\UART_1_PM.c -o .\CortexM3\ARM_GCC_541\Debug\UART_1_PM.o
arm-none-eabi-gcc.exe -mcpu=cortex-m3 -mthumb -I. -IGenerated_Source\PSoC5 -Wa,-alh=.\CortexM3\ARM_GCC_541\Debug/UART_1_INT.lst -g -D DEBUG -Wall -ffunction-sections -ffat-lto-objects -Og -c Generated_Source\PSoC5\UART_1_INT.c -o .\CortexM3\ARM_GCC_541\Debug\UART_1_INT.o
arm-none-eabi-gcc.exe -mcpu=cortex-m3 -mthumb -I. -IGenerated_Source\PSoC5 -Wa,-alh=.\CortexM3\ARM_GCC_541\Debug/UART_1_BOOT.lst -g -D DEBUG -Wall -ffunction-sections -ffat-lto-objects -Og -c Generated_Source\PSoC5\UART_1_BOOT.c -o .\CortexM3\ARM_GCC_541\Debug\UART_1_BOOT.o
arm-none-eabi-gcc.exe -mcpu=cortex-m3 -mthumb -I. -IGenerated_Source\PSoC5 -Wa,-alh=.\CortexM3\ARM_GCC_541\Debug/Clock_PWM.lst -g -D DEBUG -Wall -ffunction-sections -ffat-lto-objects -Og -c Generated_Source\PSoC5\Clock_PWM.c -o .\CortexM3\ARM_GCC_541\Debug\Clock_PWM.o
arm-none-eabi-gcc.exe -mcpu=cortex-m3 -mthumb -I. -IGenerated_Source\PSoC5 -Wa,-alh=.\CortexM3\ARM_GCC_541\Debug/isr_uart_rx.lst -g -D DEBUG -Wall -ffunction-sections -ffat-lto-objects -Og -c Generated_Source\PSoC5\isr_uart_rx.c -o .\CortexM3\ARM_GCC_541\Debug\isr_uart_rx.o
arm-none-eabi-gcc.exe -mcpu=cortex-m3 -mthumb -I. -IGenerated_Source\PSoC5 -Wa,-alh=.\CortexM3\ARM_GCC_541\Debug/UART_1_IntClock.lst -g -D DEBUG -Wall -ffunction-sections -ffat-lto-objects -Og -c Generated_Source\PSoC5\UART_1_IntClock.c -o .\CortexM3\ARM_GCC_541\Debug\UART_1_IntClock.o
arm-none-eabi-gcc.exe -mcpu=cortex-m3 -mthumb -I. -IGenerated_Source\PSoC5 -Wa,-alh=.\CortexM3\ARM_GCC_541\Debug/Clock_1.lst -g -D DEBUG -Wall -ffunction-sections -ffat-lto-objects -Og -c Generated_Source\PSoC5\Clock_1.c -o .\CortexM3\ARM_GCC_541\Debug\Clock_1.o
arm-none-eabi-gcc.exe -mcpu=cortex-m3 -mthumb -I. -IGenerated_Source\PSoC5 -Wa,-alh=.\CortexM3\ARM_GCC_541\Debug/Pin_PWM.lst -g -D DEBUG -Wall -ffunction-sections -ffat-lto-objects -Og -c Generated_Source\PSoC5\Pin_PWM.c -o .\CortexM3\ARM_GCC_541\Debug\Pin_PWM.o
arm-none-eabi-gcc.exe -mcpu=cortex-m3 -mthumb -I. -IGenerated_Source\PSoC5 -Wa,-alh=.\CortexM3\ARM_GCC_541\Debug/I2C.lst -g -D DEBUG -Wall -ffunction-sections -ffat-lto-objects -Og -c Generated_Source\PSoC5\I2C.c -o .\CortexM3\ARM_GCC_541\Debug\I2C.o
arm-none-eabi-gcc.exe -mcpu=cortex-m3 -mthumb -I. -IGenerated_Source\PSoC5 -Wa,-alh=.\CortexM3\ARM_GCC_541\Debug/I2C_PM.lst -g -D DEBUG -Wall -ffunction-sections -ffat-lto-objects -Og -c Generated_Source\PSoC5\I2C_PM.c -o .\CortexM3\ARM_GCC_541\Debug\I2C_PM.o
arm-none-eabi-gcc.exe -mcpu=cortex-m3 -mthumb -I. -IGenerated_Source\PSoC5 -Wa,-alh=.\CortexM3\ARM_GCC_541\Debug/I2C_INT.lst -g -D DEBUG -Wall -ffunction-sections -ffat-lto-objects -Og -c Generated_Source\PSoC5\I2C_INT.c -o .\CortexM3\ARM_GCC_541\Debug\I2C_INT.o
arm-none-eabi-gcc.exe -mcpu=cortex-m3 -mthumb -I. -IGenerated_Source\PSoC5 -Wa,-alh=.\CortexM3\ARM_GCC_541\Debug/I2C_BOOT.lst -g -D DEBUG -Wall -ffunction-sections -ffat-lto-objects -Og -c Generated_Source\PSoC5\I2C_BOOT.c -o .\CortexM3\ARM_GCC_541\Debug\I2C_BOOT.o
arm-none-eabi-gcc.exe -mcpu=cortex-m3 -mthumb -I. -IGenerated_Source\PSoC5 -Wa,-alh=.\CortexM3\ARM_GCC_541\Debug/I2C_SLAVE.lst -g -D DEBUG -Wall -ffunction-sections -ffat-lto-objects -Og -c Generated_Source\PSoC5\I2C_SLAVE.c -o .\CortexM3\ARM_GCC_541\Debug\I2C_SLAVE.o
arm-none-eabi-gcc.exe -mcpu=cortex-m3 -mthumb -I. -IGenerated_Source\PSoC5 -Wa,-alh=.\CortexM3\ARM_GCC_541\Debug/I2C_MASTER.lst -g -D DEBUG -Wall -ffunction-sections -ffat-lto-objects -Og -c Generated_Source\PSoC5\I2C_MASTER.c -o .\CortexM3\ARM_GCC_541\Debug\I2C_MASTER.o
arm-none-eabi-gcc.exe -mcpu=cortex-m3 -mthumb -I. -IGenerated_Source\PSoC5 -Wa,-alh=.\CortexM3\ARM_GCC_541\Debug/SCL.lst -g -D DEBUG -Wall -ffunction-sections -ffat-lto-objects -Og -c Generated_Source\PSoC5\SCL.c -o .\CortexM3\ARM_GCC_541\Debug\SCL.o
arm-none-eabi-gcc.exe -mcpu=cortex-m3 -mthumb -I. -IGenerated_Source\PSoC5 -Wa,-alh=.\CortexM3\ARM_GCC_541\Debug/SDA.lst -g -D DEBUG -Wall -ffunction-sections -ffat-lto-objects -Og -c Generated_Source\PSoC5\SDA.c -o .\CortexM3\ARM_GCC_541\Debug\SDA.o
arm-none-eabi-as.exe -mcpu=cortex-m3 -mthumb -I. -IGenerated_Source\PSoC5 -alh=.\CortexM3\ARM_GCC_541\Debug/CyBootAsmGnu.lst -g -W -o .\CortexM3\ARM_GCC_541\Debug\CyBootAsmGnu.o Generated_Source\PSoC5\CyBootAsmGnu.s
arm-none-eabi-ar.exe -rs .\CortexM3\ARM_GCC_541\Debug\Temperature-Control.a .\CortexM3\ARM_GCC_541\Debug\CyDmac.o .\CortexM3\ARM_GCC_541\Debug\CyFlash.o .\CortexM3\ARM_GCC_541\Debug\CyLib.o .\CortexM3\ARM_GCC_541\Debug\cyPm.o .\CortexM3\ARM_GCC_541\Debug\CySpc.o .\CortexM3\ARM_GCC_541\Debug\cyutils.o .\CortexM3\ARM_GCC_541\Debug\cy_em_eeprom.o .\CortexM3\ARM_GCC_541\Debug\PWM_Power.o .\CortexM3\ARM_GCC_541\Debug\PWM_Power_PM.o .\CortexM3\ARM_GCC_541\Debug\UART_1.o .\CortexM3\ARM_GCC_541\Debug\UART_1_PM.o .\CortexM3\ARM_GCC_541\Debug\UART_1_INT.o .\CortexM3\ARM_GCC_541\Debug\UART_1_BOOT.o .\CortexM3\ARM_GCC_541\Debug\Clock_PWM.o .\CortexM3\ARM_GCC_541\Debug\isr_uart_rx.o .\CortexM3\ARM_GCC_541\Debug\UART_1_IntClock.o .\CortexM3\ARM_GCC_541\Debug\Clock_1.o .\CortexM3\ARM_GCC_541\Debug\Pin_PWM.o .\CortexM3\ARM_GCC_541\Debug\I2C.o .\CortexM3\ARM_GCC_541\Debug\I2C_PM.o .\CortexM3\ARM_GCC_541\Debug\I2C_INT.o .\CortexM3\ARM_GCC_541\Debug\I2C_BOOT.o .\CortexM3\ARM_GCC_541\Debug\I2C_SLAVE.o .\CortexM3\ARM_GCC_541\Debug\I2C_MASTER.o .\CortexM3\ARM_GCC_541\Debug\SCL.o .\CortexM3\ARM_GCC_541\Debug\SDA.o .\CortexM3\ARM_GCC_541\Debug\CyBootAsmGnu.o
arm-none-eabi-ar.exe: creating .\CortexM3\ARM_GCC_541\Debug\Temperature-Control.a
arm-none-eabi-gcc.exe -Wl,--start-group -o C:\Users\Malth\Downloads\TemperatureControlHandout\Temperature-Control.cydsn\CortexM3\ARM_GCC_541\Debug\Temperature-Control.elf .\CortexM3\ARM_GCC_541\Debug\main.o .\CortexM3\ARM_GCC_541\Debug\PIDControl.o .\CortexM3\ARM_GCC_541\Debug\cyfitter_cfg.o .\CortexM3\ARM_GCC_541\Debug\cymetadata.o .\CortexM3\ARM_GCC_541\Debug\Cm3Start.o .\CortexM3\ARM_GCC_541\Debug\Temperature-Control.a "C:\Program Files (x86)\Cypress\PSoC Creator\4.2\PSoC Creator\psoc\content\cycomponentlibrary\CyComponentLibrary.cylib\CortexM3\ARM_GCC_541\Debug\CyComponentLibrary.a" -mcpu=cortex-m3 -mthumb -L Generated_Source\PSoC5 -Wl,-Map,.\CortexM3\ARM_GCC_541\Debug/Temperature-Control.map -T Generated_Source\PSoC5\cm3gcc.ld -specs=nano.specs -u _printf_float -Wl,--gc-sections -g -ffunction-sections -Og -ffat-lto-objects -Wl,--end-group
cyelftool.exe -C C:\Users\Malth\Downloads\TemperatureControlHandout\Temperature-Control.cydsn\CortexM3\ARM_GCC_541\Debug\Temperature-Control.elf --flash_row_size 256 --flash_size 262144 --flash_offset 0x00000000
No ELF section .cychecksum found, creating one
Application checksum calculated and stored in ELF section .cychecksum
Checksum calculated and stored in ELF section .cymeta
cyelftool.exe -S C:\Users\Malth\Downloads\TemperatureControlHandout\Temperature-Control.cydsn\CortexM3\ARM_GCC_541\Debug\Temperature-Control.elf
Flash used: 20508 of 262144 bytes (7.8%).
SRAM used: 3433 of 65536 bytes (5.2%). Stack: 2048 bytes. Heap: 512 bytes.
--------------- Rebuild Succeeded: 11/02/2021 13:16:09 ---------------
